Reinitialized existing Git repository in /home/turbo/klipper-backup/.git/
WARNING: git-filter-branch has a glut of gotchas generating mangled history
	 rewrites.  Hit Ctrl-C before proceeding to abort, then use an
	 alternative filtering tool such as 'git filter-repo'
	 (https://github.com/newren/git-filter-repo/) instead.  See the
	 filter-branch manual page for more details; to squelch this warning,
	 set FILTER_BRANCH_SQUELCH_WARNING=1.
Proceeding with filter-branch...

[master f81b1e1] New backup from 09-12-23
 12 files changed, 4510 insertions(+), 2 deletions(-)
 create mode 100644 script.log
Reinitialized existing Git repository in /home/turbo/klipper-backup/.git/
WARNING: git-filter-branch has a glut of gotchas generating mangled history
	 rewrites.  Hit Ctrl-C before proceeding to abort, then use an
	 alternative filtering tool such as 'git filter-repo'
	 (https://github.com/newren/git-filter-repo/) instead.  See the
	 filter-branch manual page for more details; to squelch this warning,
	 set FILTER_BRANCH_SQUELCH_WARNING=1.
Proceeding with filter-branch...

[master cb095c0] crontab -  - Kopia zapasowa z dnia: 09-12-23
 3 files changed, 475 insertions(+)
Reinitialized existing Git repository in /home/turbo/klipper-backup/.git/
WARNING: git-filter-branch has a glut of gotchas generating mangled history
	 rewrites.  Hit Ctrl-C before proceeding to abort, then use an
	 alternative filtering tool such as 'git filter-repo'
	 (https://github.com/newren/git-filter-repo/) instead.  See the
	 filter-branch manual page for more details; to squelch this warning,
	 set FILTER_BRANCH_SQUELCH_WARNING=1.
Proceeding with filter-branch...

