=============== Log rollover at Wed Mar 13 12:06:02 2024 ===============
Starting Klippy...
Args: ['/home/turbo/klipper/klippy/klippy.py', '/home/turbo/printer_data/config/printer.cfg', '-I', '/home/turbo/printer_data/comms/klippy.serial', '-l', '/home/turbo/printer_data/logs/klippy.log', '-a', '/home/turbo/printer_data/comms/klippy.sock']
Git version: 'v0.12.0-25-g99d7af87'
Branch: master
Remote: origin
Tracked URL: https://github.com/Klipper3d/klipper
CPU: 2 core Intel(R) Core(TM)2 Duo CPU     E8400  @ 3.00GHz
Python: '3.10.12 (main, Nov 20 2023, 15:14:05) [GCC 11.4.0]'
Start printer at Wed Mar 13 12:06:04 2024 (1710327964.5 20.6)
===== Config file =====
[respond]

[gcode_macro _OBICO_LAYER_CHANGE]
description = Run a scan across the current print area
variable_current_layer = -1
variable_first_layer_scan_enabled = True
variable_first_layer_scan_stepover = 10
variable_first_layer_scan_feedrate = 600
variable_first_layer_scan_zhop = 4
variable_first_layer_scan_retract = 6.5
variable_first_layer_scanning = False
gcode = 
	SET_GCODE_VARIABLE MACRO=_OBICO_LAYER_CHANGE VARIABLE=current_layer VALUE={params.CURRENT_LAYER|int}
	{% if first_layer_scan_enabled and params.CURRENT_LAYER|int == 2 %}
	SAVE_GCODE_STATE NAME=current_print_state
	{% set current_x = printer.toolhead.position.x %}
	{% set current_y = printer.toolhead.position.y %}
	
	{% if first_layer_scan_retract > 0 and printer[printer.toolhead.extruder].can_extrude %}
	M83
	G0 E-{first_layer_scan_retract} F900
	{% endif %}
	
	SET_GCODE_VARIABLE MACRO=_OBICO_LAYER_CHANGE VARIABLE=first_layer_scanning VALUE=True
	G91
	G0 Z{first_layer_scan_zhop} F1000
	G90
	{% if 'MINX' in params and 'MAXX' in params and 'MINY' in params and 'MAXY' in params %}
	{% set stepoverCount = ((params.MAXY|float - params.MINY|float) / first_layer_scan_stepover) | round(method='ceil') | int %}
	G0 X{params.MINX} Y{params.MINY} F{first_layer_scan_feedrate}
	{% for ystep in range(stepoverCount) %}
	G0 Y{params.MINY|float + first_layer_scan_stepover * ystep}
	{% if ystep % 2 == 0 %}
	G0 X{params.MAXX} F{first_layer_scan_feedrate}
	{% else %}
	G0 X{params.MINX} F{first_layer_scan_feedrate}
	{% endif %}
	{% endfor %}
	{% endif %}
	
	G0 X{current_x} Y{current_y} F{first_layer_scan_feedrate}
	G91
	G0 Z-{first_layer_scan_zhop} F1000
	
	{% if first_layer_scan_retract > 0 and printer[printer.toolhead.extruder].can_extrude %}
	G0 E{first_layer_scan_retract} F900
	{% endif %}
	
	RESTORE_GCODE_STATE NAME=current_print_state
	SET_GCODE_VARIABLE MACRO=_OBICO_LAYER_CHANGE VARIABLE=first_layer_scanning VALUE=False
	{% endif %}

[bltouch]
sensor_pin = ^PB1
control_pin = PB0
pin_up_reports_not_triggered = True
pin_up_touch_mode_reports_triggered = True
x_offset = -42.5
y_offset = -9.0
z_offset = 3.125

[bed_mesh]
speed = 80
horizontal_move_z = 5
mesh_min = 9.5, 15
mesh_max = 202.5, 220
probe_count = 5,5
mesh_pps = 2,2
fade_start = 1
fade_end = 10
fade_target = 0

[bed_screws]
screw1 = 71, 38
screw2 = 240, 38
screw3 = 240, 207
screw4 = 71, 207

[screws_tilt_adjust]
screw1 = 71, 38
screw1_name = front left screw
screw2 = 240, 38
screw2_name = front right screw
screw3 = 240, 207
screw3_name = rear right screw
screw4 = 71, 207
screw4_name = rear left screw
horizontal_move_z = 10
speed = 50
screw_thread = CW-M3

[safe_z_home]
home_xy_position = 125,125
speed = 50
z_hop = 10
z_hop_speed = 5

[stepper_x]
step_pin = PC2
dir_pin = PB9
enable_pin = !PC3
microsteps = 16
rotation_distance = 40
endstop_pin = ^PA5
position_endstop = 1
position_max = 245
homing_speed = 70

[stepper_y]
step_pin = PB8
dir_pin = PB7
enable_pin = !PC3
microsteps = 16
rotation_distance = 40
endstop_pin = ^PA6
position_endstop = -6
position_max = 234
position_min = -6
homing_speed = 50

[stepper_z]
step_pin = PB6
dir_pin = !PB5
enable_pin = !PC3
microsteps = 16
rotation_distance = 8
endstop_pin = probe:z_virtual_endstop
position_max = 250
position_min = -6

[extruder]
max_extrude_only_distance = 100.0
step_pin = PB4
dir_pin = PB3
enable_pin = !PC3
microsteps = 16
rotation_distance = 32.549
nozzle_diameter = 0.400
filament_diameter = 1.750
heater_pin = PA1
sensor_type = EPCOS 100K B57560G104F
sensor_pin = PC5
min_temp = 0
max_temp = 250
control = pid
pid_kp = 28.522
pid_ki = 1.794
pid_kd = 113.375

[heater_bed]
heater_pin = PA2
sensor_type = EPCOS 100K B57560G104F
sensor_pin = PC4
min_temp = 0
max_temp = 100
control = pid
pid_kp = 72.241
pid_ki = 1.178
pid_kd = 1107.999

[fan]
pin = PA0

[mcu]
serial = /dev/serial/by-id/usb-1a86_USB_Serial-if00-port0
restart_method = command

[printer]
kinematics = cartesian
max_velocity = 300
max_accel = 4000
max_z_velocity = 5
max_z_accel = 100

[virtual_sdcard]
path = /home/turbo/printer_data/gcodes

[display]
lcd_type = st7920
cs_pin = PB12
sclk_pin = PB13
sid_pin = PB15
encoder_pins = ^PB14, ^PB10
click_pin = ^!PB2

[pause_resume]

[gcode_macro PAUSE]
description = Pause the actual running print
rename_existing = PAUSE_BASE
variable_extrude = 1.0
gcode = 
	
	{% set E = printer["gcode_macro PAUSE"].extrude|float %}
	
	
	{% set x_park = printer.toolhead.axis_maximum.x|float - 5.0 %}
	{% set y_park = printer.toolhead.axis_maximum.y|float - 5.0 %}
	
	{% set max_z = printer.toolhead.axis_maximum.z|float %}
	{% set act_z = printer.toolhead.position.z|float %}
	{% if act_z < (max_z - 2.0) %}
	{% set z_safe = 2.0 %}
	{% else %}
	{% set z_safe = max_z - act_z %}
	{% endif %}
	
	PAUSE_BASE
	G91
	{% if printer.extruder.can_extrude|lower == 'true' %}
	G1 E-{E} F2100
	{% else %}
	{action_respond_info("Extruder not hot enough")}
	{% endif %}
	{% if "xyz" in printer.toolhead.homed_axes %}
	G1 Z{z_safe} F900
	G90
	G1 X{x_park} Y{y_park} F6000
	{% else %}
	{action_respond_info("Printer not homed")}
	{% endif %}

[gcode_macro RESUME]
description = Resume the actual running print
rename_existing = RESUME_BASE
gcode = 
	
	{% set E = printer["gcode_macro PAUSE"].extrude|float %}
	
	{% if 'VELOCITY' in params|upper %}
	{% set get_params = ('VELOCITY=' + params.VELOCITY)  %}
	{%else %}
	{% set get_params = "" %}
	{% endif %}
	
	{% if printer.extruder.can_extrude|lower == 'true' %}
	G91
	G1 E{E} F2100
	{% else %}
	{action_respond_info("Extruder not hot enough")}
	{% endif %}
	RESUME_BASE {get_params}

[gcode_macro GET_TIMELAPSE_SETUP]
description = Print the Timelapse setup
gcode = 
	{% set tl = printer['gcode_macro TIMELAPSE_TAKE_FRAME'] %}
	{% set output_txt = ["Timelapse Setup:"] %}
	{% set _dummy = output_txt.append("enable: %s" % tl.enable) %}
	{% set _dummy = output_txt.append("park: %s" % tl.park.enable) %}
	{% if tl.park.enable %}
	{% set _dummy = output_txt.append("park position: %s time: %s s" % (tl.park.pos, tl.park.time)) %}
	{% set _dummy = output_txt.append("park cord x:%s y:%s dz:%s" % (tl.park.coord.x, tl.park.coord.y, tl.park.coord.dz)) %}
	{% set _dummy = output_txt.append("travel speed: %s mm/s" % tl.speed.travel) %}
	{% endif %}
	{% set _dummy = output_txt.append("fw_retract: %s" % tl.extruder.fw_retract) %}
	{% if not tl.extruder.fw_retract %}
	{% set _dummy = output_txt.append("retract: %s mm speed: %s mm/s" % (tl.extruder.retract, tl.speed.retract)) %}
	{% set _dummy = output_txt.append("extrude: %s mm speed: %s mm/s" % (tl.extruder.extrude, tl.speed.extrude)) %}
	{% endif %}
	{% set _dummy = output_txt.append("verbose: %s" % tl.verbose) %}
	{action_respond_info(output_txt|join("\n"))}

[gcode_macro _SET_TIMELAPSE_SETUP]
description = Set user parameters for timelapse
gcode = 
	{% set tl = printer['gcode_macro TIMELAPSE_TAKE_FRAME'] %}
	
	{% set min = printer.toolhead.axis_minimum %}
	{% set max = printer.toolhead.axis_maximum %}
	{% set round_bed = True if printer.configfile.settings.printer.kinematics is in ['delta','polar','rotary_delta','winch']
	else False %}
	{% set park = {'min'   : {'x': (min.x / 1.42)|round(3) if round_bed else min.x|round(3),
	'y': (min.y / 1.42)|round(3) if round_bed else min.y|round(3)},
	'max'   : {'x': (max.x / 1.42)|round(3) if round_bed else max.x|round(3),
	'y': (max.y / 1.42)|round(3) if round_bed else max.y|round(3)},
	'center': {'x': (max.x-(max.x-min.x)/2)|round(3),
	'y': (max.y-(max.y-min.y)/2)|round(3)}} %}
	
	{% if params.ENABLE %}
	{% if params.ENABLE|lower is in ['true', 'false'] %}
	SET_GCODE_VARIABLE MACRO=TIMELAPSE_TAKE_FRAME VARIABLE=enable VALUE={True if params.ENABLE|lower == 'true' else False}
	{% else %}
	{action_raise_error("ENABLE=%s not supported. Allowed values are [True, False]" % params.ENABLE|capitalize)}
	{% endif %}
	{% endif %}
	{% if params.VERBOSE %}
	{% if params.VERBOSE|lower is in ['true', 'false'] %}
	SET_GCODE_VARIABLE MACRO=TIMELAPSE_TAKE_FRAME VARIABLE=verbose VALUE={True if params.VERBOSE|lower == 'true' else False}
	{% else %}
	{action_raise_error("VERBOSE=%s not supported. Allowed values are [True, False]" % params.VERBOSE|capitalize)}
	{% endif %}
	{% endif %}
	{% if params.CUSTOM_POS_X %}
	{% if params.CUSTOM_POS_X|float >= min.x and params.CUSTOM_POS_X|float <= max.x %}
	{% set _dummy = tl.park.custom.update({'x':params.CUSTOM_POS_X|float|round(3)}) %}
	{% else %}
	{action_raise_error("CUSTOM_POS_X=%s must be within [%s - %s]" % (params.CUSTOM_POS_X, min.x, max.x))}
	{% endif %}
	{% endif %}
	{% if params.CUSTOM_POS_Y %}
	{% if params.CUSTOM_POS_Y|float >= min.y and params.CUSTOM_POS_Y|float <= max.y %}
	{% set _dummy = tl.park.custom.update({'y':params.CUSTOM_POS_Y|float|round(3)}) %}
	{% else %}
	{action_raise_error("CUSTOM_POS_Y=%s must be within [%s - %s]" % (params.CUSTOM_POS_Y, min.y, max.y))}
	{% endif %}
	{% endif %}
	{% if params.CUSTOM_POS_DZ %}
	{% if params.CUSTOM_POS_DZ|float >= min.z and params.CUSTOM_POS_DZ|float <= max.z %}
	{% set _dummy = tl.park.custom.update({'dz':params.CUSTOM_POS_DZ|float|round(3)}) %}
	{% else %}
	{action_raise_error("CUSTOM_POS_DZ=%s must be within [%s - %s]" % (params.CUSTOM_POS_DZ, min.z, max.z))}
	{% endif %}
	{% endif %}
	{% if params.PARK_ENABLE %}
	{% if params.PARK_ENABLE|lower is in ['true', 'false'] %}
	{% set _dummy = tl.park.update({'enable':True if params.PARK_ENABLE|lower == 'true' else False}) %}
	{% else %}
	{action_raise_error("PARK_ENABLE=%s not supported. Allowed values are [True, False]" % params.PARK_ENABLE|capitalize)}
	{% endif %}
	{% endif %}
	{% if params.PARK_POS %}
	{% if params.PARK_POS|lower is in ['center','front_left','front_right','back_left','back_right','custom','x_only','y_only'] %}
	{% set dic = {'center'      : {'x': park.center.x   , 'y': park.center.y   , 'dz': 1                },
	'front_left'  : {'x': park.min.x      , 'y': park.min.y      , 'dz': 0                },
	'front_right' : {'x': park.max.x      , 'y': park.min.y      , 'dz': 0                },
	'back_left'   : {'x': park.min.x      , 'y': park.max.y      , 'dz': 0                },
	'back_right'  : {'x': park.max.x      , 'y': park.max.y      , 'dz': 0                },
	'custom'      : {'x': tl.park.custom.x, 'y': tl.park.custom.y, 'dz': tl.park.custom.dz},
	'x_only'      : {'x': tl.park.custom.x, 'y': 'none'          , 'dz': tl.park.custom.dz},
	'y_only'      : {'x': 'none'          , 'y': tl.park.custom.y, 'dz': tl.park.custom.dz}} %}
	{% set _dummy = tl.park.update({'pos':params.PARK_POS|lower}) %}
	{% set _dummy = tl.park.update({'coord':dic[tl.park.pos]}) %}
	{% else %}
	{action_raise_error("PARK_POS=%s not supported. Allowed values are [CENTER, FRONT_LEFT, FRONT_RIGHT, BACK_LEFT, BACK_RIGHT, CUSTOM, X_ONLY, Y_ONLY]"
	% params.PARK_POS|upper)}
	{% endif %}
	{% endif %}
	{% if params.PARK_TIME %}
	{% if params.PARK_TIME|float >= 0.0 %}
	{% set _dummy = tl.park.update({'time':params.PARK_TIME|float|round(3)}) %}
	{% else %}
	{action_raise_error("PARK_TIME=%s must be a positive number" % params.PARK_TIME)}
	{% endif %}
	{% endif %}
	SET_GCODE_VARIABLE MACRO=TIMELAPSE_TAKE_FRAME VARIABLE=park VALUE="{tl.park}"
	{% if params.TRAVEL_SPEED %}
	{% if params.TRAVEL_SPEED|float > 0.0 %}
	{% set _dummy = tl.speed.update({'travel':params.TRAVEL_SPEED|float|round(3)}) %}
	{% else %}
	{action_raise_error("TRAVEL_SPEED=%s must be larger than 0" % params.TRAVEL_SPEED)}
	{% endif %}
	{% endif %}
	{% if params.RETRACT_SPEED %}
	{% if params.RETRACT_SPEED|float > 0.0 %}
	{% set _dummy = tl.speed.update({'retract':params.RETRACT_SPEED|float|round(3)}) %}
	{% else %}
	{action_raise_error("RETRACT_SPEED=%s must be larger than 0" % params.RETRACT_SPEED)}
	{% endif %}
	{% endif %}
	{% if params.EXTRUDE_SPEED %}
	{% if params.EXTRUDE_SPEED|float > 0.0 %}
	{% set _dummy = tl.speed.update({'extrude':params.EXTRUDE_SPEED|float|round(3)}) %}
	{% else %}
	{action_raise_error("EXTRUDE_SPEED=%s must be larger than 0" % params.EXTRUDE_SPEED)}
	{% endif %}
	{% endif %}
	SET_GCODE_VARIABLE MACRO=TIMELAPSE_TAKE_FRAME VARIABLE=speed VALUE="{tl.speed}"
	{% if params.EXTRUDE_DISTANCE %}
	{% if params.EXTRUDE_DISTANCE|float >= 0.0 %}
	{% set _dummy = tl.extruder.update({'extrude':params.EXTRUDE_DISTANCE|float|round(3)}) %}
	{% else %}
	{action_raise_error("EXTRUDE_DISTANCE=%s must be specified as positiv number" % params.EXTRUDE_DISTANCE)}
	{% endif %}
	{% endif %}
	{% if params.RETRACT_DISTANCE %}
	{% if params.RETRACT_DISTANCE|float >= 0.0 %}
	{% set _dummy = tl.extruder.update({'retract':params.RETRACT_DISTANCE|float|round(3)}) %}
	{% else %}
	{action_raise_error("RETRACT_DISTANCE=%s must be specified as positiv number" % params.RETRACT_DISTANCE)}
	{% endif %}
	{% endif %}
	{% if params.FW_RETRACT %}
	{% if params.FW_RETRACT|lower is in ['true', 'false'] %}
	{% if 'firmware_retraction' in printer.configfile.settings %}
	{% set _dummy = tl.extruder.update({'fw_retract': True if params.FW_RETRACT|lower == 'true' else False}) %}
	{% else %}
	{% set _dummy = tl.extruder.update({'fw_retract':False}) %}
	{% if params.FW_RETRACT|capitalize == 'True' %}
	{action_raise_error("[firmware_retraction] not defined in printer.cfg. Can not enable fw_retract")}
	{% endif %}
	{% endif %}
	{% else %}
	{action_raise_error("FW_RETRACT=%s not supported. Allowed values are [True, False]" % params.FW_RETRACT|capitalize)}
	{% endif %}
	{% endif %}
	SET_GCODE_VARIABLE MACRO=TIMELAPSE_TAKE_FRAME VARIABLE=extruder VALUE="{tl.extruder}"
	{% if printer.configfile.settings['gcode_macro pause'] is defined %}
	{% set _dummy = tl.macro.update({'pause': printer.configfile.settings['gcode_macro pause'].rename_existing}) %}
	{% endif %}
	{% if printer.configfile.settings['gcode_macro resume'] is defined %}
	{% set _dummy = tl.macro.update({'resume': printer.configfile.settings['gcode_macro resume'].rename_existing}) %}
	{% endif %}
	SET_GCODE_VARIABLE MACRO=TIMELAPSE_TAKE_FRAME VARIABLE=macro VALUE="{tl.macro}"

[gcode_macro TIMELAPSE_TAKE_FRAME]
description = Take Timelapse shoot
variable_enable = False
variable_takingframe = False
variable_park = {'enable': False,
	'pos'   : 'center',
	'time'  : 0.1,
	'custom': {'x': 0, 'y': 0, 'dz': 0},
	'coord' : {'x': 0, 'y': 0, 'dz': 0}}
variable_extruder = {'fw_retract': False,
	'retract': 1.0,
	'extrude': 1.0}
variable_speed = {'travel': 100,
	'retract': 15,
	'extrude': 15}
variable_verbose = True
variable_restore = {'absolute': {'coordinates': True, 'extrude': True}, 'speed': 1500, 'e':0, 'factor': {'speed': 1.0, 'extrude': 1.0}}
variable_macro = {'pause': 'PAUSE', 'resume': 'RESUME'}
variable_is_paused = False
gcode = 
	{% set hyperlapse = True if params.HYPERLAPSE and params.HYPERLAPSE|lower =='true' else False %}
	{% if enable %}
	{% if (hyperlapse and printer['gcode_macro HYPERLAPSE'].run) or
	(not hyperlapse and not printer['gcode_macro HYPERLAPSE'].run) %}
	{% if park.enable %}
	{% set pos = {'x': 'X' + park.coord.x|string if park.pos != 'y_only' else '',
	'y': 'Y' + park.coord.y|string if park.pos != 'x_only' else '',
	'z': 'Z'+ [printer.gcode_move.gcode_position.z + park.coord.dz, printer.toolhead.axis_maximum.z]|min|string} %}
	{% set restore = {'absolute': {'coordinates': printer.gcode_move.absolute_coordinates,
	'extrude'    : printer.gcode_move.absolute_extrude},
	'speed'   : printer.gcode_move.speed,
	'e'       : printer.gcode_move.gcode_position.e,
	'factor'  : {'speed'  : printer.gcode_move.speed_factor,
	'extrude': printer.gcode_move.extrude_factor}} %}
	SET_GCODE_VARIABLE MACRO=TIMELAPSE_TAKE_FRAME VARIABLE=restore VALUE="{restore}"
	{% if not printer[printer.toolhead.extruder].can_extrude %}
	{% if verbose %}{action_respond_info("Timelapse: Warning, minimum extruder temperature not reached!")}{% endif %}
	{% else %}
	{% if extruder.fw_retract %}
	G10
	{% else %}
	M83
	G0 E-{extruder.retract} F{speed.retract * 60}
	{% endif %}
	{% endif %}
	SET_GCODE_VARIABLE MACRO=TIMELAPSE_TAKE_FRAME VARIABLE=is_paused VALUE=True
	{macro.pause}
	SET_GCODE_OFFSET X=0 Y=0
	G90
	{% if "xyz" not in printer.toolhead.homed_axes %}
	{% if verbose %}{action_respond_info("Timelapse: Warning, axis not homed yet!")}{% endif %}
	{% else %}
	G0 {pos.x} {pos.y} {pos.z} F{speed.travel * 60}
	{% endif %}
	SET_GCODE_VARIABLE MACRO=TIMELAPSE_TAKE_FRAME VARIABLE=takingframe VALUE=True
	UPDATE_DELAYED_GCODE ID=_WAIT_TIMELAPSE_TAKE_FRAME DURATION=0.5
	M400
	{% endif %}
	_TIMELAPSE_NEW_FRAME HYPERLAPSE={hyperlapse}
	{% endif %}
	{% else %}
	{% if verbose %}{action_respond_info("Timelapse: disabled, take frame ignored")}{% endif %}
	{% endif %}

[gcode_macro _TIMELAPSE_NEW_FRAME]
description = action call for timelapse shoot. must be a seperate macro
gcode = 
	{action_call_remote_method("timelapse_newframe",
	macropark=printer['gcode_macro TIMELAPSE_TAKE_FRAME'].park,
	hyperlapse=params.HYPERLAPSE)}

[delayed_gcode _WAIT_TIMELAPSE_TAKE_FRAME]
gcode = 
	{% set tl = printer['gcode_macro TIMELAPSE_TAKE_FRAME'] %}
	{% set factor = {'speed': printer.gcode_move.speed_factor, 'extrude': printer.gcode_move.extrude_factor} %}
	{% if tl.takingframe %}
	UPDATE_DELAYED_GCODE ID=_WAIT_TIMELAPSE_TAKE_FRAME DURATION=0.5
	{% else %}
	{tl.macro.resume} VELOCITY={tl.speed.travel}
	SET_GCODE_VARIABLE MACRO=TIMELAPSE_TAKE_FRAME VARIABLE=is_paused VALUE=False
	{% if not printer[printer.toolhead.extruder].can_extrude %}
	{action_respond_info("Timelapse: Warning minimum extruder temperature not reached!")}
	{% else %}
	{% if tl.extruder.fw_retract %}
	G11
	{% else %}
	G0 E{tl.extruder.extrude} F{tl.speed.extrude * 60}
	G0 F{tl.restore.speed}
	{% if tl.restore.absolute.extrude %}
	M82
	G92 E{tl.restore.e}
	{% endif %}
	{% endif %}
	{% endif %}
	{% if tl.restore.factor.speed   != factor.speed   %} M220 S{(factor.speed*100)|round(0)}   {% endif %}
	{% if tl.restore.factor.extrude != factor.extrude %} M221 S{(factor.extrude*100)|round(0)} {% endif %}
	{% if not tl.restore.absolute.coordinates %} G91 {% endif %}
	{% endif %}

[gcode_macro HYPERLAPSE]
description = Start/Stop a hyperlapse recording
variable_cycle = 0
variable_run = False
gcode = 
	{% set cycle = params.CYCLE|default(30)|int %}
	{% if params.ACTION and params.ACTION|lower == 'start' %}
	{action_respond_info("Hyperlapse: frames started (Cycle %d sec)" % cycle)}
	SET_GCODE_VARIABLE MACRO=HYPERLAPSE VARIABLE=run VALUE=True
	SET_GCODE_VARIABLE MACRO=HYPERLAPSE VARIABLE=cycle VALUE={cycle}
	UPDATE_DELAYED_GCODE ID=_HYPERLAPSE_LOOP DURATION={cycle}
	TIMELAPSE_TAKE_FRAME HYPERLAPSE=True
	{% elif params.ACTION and params.ACTION|lower == 'stop' %}
	{% if run %}{action_respond_info("Hyperlapse: frames stopped")}{% endif %}
	SET_GCODE_VARIABLE MACRO=HYPERLAPSE VARIABLE=run VALUE=False
	UPDATE_DELAYED_GCODE ID=_HYPERLAPSE_LOOP DURATION=0
	{% else %}
	{action_raise_error("Hyperlapse: No valid input parameter
	Use:
	- HYPERLAPSE ACTION=START [CYCLE=time]
	- HYPERLAPSE ACTION=STOP")}
	{% endif %}

[delayed_gcode _HYPERLAPSE_LOOP]
gcode = 
	UPDATE_DELAYED_GCODE ID=_HYPERLAPSE_LOOP DURATION={printer["gcode_macro HYPERLAPSE"].cycle}
	TIMELAPSE_TAKE_FRAME HYPERLAPSE=True

[gcode_macro TIMELAPSE_RENDER]
description = Render Timelapse video and wait for the result
variable_render = False
variable_run_identifier = 0
gcode = 
	{action_respond_info("Timelapse: Rendering started")}
	{action_call_remote_method("timelapse_render", byrendermacro="True")}
	SET_GCODE_VARIABLE MACRO=TIMELAPSE_RENDER VARIABLE=render VALUE=True
	{printer.configfile.settings['gcode_macro pause'].rename_existing}
	UPDATE_DELAYED_GCODE ID=_WAIT_TIMELAPSE_RENDER DURATION=0.5

[delayed_gcode _WAIT_TIMELAPSE_RENDER]
gcode = 
	{% set ri = printer['gcode_macro TIMELAPSE_RENDER'].run_identifier % 4 %}
	SET_GCODE_VARIABLE MACRO=TIMELAPSE_RENDER VARIABLE=run_identifier VALUE={ri + 1}
	{% if printer['gcode_macro TIMELAPSE_RENDER'].render %}
	M117 Rendering {['-','\\','|','/'][ri]}
	UPDATE_DELAYED_GCODE ID=_WAIT_TIMELAPSE_RENDER DURATION=0.5
	{% else %}
	{action_respond_info("Timelapse: Rendering finished")}
	M117
	{printer.configfile.settings['gcode_macro resume'].rename_existing}
	{% endif %}

[gcode_macro TEST_STREAM_DELAY]
description = Helper macro to find stream and park delay
gcode = 
	{% set min = printer.toolhead.axis_minimum %}
	{% set max = printer.toolhead.axis_maximum %}
	{% set act = printer.toolhead.position %}
	{% set tl = printer['gcode_macro TIMELAPSE_TAKE_FRAME'] %}
	{% if act.z > 5.0 %}
	G0 X{min.x + 5.0} F{tl.speed.travel|int * 60}
	G0 X{(max.x-min.x)/2}
	G4 P{tl.park.time|float * 1000}
	_TIMELAPSE_NEW_FRAME HYPERLAPSE=FALSE
	G0 X{max.x - 5.0}
	{% else %}
	{action_raise_error("Toolhead z %.3f to low. Please place head above z = 5.0" % act.z)}
	{% endif %}

[gcode_macro M205]
gcode = 
	G4 P0

[gcode_macro clean_nozzle]
gcode = 
	SAVE_GCODE_STATE NAME=clean_nozzle_state
	G90
	G0 Z2 F5000
	G0 X116.8 Y354 F10000
	{% for wipe in range(8) %}
	{% for coordinate in [(81.8,354),(116.8,354)] %}
	G0 X{coordinate[0]} Y{coordinate[1] - 0.5 * wipe} Z0 F6000
	{% endfor %}
	{% endfor %}
	G0 X116.8 Y354 Z2 F5000
	RESTORE_GCODE_STATE NAME=clean_nozzle_state

[gcode_macro BED_MESH_CALIBRATE]
rename_existing = BED_MESH_CALIBRATE_BASE
variable_parameter_area_start = 0,0
variable_parameter_area_end = 0,0
variable_mesh_area_offset = 5.0
variable_probe_samples = 2
variable_min_probe_count = 3
variable_probe_count_scale_factor = 1.0
variable_enable_reference_index = False
gcode = 
	{% if params.AREA_START and params.AREA_END %}
	{% set bedMeshConfig = printer["configfile"].config["bed_mesh"] %}
	{% set safe_min_x = bedMeshConfig.mesh_min.split(",")[0]|float %}
	{% set safe_min_y = bedMeshConfig.mesh_min.split(",")[1]|float %}
	{% set safe_max_x = bedMeshConfig.mesh_max.split(",")[0]|float %}
	{% set safe_max_y = bedMeshConfig.mesh_max.split(",")[1]|float %}
	
	{% set area_min_x = params.AREA_START.split(",")[0]|float %}
	{% set area_min_y = params.AREA_START.split(",")[1]|float %}
	{% set area_max_x = params.AREA_END.split(",")[0]|float %}
	{% set area_max_y = params.AREA_END.split(",")[1]|float %}
	
	{% if bedMeshConfig.probe_count.split(",")|length == 2 %}
	{% set meshPointX = bedMeshConfig.probe_count.split(",")[0]|int %}
	{% set meshPointY = bedMeshConfig.probe_count.split(",")[1]|int %}
	{% else %}
	{% set meshPointX = bedMeshConfig.probe_count.split(",")[0]|int %}
	{% set meshPointY = bedMeshConfig.probe_count.split(",")[0]|int %}
	{% endif %}
	
	{% set meshMaxPointX = meshPointX %}
	{% set meshMaxPointY = meshPointY %}
	
	
	{% if (area_min_x < area_max_x) and (area_min_y < area_max_y) %}
	{% if area_min_x - mesh_area_offset >=  safe_min_x %}
	{% set area_min_x = area_min_x - mesh_area_offset %}
	{% else %}
	{% set area_min_x = safe_min_x %}
	{% endif %}
	
	{% if area_min_y - mesh_area_offset >=  safe_min_y %}
	{% set area_min_y = area_min_y - mesh_area_offset %}
	{% else %}
	{% set area_min_y = safe_min_y %}
	{% endif %}
	
	{% if area_max_x + mesh_area_offset <=  safe_max_x %}
	{% set area_max_x = area_max_x + mesh_area_offset %}
	{% else %}
	{% set area_max_x = safe_max_x %}
	{% endif %}
	
	{% if area_max_y + mesh_area_offset <=  safe_max_y %}
	{% set area_max_y = area_max_y + mesh_area_offset %}
	{% else %}
	{% set area_max_y = safe_max_y %}
	{% endif %}
	
	{% set meshPointX = (meshPointX * (area_max_x - area_min_x) / (safe_max_x - safe_min_x) * probe_count_scale_factor)|round(0)|int %}
	{% if meshPointX < min_probe_count %}
	{% set meshPointX = min_probe_count %}
	{% endif %}
	{% if meshPointX > meshMaxPointX %}
	{% set meshPointX = meshMaxPointX %}
	{% endif %}
	
	{% set meshPointY = (meshPointY * (area_max_y -area_min_y ) / (safe_max_y - safe_min_y) * probe_count_scale_factor )|round(0)|int %}
	{% if meshPointY < min_probe_count %}
	{% set meshPointY = min_probe_count %}
	{% endif %}
	{% if meshPointY > meshMaxPointY %}
	{% set meshPointY = meshMaxPointY %}
	{% endif %}
	
	{% set algorithm = "lagrange" %}
	{% if "algorithm" in bedMeshConfig and meshPointX >=4 and meshPointY >=4 %}
	{% set algorithm = bedMeshConfig.algorithm %}
	{% endif %}
	
	{% if enable_reference_index %}
	{% set referenceIndex = (meshPointX * meshPointY / 2 - 1 )|round(0)|int %}
	BED_MESH_CALIBRATE_BASE mesh_min={area_min_x},{area_min_y} mesh_max={area_max_x},{area_max_y} probe_count={meshPointX},{meshPointY} samples={probe_samples|int} algorithm={algorithm} relative_reference_index={referenceIndex}
	{% else %}
	BED_MESH_CALIBRATE_BASE mesh_min={area_min_x},{area_min_y} mesh_max={area_max_x},{area_max_y} probe_count={meshPointX},{meshPointY} samples={probe_samples|int} algorithm={algorithm}
	{% endif %}
	{% else %}
	BED_MESH_CALIBRATE_BASE
	{% endif %}
	{% else %}
	BED_MESH_CALIBRATE_BASE
	{% endif %}

[gcode_macro CANCEL_PRINT]
rename_existing = BASE_CANCEL_PRINT
gcode = 
	TURN_OFF_HEATERS
	CLEAR_PAUSE
	SDCARD_RESET_FILE
	BASE_CANCEL_PRINT

[gcode_macro PART_COOLING_FAN_ON]
gcode = 
	M106 S255

[gcode_macro PART_COOLING_FAN_OFF]
gcode = 
	M106 S0

[gcode_macro PRIME_EXTRUDER]
gcode = 
	M117 Priming
	G92 E0
	G1 X10.1 Y20 Z2.0 F2000
	G1 X10.1 Y200 Z0.28 F2000.0 E15; Draw the first line
	G1 X10.4 Y200 Z0.28 F5000.0; Move to the side a little
	G1 X10.4 Y20.0 Z0.28 F2000.0 E30; Draw the second line
	G92 E0
	G1 F2400 E-0.7
	G1 Z2.0 F3000

[gcode_macro START_PRINT]
gcode = 
	{% set BED_TEMP = params.BED_TEMP|default(0)|float %}
	{% set EXTRUDER_TEMP = params.EXTRUDER_TEMP|default(0)|float %}
	G28
	G29
	
	
	M117 Heating bed
	M140 S{BED_TEMP}
	
	G90
	
	SET_GCODE_OFFSET Z=0.0
	
	G28
	
	G1 Z5 F3000
	
	G1 Z0.15 F300
	
	M190 S{BED_TEMP}
	
	M117 Heating nozzle
	M104 S{EXTRUDER_TEMP}
	
	M109 S{EXTRUDER_TEMP}
	
	PRIME_EXTRUDER
	M117 Printing

[gcode_macro END_PRINT]
gcode = 
	
	G91
	
	G1 E-2 F1800
	G1 Z5 F3000
	
	G90
	G1 X10 Y200 F2000
	
	M140 S0
	M104 S0
	M106 S0
	
	M84
	M117 JOB DONE!

[gcode_macro M600]
gcode = 
	{% set X = 50 %}
	{% set Y = 0 %}
	{% set Z = 10 %}
	SAVE_GCODE_STATE NAME=M600_state
	PAUSE
	G91
	G1 E-.8 F2700
	G1 Z{Z}
	G90
	G1 X{X} Y{Y} F3000
	G91
	G1 E-50 F1000
	RESTORE_GCODE_STATE NAME=M600_state

[input_shaper]
shaper_type_x = mzv
shaper_freq_x = 54.0
shaper_type_y = ei
shaper_freq_y = 43.4

[bed_mesh default2]
version = 1
points = 
	-0.102500, -0.100000, -0.145000, -0.095000, -0.102500
	-0.032500, -0.012500, -0.045000, -0.005000, -0.057500
	-0.097500, -0.045000, -0.045000, 0.007500, 0.017500
	-0.085000, -0.045000, -0.067500, -0.000000, 0.002500
	0.022500, 0.005000, -0.082500, -0.075000, -0.115000
x_count = 5
y_count = 5
mesh_x_pps = 2
mesh_y_pps = 2
algo = lagrange
tension = 0.2
min_x = 9.5
max_x = 202.5
min_y = 15.0
max_y = 220.0

[bed_mesh default3]
version = 1
points = 
	0.082500, 0.072500, 0.062500, 0.075000, 0.005000
	0.062500, 0.070000, 0.072500, 0.085000, 0.015000
	-0.000000, 0.027500, 0.040000, 0.092500, 0.057500
	-0.032500, -0.000000, -0.010000, 0.052500, 0.015000
	0.072500, 0.042500, -0.010000, -0.007500, -0.077500
x_count = 5
y_count = 5
mesh_x_pps = 2
mesh_y_pps = 2
algo = lagrange
tension = 0.2
min_x = 9.5
max_x = 202.5
min_y = 15.0
max_y = 220.0

[bed_mesh default1]
version = 1
points = 
	-0.190000, -0.170000, -0.202500, -0.175000, -0.185000
	-0.200000, -0.157500, -0.175000, -0.142500, -0.142500
	-0.230000, -0.180000, -0.177500, -0.112500, -0.077500
	-0.257500, -0.187500, -0.195000, -0.127500, -0.095000
	-0.105000, -0.100000, -0.172500, -0.200000, -0.222500
x_count = 5
y_count = 5
mesh_x_pps = 2
mesh_y_pps = 2
algo = lagrange
tension = 0.2
min_x = 9.5
max_x = 202.5
min_y = 15.0
max_y = 220.0

[bed_mesh default6]
version = 1
points = 
	0.025000, 0.027500, 0.002500, 0.075000, 0.120000
	-0.005000, 0.035000, 0.007500, 0.072500, 0.090000
	-0.007500, 0.035000, 0.012500, 0.087500, 0.095000
	-0.027500, 0.042500, 0.022500, 0.095000, 0.130000
	0.082500, 0.105000, 0.042500, 0.065000, 0.080000
x_count = 5
y_count = 5
mesh_x_pps = 2
mesh_y_pps = 2
algo = lagrange
tension = 0.2
min_x = 9.5
max_x = 202.5
min_y = 15.0
max_y = 220.0

[bed_mesh default]
version = 1
points = 
	-0.016250, -0.017500, -0.010000
	-0.080000, -0.056250, -0.008750
	-0.066250, -0.068750, -0.030000
x_count = 3
y_count = 3
mesh_x_pps = 2
mesh_y_pps = 2
algo = lagrange
tension = 0.2
min_x = 78.76
max_x = 148.75
min_y = 83.56
max_y = 131.21
=======================
Extruder max_extrude_ratio=0.266081
mcu 'mcu': Starting serial connect
Loaded MCU 'mcu' 105 commands (v0.11.0-110-gaca0c71a / gcc: (15:10.3-2021.07-4) 10.3.1 20210621 (release) binutils: (2.38-3ubuntu1+15build1) 2.38)
MCU 'mcu' config: ADC_MAX=4095 BUS_PINS_i2c1=PB6,PB7 BUS_PINS_i2c1a=PB8,PB9 BUS_PINS_i2c2=PB10,PB11 BUS_PINS_spi1=PA6,PA7,PA5 BUS_PINS_spi1a=PB4,PB5,PB3 BUS_PINS_spi2=PB14,PB15,PB13 BUS_PINS_spi3=PB4,PB5,PB3 CLOCK_FREQ=72000000 MCU=stm32f103xe PWM_MAX=255 RECEIVE_WINDOW=192 RESERVE_PINS_serial=PA10,PA9 SERIAL_BAUD=250000 STATS_SUMSQ_BASE=256 STEPPER_BOTH_EDGE=1
Sending MCU 'mcu' printer configuration...
Configured MCU 'mcu' (1024 moves)
bed_mesh: generated points
Index |  Tool Adjusted  |   Probe
  0   | (52.0, 24.0)    | (9.5, 15.0)
  1   | (100.2, 24.0)   | (57.8, 15.0)
  2   | (148.5, 24.0)   | (106.0, 15.0)
  3   | (196.8, 24.0)   | (154.2, 15.0)
  4   | (245.0, 24.0)   | (202.5, 15.0)
  5   | (245.0, 75.2)   | (202.5, 66.2)
  6   | (196.8, 75.2)   | (154.2, 66.2)
  7   | (148.5, 75.2)   | (106.0, 66.2)
  8   | (100.2, 75.2)   | (57.8, 66.2)
  9   | (52.0, 75.2)    | (9.5, 66.2)
  10  | (52.0, 126.5)   | (9.5, 117.5)
  11  | (100.2, 126.5)  | (57.8, 117.5)
  12  | (148.5, 126.5)  | (106.0, 117.5)
  13  | (196.8, 126.5)  | (154.2, 117.5)
  14  | (245.0, 126.5)  | (202.5, 117.5)
  15  | (245.0, 177.8)  | (202.5, 168.8)
  16  | (196.8, 177.8)  | (154.2, 168.8)
  17  | (148.5, 177.8)  | (106.0, 168.8)
  18  | (100.2, 177.8)  | (57.8, 168.8)
  19  | (52.0, 177.8)   | (9.5, 168.8)
  20  | (52.0, 229.0)   | (9.5, 220.0)
  21  | (100.2, 229.0)  | (57.8, 220.0)
  22  | (148.5, 229.0)  | (106.0, 220.0)
  23  | (196.8, 229.0)  | (154.2, 220.0)
  24  | (245.0, 229.0)  | (202.5, 220.0)
Starting heater checks for heater_bed
Starting heater checks for extruder
Stats 24.5: gcodein=0  mcu: mcu_awake=0.003 mcu_task_avg=0.000021 mcu_task_stddev=0.000045 bytes_write=1336 bytes_read=4176 bytes_retransmit=9 bytes_invalid=0 send_seq=129 receive_seq=126 retransmit_seq=2 srtt=0.005 rttvar=0.002 rto=0.025 ready_bytes=19 upcoming_bytes=2390 freq=71998161 heater_bed: target=0 temp=0.0 pwm=0.000  sysload=2.68 cputime=0.891 memavail=4795476 print_time=0.000 buffer_time=0.000 print_stall=0 extruder: target=0 temp=0.0 pwm=0.000
Stats 25.5: gcodein=0  mcu: mcu_awake=0.003 mcu_task_avg=0.000021 mcu_task_stddev=0.000045 bytes_write=4037 bytes_read=4567 bytes_retransmit=9 bytes_invalid=0 send_seq=182 receive_seq=182 retransmit_seq=2 srtt=0.005 rttvar=0.002 rto=0.025 ready_bytes=0 upcoming_bytes=0 freq=71998055 heater_bed: target=0 temp=21.4 pwm=0.000  sysload=4.71 cputime=0.897 memavail=4740932 print_time=0.000 buffer_time=0.000 print_stall=0 extruder: target=0 temp=22.0 pwm=0.000
Stats 26.5: gcodein=0  mcu: mcu_awake=0.003 mcu_task_avg=0.000021 mcu_task_stddev=0.000045 bytes_write=4043 bytes_read=4673 bytes_retransmit=9 bytes_invalid=0 send_seq=183 receive_seq=183 retransmit_seq=2 srtt=0.005 rttvar=0.001 rto=0.025 ready_bytes=0 upcoming_bytes=0 freq=71997929 heater_bed: target=0 temp=21.3 pwm=0.000  sysload=4.71 cputime=0.900 memavail=4719220 print_time=0.000 buffer_time=0.000 print_stall=0 extruder: target=0 temp=22.0 pwm=0.000
Stats 27.5: gcodein=0  mcu: mcu_awake=0.003 mcu_task_avg=0.000021 mcu_task_stddev=0.000045 bytes_write=4049 bytes_read=4779 bytes_retransmit=9 bytes_invalid=0 send_seq=184 receive_seq=184 retransmit_seq=2 srtt=0.005 rttvar=0.002 rto=0.025 ready_bytes=0 upcoming_bytes=0 freq=71997868 heater_bed: target=0 temp=21.4 pwm=0.000  sysload=4.71 cputime=0.904 memavail=4711412 print_time=0.000 buffer_time=0.000 print_stall=0 extruder: target=0 temp=22.0 pwm=0.000
webhooks client 137763292846816: New connection
webhooks client 137763292846816: Client info {'program': 'Moonraker', 'version': 'v0.8.0-206-g9ad8fed'}
Stats 28.5: gcodein=0  mcu: mcu_awake=0.003 mcu_task_avg=0.000021 mcu_task_stddev=0.000045 bytes_write=4055 bytes_read=4915 bytes_retransmit=9 bytes_invalid=0 send_seq=185 receive_seq=185 retransmit_seq=2 srtt=0.005 rttvar=0.002 rto=0.025 ready_bytes=0 upcoming_bytes=0 freq=71997904 heater_bed: target=0 temp=21.4 pwm=0.000  sysload=4.71 cputime=0.911 memavail=4708512 print_time=0.000 buffer_time=0.000 print_stall=0 extruder: target=0 temp=22.1 pwm=0.000
webhooks: registering remote method 'shutdown_machine' for connection id: 137763292846816
webhooks: registering remote method 'reboot_machine' for connection id: 137763292846816
webhooks: registering remote method 'pause_job_queue' for connection id: 137763292846816
webhooks: registering remote method 'start_job_queue' for connection id: 137763292846816
webhooks: registering remote method 'timelapse_newframe' for connection id: 137763292846816
webhooks: registering remote method 'timelapse_saveFrames' for connection id: 137763292846816
webhooks: registering remote method 'timelapse_render' for connection id: 137763292846816
Stats 29.5: gcodein=0  mcu: mcu_awake=0.045 mcu_task_avg=0.000242 mcu_task_stddev=0.000374 bytes_write=4061 bytes_read=5038 bytes_retransmit=9 bytes_invalid=0 send_seq=186 receive_seq=186 retransmit_seq=2 srtt=0.005 rttvar=0.002 rto=0.025 ready_bytes=0 upcoming_bytes=0 freq=71997849 heater_bed: target=0 temp=21.4 pwm=0.000  sysload=4.71 cputime=0.925 memavail=4706208 print_time=0.000 buffer_time=0.000 print_stall=0 extruder: target=0 temp=22.0 pwm=0.000
Stats 30.5: gcodein=0  mcu: mcu_awake=0.045 mcu_task_avg=0.000242 mcu_task_stddev=0.000374 bytes_write=4067 bytes_read=5144 bytes_retransmit=9 bytes_invalid=0 send_seq=187 receive_seq=187 retransmit_seq=2 srtt=0.004 rttvar=0.002 rto=0.025 ready_bytes=0 upcoming_bytes=0 freq=71997845 heater_bed: target=0 temp=21.5 pwm=0.000  sysload=4.73 cputime=0.931 memavail=4686724 print_time=0.000 buffer_time=0.000 print_stall=0 extruder: target=0 temp=22.0 pwm=0.000
Stats 31.5: gcodein=0  mcu: mcu_awake=0.045 mcu_task_avg=0.000242 mcu_task_stddev=0.000374 bytes_write=4073 bytes_read=5280 bytes_retransmit=9 bytes_invalid=0 send_seq=188 receive_seq=188 retransmit_seq=2 srtt=0.004 rttvar=0.001 rto=0.025 ready_bytes=0 upcoming_bytes=0 freq=71997837 heater_bed: target=0 temp=21.5 pwm=0.000  sysload=4.73 cputime=0.936 memavail=4739116 print_time=0.000 buffer_time=0.000 print_stall=0 extruder: target=0 temp=22.0 pwm=0.000
Stats 32.5: gcodein=0  mcu: mcu_awake=0.045 mcu_task_avg=0.000242 mcu_task_stddev=0.000374 bytes_write=4079 bytes_read=5386 bytes_retransmit=9 bytes_invalid=0 send_seq=189 receive_seq=189 retransmit_seq=2 srtt=0.004 rttvar=0.001 rto=0.025 ready_bytes=0 upcoming_bytes=0 freq=71997842 heater_bed: target=0 temp=21.4 pwm=0.000  sysload=4.73 cputime=0.942 memavail=4665504 print_time=0.000 buffer_time=0.000 print_stall=0 extruder: target=0 temp=22.0 pwm=0.000
Stats 33.5: gcodein=0  mcu: mcu_awake=0.045 mcu_task_avg=0.000242 mcu_task_stddev=0.000374 bytes_write=4085 bytes_read=5492 bytes_retransmit=9 bytes_invalid=0 send_seq=190 receive_seq=190 retransmit_seq=2 srtt=0.004 rttvar=0.001 rto=0.025 ready_bytes=0 upcoming_bytes=0 freq=71997819 heater_bed: target=0 temp=21.4 pwm=0.000  sysload=4.73 cputime=0.946 memavail=4662280 print_time=0.000 buffer_time=0.000 print_stall=0 extruder: target=0 temp=22.1 pwm=0.000
Stats 34.5: gcodein=0  mcu: mcu_awake=0.001 mcu_task_avg=0.000008 mcu_task_stddev=0.000006 bytes_write=4091 bytes_read=5641 bytes_retransmit=9 bytes_invalid=0 send_seq=191 receive_seq=191 retransmit_seq=2 srtt=0.004 rttvar=0.001 rto=0.025 ready_bytes=0 upcoming_bytes=0 freq=71997803 heater_bed: target=0 temp=21.4 pwm=0.000  sysload=4.73 cputime=0.950 memavail=4662288 print_time=0.000 buffer_time=0.000 print_stall=0 extruder: target=0 temp=22.1 pwm=0.000
Stats 35.5: gcodein=0  mcu: mcu_awake=0.001 mcu_task_avg=0.000008 mcu_task_stddev=0.000006 bytes_write=4097 bytes_read=5747 bytes_retransmit=9 bytes_invalid=0 send_seq=192 receive_seq=192 retransmit_seq=2 srtt=0.004 rttvar=0.001 rto=0.025 ready_bytes=0 upcoming_bytes=0 freq=71997795 heater_bed: target=0 temp=21.4 pwm=0.000  sysload=4.35 cputime=0.954 memavail=4662036 print_time=0.000 buffer_time=0.000 print_stall=0 extruder: target=0 temp=22.0 pwm=0.000
Stats 36.5: gcodein=0  mcu: mcu_awake=0.001 mcu_task_avg=0.000008 mcu_task_stddev=0.000006 bytes_write=4103 bytes_read=5853 bytes_retransmit=9 bytes_invalid=0 send_seq=193 receive_seq=193 retransmit_seq=2 srtt=0.004 rttvar=0.001 rto=0.025 ready_bytes=0 upcoming_bytes=0 freq=71997792 heater_bed: target=0 temp=21.4 pwm=0.000  sysload=4.35 cputime=0.958 memavail=4662036 print_time=0.000 buffer_time=0.000 print_stall=0 extruder: target=0 temp=22.1 pwm=0.000
Stats 37.5: gcodein=0  mcu: mcu_awake=0.001 mcu_task_avg=0.000008 mcu_task_stddev=0.000006 bytes_write=4109 bytes_read=5989 bytes_retransmit=9 bytes_invalid=0 send_seq=194 receive_seq=194 retransmit_seq=2 srtt=0.004 rttvar=0.001 rto=0.025 ready_bytes=0 upcoming_bytes=0 freq=71997783 heater_bed: target=0 temp=21.4 pwm=0.000  sysload=4.35 cputime=0.963 memavail=4662040 print_time=0.000 buffer_time=0.000 print_stall=0 extruder: target=0 temp=22.0 pwm=0.000
Stats 38.5: gcodein=0  mcu: mcu_awake=0.001 mcu_task_avg=0.000008 mcu_task_stddev=0.000006 bytes_write=4115 bytes_read=6095 bytes_retransmit=9 bytes_invalid=0 send_seq=195 receive_seq=195 retransmit_seq=2 srtt=0.004 rttvar=0.001 rto=0.025 ready_bytes=0 upcoming_bytes=0 freq=71997780 heater_bed: target=0 temp=21.5 pwm=0.000  sysload=4.35 cputime=0.967 memavail=4669516 print_time=0.000 buffer_time=0.000 print_stall=0 extruder: target=0 temp=22.1 pwm=0.000
Stats 39.5: gcodein=0  mcu: mcu_awake=0.001 mcu_task_avg=0.000008 mcu_task_stddev=0.000006 bytes_write=4121 bytes_read=6214 bytes_retransmit=9 bytes_invalid=0 send_seq=196 receive_seq=196 retransmit_seq=2 srtt=0.004 rttvar=0.001 rto=0.025 ready_bytes=0 upcoming_bytes=0 freq=71997778 heater_bed: target=0 temp=21.4 pwm=0.000  sysload=4.35 cputime=0.972 memavail=4669504 print_time=0.000 buffer_time=0.000 print_stall=0 extruder: target=0 temp=22.0 pwm=0.000
Stats 40.5: gcodein=0  mcu: mcu_awake=0.001 mcu_task_avg=0.000008 mcu_task_stddev=0.000006 bytes_write=4127 bytes_read=6350 bytes_retransmit=9 bytes_invalid=0 send_seq=197 receive_seq=197 retransmit_seq=2 srtt=0.004 rttvar=0.001 rto=0.025 ready_bytes=0 upcoming_bytes=0 freq=71997769 heater_bed: target=0 temp=21.5 pwm=0.000  sysload=4.00 cputime=0.976 memavail=4669504 print_time=0.000 buffer_time=0.000 print_stall=0 extruder: target=0 temp=22.0 pwm=0.000
Stats 41.5: gcodein=0  mcu: mcu_awake=0.001 mcu_task_avg=0.000008 mcu_task_stddev=0.000006 bytes_write=4133 bytes_read=6456 bytes_retransmit=9 bytes_invalid=0 send_seq=198 receive_seq=198 retransmit_seq=2 srtt=0.004 rttvar=0.001 rto=0.025 ready_bytes=0 upcoming_bytes=0 freq=71997774 heater_bed: target=0 temp=21.4 pwm=0.000  sysload=4.00 cputime=0.980 memavail=4669152 print_time=0.000 buffer_time=0.000 print_stall=0 extruder: target=0 temp=22.1 pwm=0.000
Stats 42.5: gcodein=0  mcu: mcu_awake=0.001 mcu_task_avg=0.000008 mcu_task_stddev=0.000006 bytes_write=4139 bytes_read=6562 bytes_retransmit=9 bytes_invalid=0 send_seq=199 receive_seq=199 retransmit_seq=2 srtt=0.004 rttvar=0.001 rto=0.025 ready_bytes=0 upcoming_bytes=0 freq=71997775 heater_bed: target=0 temp=21.4 pwm=0.000  sysload=4.00 cputime=0.986 memavail=4628628 print_time=0.000 buffer_time=0.000 print_stall=0 extruder: target=0 temp=22.0 pwm=0.000
Stats 43.5: gcodein=0  mcu: mcu_awake=0.001 mcu_task_avg=0.000008 mcu_task_stddev=0.000006 bytes_write=4145 bytes_read=6698 bytes_retransmit=9 bytes_invalid=0 send_seq=200 receive_seq=200 retransmit_seq=2 srtt=0.004 rttvar=0.001 rto=0.025 ready_bytes=0 upcoming_bytes=0 freq=71997778 heater_bed: target=0 temp=21.5 pwm=0.000  sysload=4.00 cputime=0.991 memavail=4673876 print_time=0.000 buffer_time=0.000 print_stall=0 extruder: target=0 temp=22.0 pwm=0.000
Stats 44.5: gcodein=0  mcu: mcu_awake=0.001 mcu_task_avg=0.000008 mcu_task_stddev=0.000006 bytes_write=4151 bytes_read=6817 bytes_retransmit=9 bytes_invalid=0 send_seq=201 receive_seq=201 retransmit_seq=2 srtt=0.004 rttvar=0.001 rto=0.025 ready_bytes=0 upcoming_bytes=0 freq=71997780 heater_bed: target=0 temp=21.4 pwm=0.000  sysload=4.00 cputime=0.996 memavail=4666264 print_time=0.000 buffer_time=0.000 print_stall=0 extruder: target=0 temp=22.1 pwm=0.000
Stats 45.5: gcodein=0  mcu: mcu_awake=0.001 mcu_task_avg=0.000008 mcu_task_stddev=0.000006 bytes_write=4157 bytes_read=6923 bytes_retransmit=9 bytes_invalid=0 send_seq=202 receive_seq=202 retransmit_seq=2 srtt=0.004 rttvar=0.000 rto=0.025 ready_bytes=0 upcoming_bytes=0 freq=71997779 heater_bed: target=0 temp=21.4 pwm=0.000  sysload=3.76 cputime=1.000 memavail=4653256 print_time=0.000 buffer_time=0.000 print_stall=0 extruder: target=0 temp=22.1 pwm=0.000
Stats 46.5: gcodein=0  mcu: mcu_awake=0.001 mcu_task_avg=0.000008 mcu_task_stddev=0.000006 bytes_write=4163 bytes_read=7059 bytes_retransmit=9 bytes_invalid=0 send_seq=203 receive_seq=203 retransmit_seq=2 srtt=0.003 rttvar=0.001 rto=0.025 ready_bytes=0 upcoming_bytes=0 freq=71997779 heater_bed: target=0 temp=21.4 pwm=0.000  sysload=3.76 cputime=1.006 memavail=4652548 print_time=0.000 buffer_time=0.000 print_stall=0 extruder: target=0 temp=22.1 pwm=0.000
Stats 47.5: gcodein=0  mcu: mcu_awake=0.001 mcu_task_avg=0.000008 mcu_task_stddev=0.000006 bytes_write=4169 bytes_read=7163 bytes_retransmit=9 bytes_invalid=0 send_seq=204 receive_seq=204 retransmit_seq=2 srtt=0.003 rttvar=0.000 rto=0.025 ready_bytes=0 upcoming_bytes=0 freq=71997781 heater_bed: target=0 temp=21.4 pwm=0.000  sysload=3.76 cputime=1.011 memavail=4522456 print_time=0.000 buffer_time=0.000 print_stall=0 extruder: target=0 temp=22.1 pwm=0.000
Stats 48.5: gcodein=0  mcu: mcu_awake=0.001 mcu_task_avg=0.000008 mcu_task_stddev=0.000006 bytes_write=5025 bytes_read=7362 bytes_retransmit=9 bytes_invalid=0 send_seq=221 receive_seq=221 retransmit_seq=2 srtt=0.003 rttvar=0.000 rto=0.025 ready_bytes=0 upcoming_bytes=0 freq=71997777 heater_bed: target=0 temp=21.5 pwm=0.000  sysload=3.76 cputime=1.019 memavail=4652628 print_time=0.000 buffer_time=0.000 print_stall=0 extruder: target=0 temp=22.1 pwm=0.000
Stats 80.5: gcodein=0  mcu: mcu_awake=0.001 mcu_task_avg=0.000008 mcu_task_stddev=0.000006 bytes_write=5934 bytes_read=11635 bytes_retransmit=9 bytes_invalid=0 send_seq=293 receive_seq=292 retransmit_seq=2 srtt=0.003 rttvar=0.000 rto=0.025 ready_bytes=0 upcoming_bytes=0 freq=71997788 heater_bed: target=0 temp=21.3 pwm=0.000  sysload=2.32 cputime=1.124 memavail=4727660 print_time=93.702 buffer_time=0.000 print_stall=0 extruder: target=0 temp=22.2 pwm=0.000
Stats 81.5: gcodein=0  mcu: mcu_awake=0.001 mcu_task_avg=0.000008 mcu_task_stddev=0.000006 bytes_write=5940 bytes_read=11772 bytes_retransmit=9 bytes_invalid=0 send_seq=294 receive_seq=294 retransmit_seq=2 srtt=0.003 rttvar=0.000 rto=0.025 ready_bytes=0 upcoming_bytes=0 freq=71997792 heater_bed: target=0 temp=21.4 pwm=0.000  sysload=2.32 cputime=1.127 memavail=4727172 print_time=93.702 buffer_time=0.000 print_stall=0 extruder: target=0 temp=22.3 pwm=0.000
Stats 82.5: gcodein=0  mcu: mcu_awake=0.001 mcu_task_avg=0.000008 mcu_task_stddev=0.000006 bytes_write=6329 bytes_read=12044 bytes_retransmit=9 bytes_invalid=0 send_seq=311 receive_seq=311 retransmit_seq=2 srtt=0.003 rttvar=0.000 rto=0.025 ready_bytes=0 upcoming_bytes=0 freq=71997801 heater_bed: target=0 temp=21.4 pwm=0.000  sysload=2.32 cputime=1.133 memavail=4726920 print_time=94.164 buffer_time=0.000 print_stall=0 extruder: target=0 temp=22.3 pwm=0.000
Stats 83.5: gcodein=0  mcu: mcu_awake=0.001 mcu_task_avg=0.000008 mcu_task_stddev=0.000006 bytes_write=6808 bytes_read=12407 bytes_retransmit=9 bytes_invalid=0 send_seq=338 receive_seq=338 retransmit_seq=2 srtt=0.003 rttvar=0.000 rto=0.025 ready_bytes=0 upcoming_bytes=0 freq=71997797 heater_bed: target=0 temp=21.5 pwm=0.000  sysload=2.32 cputime=1.142 memavail=4726924 print_time=95.043 buffer_time=0.000 print_stall=0 extruder: target=0 temp=22.3 pwm=0.000
Stats 84.5: gcodein=0  mcu: mcu_awake=0.003 mcu_task_avg=0.000014 mcu_task_stddev=0.000011 bytes_write=7194 bytes_read=12832 bytes_retransmit=9 bytes_invalid=0 send_seq=369 receive_seq=369 retransmit_seq=2 srtt=0.003 rttvar=0.000 rto=0.025 ready_bytes=0 upcoming_bytes=0 freq=71997797 heater_bed: target=0 temp=21.4 pwm=0.000  sysload=2.32 cputime=1.149 memavail=4726924 print_time=96.043 buffer_time=0.000 print_stall=0 extruder: target=0 temp=22.3 pwm=0.000
Stats 85.5: gcodein=0  mcu: mcu_awake=0.003 mcu_task_avg=0.000014 mcu_task_stddev=0.000011 bytes_write=7580 bytes_read=13243 bytes_retransmit=9 bytes_invalid=0 send_seq=400 receive_seq=400 retransmit_seq=2 srtt=0.003 rttvar=0.000 rto=0.025 ready_bytes=0 upcoming_bytes=0 freq=71997806 heater_bed: target=0 temp=21.5 pwm=0.000  sysload=2.13 cputime=1.156 memavail=4726696 print_time=97.043 buffer_time=0.000 print_stall=0 extruder: target=0 temp=22.3 pwm=0.000
Stats 86.5: gcodein=0  mcu: mcu_awake=0.003 mcu_task_avg=0.000014 mcu_task_stddev=0.000011 bytes_write=7966 bytes_read=13639 bytes_retransmit=9 bytes_invalid=0 send_seq=431 receive_seq=431 retransmit_seq=2 srtt=0.003 rttvar=0.000 rto=0.025 ready_bytes=0 upcoming_bytes=0 freq=71997805 heater_bed: target=0 temp=21.7 pwm=0.000  sysload=2.13 cputime=1.163 memavail=4726704 print_time=98.043 buffer_time=0.000 print_stall=0 extruder: target=0 temp=22.3 pwm=0.000
Stats 87.5: gcodein=0  mcu: mcu_awake=0.003 mcu_task_avg=0.000014 mcu_task_stddev=0.000011 bytes_write=8578 bytes_read=14076 bytes_retransmit=9 bytes_invalid=0 send_seq=466 receive_seq=464 retransmit_seq=2 srtt=0.003 rttvar=0.000 rto=0.025 ready_bytes=0 upcoming_bytes=0 freq=71997802 heater_bed: target=0 temp=22.5 pwm=0.000  sysload=2.13 cputime=1.171 memavail=4726704 print_time=99.056 buffer_time=0.000 print_stall=0 extruder: target=0 temp=22.2 pwm=0.000
Stats 88.5: gcodein=0  mcu: mcu_awake=0.003 mcu_task_avg=0.000014 mcu_task_stddev=0.000011 bytes_write=9192 bytes_read=14417 bytes_retransmit=9 bytes_invalid=0 send_seq=489 receive_seq=489 retransmit_seq=2 srtt=0.003 rttvar=0.000 rto=0.025 ready_bytes=0 upcoming_bytes=26 freq=71997826 heater_bed: target=0 temp=21.5 pwm=0.000  sysload=2.13 cputime=1.179 memavail=4688148 print_time=103.071 buffer_time=3.226 print_stall=0 extruder: target=0 temp=22.4 pwm=0.000
Stats 89.5: gcodein=0  mcu: mcu_awake=0.004 mcu_task_avg=0.000014 mcu_task_stddev=0.000010 bytes_write=9198 bytes_read=14537 bytes_retransmit=9 bytes_invalid=0 send_seq=490 receive_seq=490 retransmit_seq=2 srtt=0.003 rttvar=0.001 rto=0.025 ready_bytes=0 upcoming_bytes=26 freq=71997823 heater_bed: target=0 temp=21.5 pwm=0.000  sysload=2.13 cputime=1.183 memavail=4728424 print_time=103.071 buffer_time=2.226 print_stall=0 extruder: target=0 temp=22.4 pwm=0.000
Stats 90.5: gcodein=0  mcu: mcu_awake=0.004 mcu_task_avg=0.000014 mcu_task_stddev=0.000010 bytes_write=9204 bytes_read=14658 bytes_retransmit=9 bytes_invalid=0 send_seq=491 receive_seq=491 retransmit_seq=2 srtt=0.003 rttvar=0.001 rto=0.025 ready_bytes=0 upcoming_bytes=26 freq=71997820 heater_bed: target=0 temp=21.5 pwm=0.000  sysload=1.96 cputime=1.186 memavail=4728424 print_time=103.071 buffer_time=1.225 print_stall=0 extruder: target=0 temp=22.7 pwm=0.000
Stats 91.5: gcodein=0  mcu: mcu_awake=0.004 mcu_task_avg=0.000014 mcu_task_stddev=0.000010 bytes_write=9210 bytes_read=14779 bytes_retransmit=9 bytes_invalid=0 send_seq=492 receive_seq=492 retransmit_seq=2 srtt=0.003 rttvar=0.000 rto=0.025 ready_bytes=0 upcoming_bytes=26 freq=71997816 heater_bed: target=0 temp=21.5 pwm=0.000  sysload=1.96 cputime=1.189 memavail=4727948 print_time=103.071 buffer_time=0.225 print_stall=0 extruder: target=0 temp=22.3 pwm=0.000
Stats 92.5: gcodein=0  mcu: mcu_awake=0.004 mcu_task_avg=0.000014 mcu_task_stddev=0.000010 bytes_write=9257 bytes_read=14900 bytes_retransmit=9 bytes_invalid=0 send_seq=496 receive_seq=496 retransmit_seq=2 srtt=0.003 rttvar=0.001 rto=0.025 ready_bytes=0 upcoming_bytes=0 freq=71997813 heater_bed: target=0 temp=21.4 pwm=0.000  sysload=1.96 cputime=1.192 memavail=4727948 print_time=103.071 buffer_time=0.000 print_stall=0 extruder: target=0 temp=22.3 pwm=0.000
Stats 93.5: gcodein=0  mcu: mcu_awake=0.004 mcu_task_avg=0.000014 mcu_task_stddev=0.000010 bytes_write=9482 bytes_read=15161 bytes_retransmit=9 bytes_invalid=0 send_seq=508 receive_seq=508 retransmit_seq=2 srtt=0.003 rttvar=0.000 rto=0.025 ready_bytes=0 upcoming_bytes=0 freq=71997809 heater_bed: target=0 temp=21.5 pwm=0.000  sysload=1.96 cputime=1.198 memavail=4727948 print_time=105.012 buffer_time=0.000 print_stall=0 extruder: target=0 temp=22.3 pwm=0.000
Stats 94.5: gcodein=0  mcu: mcu_awake=0.002 mcu_task_avg=0.000012 mcu_task_stddev=0.000008 bytes_write=9868 bytes_read=15586 bytes_retransmit=9 bytes_invalid=0 send_seq=539 receive_seq=539 retransmit_seq=2 srtt=0.003 rttvar=0.000 rto=0.025 ready_bytes=0 upcoming_bytes=0 freq=71997805 heater_bed: target=0 temp=21.5 pwm=0.000  sysload=1.96 cputime=1.204 memavail=4727948 print_time=106.012 buffer_time=0.000 print_stall=0 extruder: target=0 temp=22.3 pwm=0.000
Stats 95.5: gcodein=0  mcu: mcu_awake=0.002 mcu_task_avg=0.000012 mcu_task_stddev=0.000008 bytes_write=10254 bytes_read=15982 bytes_retransmit=9 bytes_invalid=0 send_seq=570 receive_seq=570 retransmit_seq=2 srtt=0.003 rttvar=0.000 rto=0.025 ready_bytes=0 upcoming_bytes=0 freq=71997802 heater_bed: target=0 temp=21.5 pwm=0.000  sysload=1.80 cputime=1.211 memavail=4727948 print_time=107.012 buffer_time=0.000 print_stall=0 extruder: target=0 temp=22.3 pwm=0.000
Stats 96.5: gcodein=0  mcu: mcu_awake=0.002 mcu_task_avg=0.000012 mcu_task_stddev=0.000008 bytes_write=10640 bytes_read=16393 bytes_retransmit=9 bytes_invalid=0 send_seq=601 receive_seq=601 retransmit_seq=2 srtt=0.003 rttvar=0.000 rto=0.025 ready_bytes=0 upcoming_bytes=0 freq=71997798 heater_bed: target=0 temp=21.6 pwm=0.000  sysload=1.80 cputime=1.218 memavail=4727708 print_time=108.012 buffer_time=0.000 print_stall=0 extruder: target=0 temp=22.3 pwm=0.000
Stats 97.5: gcodein=0  mcu: mcu_awake=0.002 mcu_task_avg=0.000012 mcu_task_stddev=0.000008 bytes_write=11026 bytes_read=16804 bytes_retransmit=9 bytes_invalid=0 send_seq=632 receive_seq=632 retransmit_seq=2 srtt=0.003 rttvar=0.000 rto=0.025 ready_bytes=0 upcoming_bytes=0 freq=71997796 heater_bed: target=0 temp=21.5 pwm=0.000  sysload=1.80 cputime=1.224 memavail=4727708 print_time=109.012 buffer_time=0.000 print_stall=0 extruder: target=0 temp=22.5 pwm=0.000
Stats 98.5: gcodein=0  mcu: mcu_awake=0.002 mcu_task_avg=0.000012 mcu_task_stddev=0.000008 bytes_write=11425 bytes_read=17200 bytes_retransmit=9 bytes_invalid=0 send_seq=664 receive_seq=663 retransmit_seq=2 srtt=0.003 rttvar=0.000 rto=0.025 ready_bytes=0 upcoming_bytes=0 freq=71997793 heater_bed: target=0 temp=21.5 pwm=0.000  sysload=1.80 cputime=1.231 memavail=4727708 print_time=110.062 buffer_time=0.000 print_stall=0 extruder: target=0 temp=22.3 pwm=0.000
Stats 99.5: gcodein=0  mcu: mcu_awake=0.004 mcu_task_avg=0.000013 mcu_task_stddev=0.000005 bytes_write=11811 bytes_read=17625 bytes_retransmit=9 bytes_invalid=0 send_seq=695 receive_seq=694 retransmit_seq=2 srtt=0.003 rttvar=0.001 rto=0.025 ready_bytes=0 upcoming_bytes=0 freq=71997790 heater_bed: target=0 temp=21.5 pwm=0.000  sysload=1.80 cputime=1.238 memavail=4715864 print_time=111.062 buffer_time=0.000 print_stall=0 extruder: target=0 temp=22.3 pwm=0.000
Stats 100.5: gcodein=0  mcu: mcu_awake=0.004 mcu_task_avg=0.000013 mcu_task_stddev=0.000005 bytes_write=12197 bytes_read=18036 bytes_retransmit=9 bytes_invalid=0 send_seq=726 receive_seq=725 retransmit_seq=2 srtt=0.003 rttvar=0.000 rto=0.025 ready_bytes=0 upcoming_bytes=0 freq=71997795 heater_bed: target=0 temp=21.6 pwm=0.000  sysload=1.74 cputime=1.247 memavail=4676308 print_time=112.062 buffer_time=0.000 print_stall=0 extruder: target=0 temp=22.4 pwm=0.000
Stats 101.5: gcodein=0  mcu: mcu_awake=0.004 mcu_task_avg=0.000013 mcu_task_stddev=0.000005 bytes_write=12583 bytes_read=18432 bytes_retransmit=9 bytes_invalid=0 send_seq=757 receive_seq=756 retransmit_seq=2 srtt=0.003 rttvar=0.000 rto=0.025 ready_bytes=0 upcoming_bytes=0 freq=71997793 heater_bed: target=0 temp=21.3 pwm=0.000  sysload=1.74 cputime=1.256 memavail=4730084 print_time=113.062 buffer_time=0.000 print_stall=0 extruder: target=0 temp=22.5 pwm=0.000
Stats 102.5: gcodein=0  mcu: mcu_awake=0.004 mcu_task_avg=0.000013 mcu_task_stddev=0.000005 bytes_write=12969 bytes_read=18843 bytes_retransmit=9 bytes_invalid=0 send_seq=788 receive_seq=787 retransmit_seq=2 srtt=0.003 rttvar=0.000 rto=0.025 ready_bytes=0 upcoming_bytes=0 freq=71997790 heater_bed: target=0 temp=21.5 pwm=0.000  sysload=1.74 cputime=1.263 memavail=4730104 print_time=114.062 buffer_time=0.000 print_stall=0 extruder: target=0 temp=22.4 pwm=0.000
Stats 103.5: gcodein=0  mcu: mcu_awake=0.004 mcu_task_avg=0.000013 mcu_task_stddev=0.000005 bytes_write=13355 bytes_read=19259 bytes_retransmit=9 bytes_invalid=0 send_seq=819 receive_seq=819 retransmit_seq=2 srtt=0.003 rttvar=0.000 rto=0.025 ready_bytes=0 upcoming_bytes=0 freq=71997797 heater_bed: target=0 temp=21.5 pwm=0.000  sysload=1.74 cputime=1.270 memavail=4729376 print_time=115.062 buffer_time=0.000 print_stall=0 extruder: target=0 temp=22.3 pwm=0.000
Stats 104.5: gcodein=0  mcu: mcu_awake=0.004 mcu_task_avg=0.000013 mcu_task_stddev=0.000005 bytes_write=13741 bytes_read=19669 bytes_retransmit=9 bytes_invalid=0 send_seq=850 receive_seq=850 retransmit_seq=2 srtt=0.003 rttvar=0.000 rto=0.025 ready_bytes=0 upcoming_bytes=0 freq=71997804 heater_bed: target=0 temp=21.5 pwm=0.000  sysload=1.74 cputime=1.277 memavail=4729388 print_time=116.062 buffer_time=0.000 print_stall=0 extruder: target=0 temp=22.4 pwm=0.000
Stats 105.5: gcodein=0  mcu: mcu_awake=0.004 mcu_task_avg=0.000013 mcu_task_stddev=0.000005 bytes_write=14127 bytes_read=20080 bytes_retransmit=9 bytes_invalid=0 send_seq=881 receive_seq=881 retransmit_seq=2 srtt=0.003 rttvar=0.000 rto=0.025 ready_bytes=0 upcoming_bytes=0 freq=71997801 heater_bed: target=0 temp=21.6 pwm=0.000  sysload=1.60 cputime=1.283 memavail=4729388 print_time=117.062 buffer_time=0.000 print_stall=0 extruder: target=0 temp=22.5 pwm=0.000
Stats 106.5: gcodein=0  mcu: mcu_awake=0.004 mcu_task_avg=0.000013 mcu_task_stddev=0.000005 bytes_write=14513 bytes_read=20491 bytes_retransmit=9 bytes_invalid=0 send_seq=912 receive_seq=912 retransmit_seq=2 srtt=0.003 rttvar=0.000 rto=0.025 ready_bytes=0 upcoming_bytes=0 freq=71997798 heater_bed: target=0 temp=21.5 pwm=0.000  sysload=1.60 cputime=1.290 memavail=4729388 print_time=118.062 buffer_time=0.000 print_stall=0 extruder: target=0 temp=22.4 pwm=0.000
Stats 107.5: gcodein=0  mcu: mcu_awake=0.004 mcu_task_avg=0.000013 mcu_task_stddev=0.000005 bytes_write=14892 bytes_read=20877 bytes_retransmit=9 bytes_invalid=0 send_seq=943 receive_seq=943 retransmit_seq=2 srtt=0.003 rttvar=0.000 rto=0.025 ready_bytes=0 upcoming_bytes=0 freq=71997796 heater_bed: target=0 temp=21.5 pwm=0.000  sysload=1.60 cputime=1.297 memavail=4729388 print_time=119.062 buffer_time=0.000 print_stall=0 extruder: target=0 temp=22.4 pwm=0.000
Stats 108.5: gcodein=0  mcu: mcu_awake=0.004 mcu_task_avg=0.000013 mcu_task_stddev=0.000005 bytes_write=15268 bytes_read=21269 bytes_retransmit=9 bytes_invalid=0 send_seq=974 receive_seq=974 retransmit_seq=2 srtt=0.003 rttvar=0.000 rto=0.025 ready_bytes=0 upcoming_bytes=0 freq=71997793 heater_bed: target=0 temp=21.5 pwm=0.000  sysload=1.60 cputime=1.303 memavail=4729136 print_time=120.062 buffer_time=0.000 print_stall=0 extruder: target=0 temp=22.4 pwm=0.000
Stats 109.5: gcodein=0  mcu: mcu_awake=0.004 mcu_task_avg=0.000013 mcu_task_stddev=0.000005 bytes_write=15644 bytes_read=21676 bytes_retransmit=9 bytes_invalid=0 send_seq=1005 receive_seq=1005 retransmit_seq=2 srtt=0.003 rttvar=0.000 rto=0.025 ready_bytes=0 upcoming_bytes=0 freq=71997792 heater_bed: target=0 temp=21.5 pwm=0.000  sysload=1.60 cputime=1.310 memavail=4729132 print_time=121.062 buffer_time=0.000 print_stall=0 extruder: target=0 temp=22.4 pwm=0.000
Stats 110.5: gcodein=0  mcu: mcu_awake=0.004 mcu_task_avg=0.000013 mcu_task_stddev=0.000005 bytes_write=16020 bytes_read=22055 bytes_retransmit=9 bytes_invalid=0 send_seq=1036 receive_seq=1036 retransmit_seq=2 srtt=0.003 rttvar=0.000 rto=0.025 ready_bytes=0 upcoming_bytes=0 freq=71997789 heater_bed: target=0 temp=21.4 pwm=0.000  sysload=1.47 cputime=1.317 memavail=4729132 print_time=122.062 buffer_time=0.000 print_stall=0 extruder: target=0 temp=22.5 pwm=0.000
Stats 111.5: gcodein=0  mcu: mcu_awake=0.004 mcu_task_avg=0.000013 mcu_task_stddev=0.000005 bytes_write=16406 bytes_read=22463 bytes_retransmit=9 bytes_invalid=0 send_seq=1067 receive_seq=1067 retransmit_seq=2 srtt=0.003 rttvar=0.000 rto=0.025 ready_bytes=0 upcoming_bytes=0 freq=71997788 heater_bed: target=0 temp=21.5 pwm=0.000  sysload=1.47 cputime=1.325 memavail=4691096 print_time=123.062 buffer_time=0.000 print_stall=0 extruder: target=0 temp=22.5 pwm=0.000
Stats 112.5: gcodein=0  mcu: mcu_awake=0.004 mcu_task_avg=0.000013 mcu_task_stddev=0.000005 bytes_write=16792 bytes_read=22874 bytes_retransmit=9 bytes_invalid=0 send_seq=1098 receive_seq=1098 retransmit_seq=2 srtt=0.003 rttvar=0.000 rto=0.025 ready_bytes=0 upcoming_bytes=0 freq=71997787 heater_bed: target=0 temp=21.6 pwm=0.000  sysload=1.47 cputime=1.334 memavail=4731940 print_time=124.062 buffer_time=0.000 print_stall=0 extruder: target=0 temp=22.5 pwm=0.000
Stats 113.5: gcodein=0  mcu: mcu_awake=0.004 mcu_task_avg=0.000013 mcu_task_stddev=0.000005 bytes_write=17178 bytes_read=23270 bytes_retransmit=9 bytes_invalid=0 send_seq=1129 receive_seq=1129 retransmit_seq=2 srtt=0.003 rttvar=0.000 rto=0.025 ready_bytes=0 upcoming_bytes=0 freq=71997785 heater_bed: target=0 temp=21.6 pwm=0.000  sysload=1.47 cputime=1.341 memavail=4731444 print_time=125.062 buffer_time=0.000 print_stall=0 extruder: target=0 temp=22.5 pwm=0.000
Stats 114.5: gcodein=0  mcu: mcu_awake=0.004 mcu_task_avg=0.000013 mcu_task_stddev=0.000005 bytes_write=17564 bytes_read=23695 bytes_retransmit=9 bytes_invalid=0 send_seq=1160 receive_seq=1160 retransmit_seq=2 srtt=0.003 rttvar=0.001 rto=0.025 ready_bytes=0 upcoming_bytes=0 freq=71997784 heater_bed: target=0 temp=21.5 pwm=0.000  sysload=1.47 cputime=1.349 memavail=4731444 print_time=126.062 buffer_time=0.000 print_stall=0 extruder: target=0 temp=22.4 pwm=0.000
Stats 115.5: gcodein=0  mcu: mcu_awake=0.004 mcu_task_avg=0.000013 mcu_task_stddev=0.000005 bytes_write=17950 bytes_read=24106 bytes_retransmit=9 bytes_invalid=0 send_seq=1191 receive_seq=1191 retransmit_seq=2 srtt=0.003 rttvar=0.000 rto=0.025 ready_bytes=0 upcoming_bytes=0 freq=71997782 heater_bed: target=0 temp=21.5 pwm=0.000  sysload=1.35 cputime=1.355 memavail=4731452 print_time=127.062 buffer_time=0.000 print_stall=0 extruder: target=0 temp=22.5 pwm=0.000
Stats 116.5: gcodein=0  mcu: mcu_awake=0.004 mcu_task_avg=0.000013 mcu_task_stddev=0.000005 bytes_write=18326 bytes_read=24492 bytes_retransmit=9 bytes_invalid=0 send_seq=1220 receive_seq=1220 retransmit_seq=2 srtt=0.003 rttvar=0.000 rto=0.025 ready_bytes=0 upcoming_bytes=0 freq=71997781 heater_bed: target=0 temp=21.5 pwm=0.000  sysload=1.35 cputime=1.362 memavail=4731452 print_time=128.062 buffer_time=0.000 print_stall=0 extruder: target=0 temp=22.5 pwm=0.000
Stats 117.5: gcodein=0  mcu: mcu_awake=0.004 mcu_task_avg=0.000013 mcu_task_stddev=0.000005 bytes_write=18712 bytes_read=24903 bytes_retransmit=9 bytes_invalid=0 send_seq=1251 receive_seq=1251 retransmit_seq=2 srtt=0.003 rttvar=0.000 rto=0.025 ready_bytes=0 upcoming_bytes=0 freq=71997779 heater_bed: target=0 temp=21.5 pwm=0.000  sysload=1.35 cputime=1.369 memavail=4731200 print_time=129.062 buffer_time=0.000 print_stall=0 extruder: target=0 temp=22.4 pwm=0.000
Stats 118.5: gcodein=0  mcu: mcu_awake=0.004 mcu_task_avg=0.000013 mcu_task_stddev=0.000005 bytes_write=19098 bytes_read=25314 bytes_retransmit=9 bytes_invalid=0 send_seq=1282 receive_seq=1282 retransmit_seq=2 srtt=0.003 rttvar=0.000 rto=0.025 ready_bytes=0 upcoming_bytes=0 freq=71997779 heater_bed: target=0 temp=21.5 pwm=0.000  sysload=1.35 cputime=1.376 memavail=4731200 print_time=130.062 buffer_time=0.000 print_stall=0 extruder: target=0 temp=22.5 pwm=0.000
Stats 119.5: gcodein=0  mcu: mcu_awake=0.004 mcu_task_avg=0.000014 mcu_task_stddev=0.000005 bytes_write=19479 bytes_read=25719 bytes_retransmit=9 bytes_invalid=0 send_seq=1312 receive_seq=1312 retransmit_seq=2 srtt=0.003 rttvar=0.000 rto=0.025 ready_bytes=0 upcoming_bytes=0 freq=71997778 heater_bed: target=0 temp=21.5 pwm=0.000  sysload=1.35 cputime=1.383 memavail=4731208 print_time=131.062 buffer_time=0.000 print_stall=0 extruder: target=0 temp=22.4 pwm=0.000
Stats 120.5: gcodein=0  mcu: mcu_awake=0.004 mcu_task_avg=0.000014 mcu_task_stddev=0.000005 bytes_write=19860 bytes_read=26125 bytes_retransmit=9 bytes_invalid=0 send_seq=1342 receive_seq=1342 retransmit_seq=2 srtt=0.003 rttvar=0.000 rto=0.025 ready_bytes=0 upcoming_bytes=0 freq=71997777 heater_bed: target=0 temp=21.6 pwm=0.000  sysload=1.24 cputime=1.390 memavail=4731208 print_time=132.062 buffer_time=0.000 print_stall=0 extruder: target=0 temp=22.5 pwm=0.000
Stats 121.5: gcodein=0  mcu: mcu_awake=0.004 mcu_task_avg=0.000014 mcu_task_stddev=0.000005 bytes_write=20246 bytes_read=26536 bytes_retransmit=9 bytes_invalid=0 send_seq=1373 receive_seq=1373 retransmit_seq=2 srtt=0.003 rttvar=0.000 rto=0.025 ready_bytes=0 upcoming_bytes=0 freq=71997776 heater_bed: target=0 temp=21.6 pwm=0.000  sysload=1.24 cputime=1.397 memavail=4730988 print_time=133.062 buffer_time=0.000 print_stall=0 extruder: target=0 temp=22.5 pwm=0.000
Stats 122.5: gcodein=0  mcu: mcu_awake=0.004 mcu_task_avg=0.000014 mcu_task_stddev=0.000005 bytes_write=20632 bytes_read=26932 bytes_retransmit=9 bytes_invalid=0 send_seq=1404 receive_seq=1404 retransmit_seq=2 srtt=0.003 rttvar=0.000 rto=0.025 ready_bytes=0 upcoming_bytes=0 freq=71997776 heater_bed: target=0 temp=21.6 pwm=0.000  sysload=1.24 cputime=1.404 memavail=4716372 print_time=134.062 buffer_time=0.000 print_stall=0 extruder: target=0 temp=22.5 pwm=0.000
Stats 123.5: gcodein=0  mcu: mcu_awake=0.004 mcu_task_avg=0.000014 mcu_task_stddev=0.000005 bytes_write=21018 bytes_read=27343 bytes_retransmit=9 bytes_invalid=0 send_seq=1435 receive_seq=1435 retransmit_seq=2 srtt=0.003 rttvar=0.000 rto=0.025 ready_bytes=0 upcoming_bytes=0 freq=71997776 heater_bed: target=0 temp=21.6 pwm=0.000  sysload=1.24 cputime=1.413 memavail=4675044 print_time=135.062 buffer_time=0.000 print_stall=0 extruder: target=0 temp=22.4 pwm=0.000
Stats 124.5: gcodein=0  mcu: mcu_awake=0.004 mcu_task_avg=0.000013 mcu_task_stddev=0.000005 bytes_write=21404 bytes_read=27768 bytes_retransmit=9 bytes_invalid=0 send_seq=1466 receive_seq=1466 retransmit_seq=2 srtt=0.003 rttvar=0.000 rto=0.025 ready_bytes=0 upcoming_bytes=0 freq=71997775 heater_bed: target=0 temp=21.5 pwm=0.000  sysload=1.24 cputime=1.421 memavail=4731904 print_time=136.062 buffer_time=0.000 print_stall=0 extruder: target=0 temp=22.5 pwm=0.000
Stats 125.5: gcodein=0  mcu: mcu_awake=0.004 mcu_task_avg=0.000013 mcu_task_stddev=0.000005 bytes_write=21642 bytes_read=28059 bytes_retransmit=9 bytes_invalid=0 send_seq=1484 receive_seq=1484 retransmit_seq=2 srtt=0.003 rttvar=0.001 rto=0.025 ready_bytes=0 upcoming_bytes=0 freq=71997775 heater_bed: target=0 temp=21.5 pwm=0.000  sysload=1.14 cputime=1.427 memavail=4731916 print_time=136.444 buffer_time=0.000 print_stall=0 extruder: target=0 temp=22.4 pwm=0.000
Stats 126.5: gcodein=0  mcu: mcu_awake=0.004 mcu_task_avg=0.000013 mcu_task_stddev=0.000005 bytes_write=21907 bytes_read=28292 bytes_retransmit=9 bytes_invalid=0 send_seq=1493 receive_seq=1493 retransmit_seq=2 srtt=0.003 rttvar=0.000 rto=0.025 ready_bytes=0 upcoming_bytes=8 freq=71997777 heater_bed: target=0 temp=21.6 pwm=0.000  sysload=1.14 cputime=1.432 memavail=4731916 print_time=139.011 buffer_time=0.000 print_stall=0 extruder: target=0 temp=22.5 pwm=0.000
Stats 127.5: gcodein=0  mcu: mcu_awake=0.004 mcu_task_avg=0.000013 mcu_task_stddev=0.000005 bytes_write=21942 bytes_read=28423 bytes_retransmit=9 bytes_invalid=0 send_seq=1496 receive_seq=1496 retransmit_seq=2 srtt=0.003 rttvar=0.000 rto=0.025 ready_bytes=0 upcoming_bytes=0 freq=71997777 heater_bed: target=0 temp=21.5 pwm=0.000  sysload=1.14 cputime=1.435 memavail=4731916 print_time=139.061 buffer_time=0.000 print_stall=0 extruder: target=0 temp=22.5 pwm=0.000
Stats 128.5: gcodein=0  mcu: mcu_awake=0.004 mcu_task_avg=0.000013 mcu_task_stddev=0.000005 bytes_write=22318 bytes_read=28795 bytes_retransmit=9 bytes_invalid=0 send_seq=1525 receive_seq=1525 retransmit_seq=2 srtt=0.003 rttvar=0.000 rto=0.025 ready_bytes=0 upcoming_bytes=0 freq=71997777 heater_bed: target=0 temp=21.5 pwm=0.000  sysload=1.14 cputime=1.442 memavail=4731664 print_time=140.061 buffer_time=0.000 print_stall=0 extruder: target=0 temp=22.5 pwm=0.000
Stats 129.5: gcodein=0  mcu: mcu_awake=0.003 mcu_task_avg=0.000013 mcu_task_stddev=0.000008 bytes_write=22684 bytes_read=29220 bytes_retransmit=9 bytes_invalid=0 send_seq=1556 receive_seq=1556 retransmit_seq=2 srtt=0.003 rttvar=0.000 rto=0.025 ready_bytes=0 upcoming_bytes=0 freq=71997776 heater_bed: target=0 temp=21.5 pwm=0.000  sysload=1.14 cputime=1.449 memavail=4731672 print_time=141.061 buffer_time=0.000 print_stall=0 extruder: target=0 temp=22.5 pwm=0.000
Stats 130.5: gcodein=0  mcu: mcu_awake=0.003 mcu_task_avg=0.000013 mcu_task_stddev=0.000008 bytes_write=22920 bytes_read=29594 bytes_retransmit=9 bytes_invalid=0 send_seq=1576 receive_seq=1576 retransmit_seq=2 srtt=0.003 rttvar=0.001 rto=0.025 ready_bytes=0 upcoming_bytes=0 freq=71997778 heater_bed: target=0 temp=21.5 pwm=0.000  sysload=1.05 cputime=1.455 memavail=4731672 print_time=142.073 buffer_time=0.208 print_stall=0 extruder: target=0 temp=22.5 pwm=0.000
Stats 131.5: gcodein=0  mcu: mcu_awake=0.003 mcu_task_avg=0.000013 mcu_task_stddev=0.000008 bytes_write=23030 bytes_read=29710 bytes_retransmit=9 bytes_invalid=0 send_seq=1579 receive_seq=1579 retransmit_seq=2 srtt=0.003 rttvar=0.000 rto=0.025 ready_bytes=0 upcoming_bytes=0 freq=71997777 heater_bed: target=0 temp=21.4 pwm=0.000  sysload=1.05 cputime=1.459 memavail=4731436 print_time=143.599 buffer_time=0.732 print_stall=0 extruder: target=0 temp=22.6 pwm=0.000
Stats 132.5: gcodein=0  mcu: mcu_awake=0.003 mcu_task_avg=0.000013 mcu_task_stddev=0.000008 bytes_write=23097 bytes_read=29836 bytes_retransmit=9 bytes_invalid=0 send_seq=1581 receive_seq=1581 retransmit_seq=2 srtt=0.003 rttvar=0.000 rto=0.025 ready_bytes=0 upcoming_bytes=0 freq=71997777 heater_bed: target=0 temp=21.5 pwm=0.000  sysload=1.05 cputime=1.462 memavail=4731436 print_time=143.599 buffer_time=0.000 print_stall=0 extruder: target=0 temp=22.5 pwm=0.000
Stats 133.5: gcodein=0  mcu: mcu_awake=0.003 mcu_task_avg=0.000013 mcu_task_stddev=0.000008 bytes_write=23103 bytes_read=29957 bytes_retransmit=9 bytes_invalid=0 send_seq=1582 receive_seq=1582 retransmit_seq=2 srtt=0.003 rttvar=0.000 rto=0.025 ready_bytes=0 upcoming_bytes=0 freq=71997777 heater_bed: target=0 temp=21.5 pwm=0.000  sysload=1.05 cputime=1.465 memavail=4730960 print_time=143.599 buffer_time=0.000 print_stall=0 extruder: target=0 temp=22.6 pwm=0.000
Stats 134.5: gcodein=0  mcu: mcu_awake=0.003 mcu_task_avg=0.000013 mcu_task_stddev=0.000008 bytes_write=23109 bytes_read=30063 bytes_retransmit=9 bytes_invalid=0 send_seq=1583 receive_seq=1583 retransmit_seq=2 srtt=0.003 rttvar=0.000 rto=0.025 ready_bytes=0 upcoming_bytes=0 freq=71997778 heater_bed: target=0 temp=21.4 pwm=0.000  sysload=1.05 cputime=1.468 memavail=4690900 print_time=143.599 buffer_time=0.000 print_stall=0 extruder: target=0 temp=22.6 pwm=0.000
Stats 135.5: gcodein=0  mcu: mcu_awake=0.001 mcu_task_avg=0.000011 mcu_task_stddev=0.000009 bytes_write=23115 bytes_read=30198 bytes_retransmit=9 bytes_invalid=0 send_seq=1584 receive_seq=1584 retransmit_seq=2 srtt=0.003 rttvar=0.000 rto=0.025 ready_bytes=0 upcoming_bytes=0 freq=71997781 heater_bed: target=0 temp=21.5 pwm=0.000  sysload=1.05 cputime=1.472 memavail=4732340 print_time=143.599 buffer_time=0.000 print_stall=0 extruder: target=0 temp=22.7 pwm=0.000
Stats 136.5: gcodein=0  mcu: mcu_awake=0.001 mcu_task_avg=0.000011 mcu_task_stddev=0.000009 bytes_write=23121 bytes_read=30319 bytes_retransmit=9 bytes_invalid=0 send_seq=1585 receive_seq=1585 retransmit_seq=2 srtt=0.003 rttvar=0.000 rto=0.025 ready_bytes=0 upcoming_bytes=0 freq=71997780 heater_bed: target=0 temp=21.5 pwm=0.000  sysload=1.05 cputime=1.475 memavail=4731112 print_time=143.599 buffer_time=0.000 print_stall=0 extruder: target=0 temp=22.5 pwm=0.000
Stats 137.5: gcodein=0  mcu: mcu_awake=0.001 mcu_task_avg=0.000011 mcu_task_stddev=0.000009 bytes_write=23127 bytes_read=30425 bytes_retransmit=9 bytes_invalid=0 send_seq=1586 receive_seq=1586 retransmit_seq=2 srtt=0.003 rttvar=0.000 rto=0.025 ready_bytes=0 upcoming_bytes=0 freq=71997781 heater_bed: target=0 temp=21.4 pwm=0.000  sysload=1.05 cputime=1.478 memavail=4731112 print_time=143.599 buffer_time=0.000 print_stall=0 extruder: target=0 temp=22.6 pwm=0.000
Stats 138.5: gcodein=0  mcu: mcu_awake=0.001 mcu_task_avg=0.000011 mcu_task_stddev=0.000009 bytes_write=23133 bytes_read=30546 bytes_retransmit=9 bytes_invalid=0 send_seq=1587 receive_seq=1587 retransmit_seq=2 srtt=0.003 rttvar=0.000 rto=0.025 ready_bytes=0 upcoming_bytes=0 freq=71997781 heater_bed: target=0 temp=21.9 pwm=0.000  sysload=1.05 cputime=1.481 memavail=4731112 print_time=143.599 buffer_time=0.000 print_stall=0 extruder: target=0 temp=22.5 pwm=0.000
Stats 139.5: gcodein=0  mcu: mcu_awake=0.001 mcu_task_avg=0.000011 mcu_task_stddev=0.000009 bytes_write=23139 bytes_read=30667 bytes_retransmit=9 bytes_invalid=0 send_seq=1588 receive_seq=1588 retransmit_seq=2 srtt=0.003 rttvar=0.000 rto=0.025 ready_bytes=0 upcoming_bytes=0 freq=71997781 heater_bed: target=0 temp=21.5 pwm=0.000  sysload=1.05 cputime=1.484 memavail=4730868 print_time=143.599 buffer_time=0.000 print_stall=0 extruder: target=0 temp=22.5 pwm=0.000
Stats 140.5: gcodein=0  mcu: mcu_awake=0.001 mcu_task_avg=0.000009 mcu_task_stddev=0.000006 bytes_write=23145 bytes_read=30786 bytes_retransmit=9 bytes_invalid=0 send_seq=1589 receive_seq=1589 retransmit_seq=2 srtt=0.003 rttvar=0.000 rto=0.025 ready_bytes=0 upcoming_bytes=0 freq=71997782 heater_bed: target=0 temp=21.5 pwm=0.000  sysload=0.96 cputime=1.487 memavail=4730872 print_time=143.599 buffer_time=0.000 print_stall=0 extruder: target=0 temp=22.5 pwm=0.000
Stats 141.5: gcodein=0  mcu: mcu_awake=0.001 mcu_task_avg=0.000009 mcu_task_stddev=0.000006 bytes_write=23151 bytes_read=30907 bytes_retransmit=9 bytes_invalid=0 send_seq=1590 receive_seq=1590 retransmit_seq=2 srtt=0.003 rttvar=0.000 rto=0.025 ready_bytes=0 upcoming_bytes=0 freq=71997782 heater_bed: target=0 temp=21.6 pwm=0.000  sysload=0.96 cputime=1.490 memavail=4730872 print_time=143.599 buffer_time=0.000 print_stall=0 extruder: target=0 temp=22.6 pwm=0.000
Stats 142.5: gcodein=0  mcu: mcu_awake=0.001 mcu_task_avg=0.000009 mcu_task_stddev=0.000006 bytes_write=23163 bytes_read=31044 bytes_retransmit=9 bytes_invalid=0 send_seq=1592 receive_seq=1592 retransmit_seq=2 srtt=0.003 rttvar=0.000 rto=0.025 ready_bytes=0 upcoming_bytes=0 freq=71997781 heater_bed: target=0 temp=21.5 pwm=0.000  sysload=0.96 cputime=1.493 memavail=4730872 print_time=143.599 buffer_time=0.000 print_stall=0 extruder: target=0 temp=22.6 pwm=0.000
Stats 143.5: gcodein=0  mcu: mcu_awake=0.001 mcu_task_avg=0.000009 mcu_task_stddev=0.000006 bytes_write=23169 bytes_read=31150 bytes_retransmit=9 bytes_invalid=0 send_seq=1593 receive_seq=1593 retransmit_seq=2 srtt=0.003 rttvar=0.000 rto=0.025 ready_bytes=0 upcoming_bytes=0 freq=71997784 heater_bed: target=0 temp=21.4 pwm=0.000  sysload=0.96 cputime=1.497 memavail=4730620 print_time=143.599 buffer_time=0.000 print_stall=0 extruder: target=0 temp=22.5 pwm=0.000
Stats 144.5: gcodein=0  mcu: mcu_awake=0.001 mcu_task_avg=0.000009 mcu_task_stddev=0.000006 bytes_write=23175 bytes_read=31271 bytes_retransmit=9 bytes_invalid=0 send_seq=1594 receive_seq=1594 retransmit_seq=2 srtt=0.003 rttvar=0.000 rto=0.025 ready_bytes=0 upcoming_bytes=0 freq=71997784 heater_bed: target=0 temp=21.5 pwm=0.000  sysload=0.96 cputime=1.500 memavail=4730628 print_time=143.599 buffer_time=0.000 print_stall=0 extruder: target=0 temp=22.6 pwm=0.000
Stats 145.5: gcodein=0  mcu: mcu_awake=0.001 mcu_task_avg=0.000008 mcu_task_stddev=0.000006 bytes_write=23181 bytes_read=31405 bytes_retransmit=9 bytes_invalid=0 send_seq=1595 receive_seq=1595 retransmit_seq=2 srtt=0.003 rttvar=0.000 rto=0.025 ready_bytes=0 upcoming_bytes=0 freq=71997784 heater_bed: target=0 temp=21.5 pwm=0.000  sysload=0.89 cputime=1.503 memavail=4716264 print_time=143.599 buffer_time=0.000 print_stall=0 extruder: target=0 temp=22.6 pwm=0.000
Stats 146.6: gcodein=0  mcu: mcu_awake=0.001 mcu_task_avg=0.000008 mcu_task_stddev=0.000006 bytes_write=23187 bytes_read=31511 bytes_retransmit=9 bytes_invalid=0 send_seq=1596 receive_seq=1596 retransmit_seq=2 srtt=0.003 rttvar=0.000 rto=0.025 ready_bytes=0 upcoming_bytes=0 freq=71997784 heater_bed: target=0 temp=21.5 pwm=0.000  sysload=0.89 cputime=1.507 memavail=4674936 print_time=143.599 buffer_time=0.000 print_stall=0 extruder: target=0 temp=22.6 pwm=0.000
Stats 147.6: gcodein=0  mcu: mcu_awake=0.001 mcu_task_avg=0.000008 mcu_task_stddev=0.000006 bytes_write=23193 bytes_read=31632 bytes_retransmit=9 bytes_invalid=0 send_seq=1597 receive_seq=1597 retransmit_seq=2 srtt=0.003 rttvar=0.000 rto=0.025 ready_bytes=0 upcoming_bytes=0 freq=71997785 heater_bed: target=0 temp=21.6 pwm=0.000  sysload=0.89 cputime=1.510 memavail=4732340 print_time=143.599 buffer_time=0.000 print_stall=0 extruder: target=0 temp=22.6 pwm=0.000
Stats 148.6: gcodein=0  mcu: mcu_awake=0.001 mcu_task_avg=0.000008 mcu_task_stddev=0.000006 bytes_write=23199 bytes_read=31753 bytes_retransmit=9 bytes_invalid=0 send_seq=1598 receive_seq=1598 retransmit_seq=2 srtt=0.003 rttvar=0.000 rto=0.025 ready_bytes=0 upcoming_bytes=0 freq=71997784 heater_bed: target=0 temp=21.6 pwm=0.000  sysload=0.89 cputime=1.513 memavail=4732340 print_time=143.599 buffer_time=0.000 print_stall=0 extruder: target=0 temp=22.6 pwm=0.000
Stats 149.6: gcodein=0  mcu: mcu_awake=0.001 mcu_task_avg=0.000008 mcu_task_stddev=0.000006 bytes_write=23205 bytes_read=31859 bytes_retransmit=9 bytes_invalid=0 send_seq=1599 receive_seq=1599 retransmit_seq=2 srtt=0.003 rttvar=0.000 rto=0.025 ready_bytes=0 upcoming_bytes=0 freq=71997784 heater_bed: target=0 temp=21.5 pwm=0.000  sysload=0.89 cputime=1.516 memavail=4732096 print_time=143.599 buffer_time=0.000 print_stall=0 extruder: target=0 temp=22.8 pwm=0.000
Stats 150.6: gcodein=0  mcu: mcu_awake=0.001 mcu_task_avg=0.000008 mcu_task_stddev=0.000006 bytes_write=23211 bytes_read=31993 bytes_retransmit=9 bytes_invalid=0 send_seq=1600 receive_seq=1600 retransmit_seq=2 srtt=0.003 rttvar=0.000 rto=0.025 ready_bytes=0 upcoming_bytes=0 freq=71997784 heater_bed: target=0 temp=21.5 pwm=0.000  sysload=0.81 cputime=1.519 memavail=4732096 print_time=143.599 buffer_time=0.000 print_stall=0 extruder: target=0 temp=22.5 pwm=0.000
Stats 151.6: gcodein=0  mcu: mcu_awake=0.001 mcu_task_avg=0.000008 mcu_task_stddev=0.000006 bytes_write=23217 bytes_read=32114 bytes_retransmit=9 bytes_invalid=0 send_seq=1601 receive_seq=1601 retransmit_seq=2 srtt=0.003 rttvar=0.000 rto=0.025 ready_bytes=0 upcoming_bytes=0 freq=71997785 heater_bed: target=0 temp=21.6 pwm=0.000  sysload=0.81 cputime=1.522 memavail=4731872 print_time=143.599 buffer_time=0.000 print_stall=0 extruder: target=0 temp=22.7 pwm=0.000
Stats 152.6: gcodein=0  mcu: mcu_awake=0.001 mcu_task_avg=0.000008 mcu_task_stddev=0.000006 bytes_write=23223 bytes_read=32220 bytes_retransmit=9 bytes_invalid=0 send_seq=1602 receive_seq=1602 retransmit_seq=2 srtt=0.003 rttvar=0.000 rto=0.025 ready_bytes=0 upcoming_bytes=0 freq=71997785 heater_bed: target=0 temp=21.6 pwm=0.000  sysload=0.81 cputime=1.525 memavail=4731620 print_time=143.599 buffer_time=0.000 print_stall=0 extruder: target=0 temp=22.6 pwm=0.000
Stats 153.6: gcodein=0  mcu: mcu_awake=0.001 mcu_task_avg=0.000008 mcu_task_stddev=0.000006 bytes_write=23229 bytes_read=32341 bytes_retransmit=9 bytes_invalid=0 send_seq=1603 receive_seq=1603 retransmit_seq=2 srtt=0.003 rttvar=0.000 rto=0.025 ready_bytes=0 upcoming_bytes=0 freq=71997786 heater_bed: target=0 temp=21.6 pwm=0.000  sysload=0.81 cputime=1.528 memavail=4730872 print_time=143.599 buffer_time=0.000 print_stall=0 extruder: target=0 temp=22.6 pwm=0.000
Stats 154.6: gcodein=0  mcu: mcu_awake=0.001 mcu_task_avg=0.000008 mcu_task_stddev=0.000006 bytes_write=23235 bytes_read=32462 bytes_retransmit=9 bytes_invalid=0 send_seq=1604 receive_seq=1604 retransmit_seq=2 srtt=0.003 rttvar=0.000 rto=0.025 ready_bytes=0 upcoming_bytes=0 freq=71997786 heater_bed: target=0 temp=21.5 pwm=0.000  sysload=0.81 cputime=1.531 memavail=4730880 print_time=143.599 buffer_time=0.000 print_stall=0 extruder: target=0 temp=22.6 pwm=0.000
Stats 155.6: gcodein=0  mcu: mcu_awake=0.001 mcu_task_avg=0.000008 mcu_task_stddev=0.000006 bytes_write=23241 bytes_read=32581 bytes_retransmit=9 bytes_invalid=0 send_seq=1605 receive_seq=1605 retransmit_seq=2 srtt=0.003 rttvar=0.000 rto=0.025 ready_bytes=0 upcoming_bytes=0 freq=71997785 heater_bed: target=0 temp=21.5 pwm=0.000  sysload=0.75 cputime=1.534 memavail=4730880 print_time=143.599 buffer_time=0.000 print_stall=0 extruder: target=0 temp=22.6 pwm=0.000
Stats 156.6: gcodein=0  mcu: mcu_awake=0.001 mcu_task_avg=0.000008 mcu_task_stddev=0.000006 bytes_write=23247 bytes_read=32702 bytes_retransmit=9 bytes_invalid=0 send_seq=1606 receive_seq=1606 retransmit_seq=2 srtt=0.003 rttvar=0.000 rto=0.025 ready_bytes=0 upcoming_bytes=0 freq=71997784 heater_bed: target=0 temp=21.5 pwm=0.000  sysload=0.75 cputime=1.537 memavail=4730632 print_time=143.599 buffer_time=0.000 print_stall=0 extruder: target=0 temp=22.7 pwm=0.000
Stats 157.6: gcodein=0  mcu: mcu_awake=0.001 mcu_task_avg=0.000008 mcu_task_stddev=0.000006 bytes_write=23253 bytes_read=32823 bytes_retransmit=9 bytes_invalid=0 send_seq=1607 receive_seq=1607 retransmit_seq=2 srtt=0.003 rttvar=0.000 rto=0.025 ready_bytes=0 upcoming_bytes=0 freq=71997783 heater_bed: target=0 temp=21.5 pwm=0.000  sysload=0.75 cputime=1.541 memavail=4690312 print_time=143.599 buffer_time=0.000 print_stall=0 extruder: target=0 temp=22.6 pwm=0.000
Stats 158.6: gcodein=0  mcu: mcu_awake=0.001 mcu_task_avg=0.000008 mcu_task_stddev=0.000006 bytes_write=23259 bytes_read=32929 bytes_retransmit=9 bytes_invalid=0 send_seq=1608 receive_seq=1608 retransmit_seq=2 srtt=0.003 rttvar=0.000 rto=0.025 ready_bytes=0 upcoming_bytes=0 freq=71997784 heater_bed: target=0 temp=21.5 pwm=0.000  sysload=0.75 cputime=1.545 memavail=4732492 print_time=143.599 buffer_time=0.000 print_stall=0 extruder: target=0 temp=22.6 pwm=0.000
b'Got EOF when reading from device'
Stats 159.6: gcodein=0  mcu: mcu_awake=0.001 mcu_task_avg=0.000008 mcu_task_stddev=0.000006 bytes_write=23265 bytes_read=33050 bytes_retransmit=9 bytes_invalid=0 send_seq=1609 receive_seq=1609 retransmit_seq=2 srtt=0.003 rttvar=0.000 rto=0.025 ready_bytes=0 upcoming_bytes=0 freq=71997783 heater_bed: target=0 temp=21.5 pwm=0.000  sysload=0.75 cputime=1.548 memavail=4731492 print_time=143.599 buffer_time=0.000 print_stall=0 extruder: target=0 temp=22.7 pwm=0.000
Stats 160.6: gcodein=0  mcu: mcu_awake=0.001 mcu_task_avg=0.000008 mcu_task_stddev=0.000006 bytes_write=23265 bytes_read=33050 bytes_retransmit=9 bytes_invalid=0 send_seq=1609 receive_seq=1609 retransmit_seq=2 srtt=0.003 rttvar=0.000 rto=0.025 ready_bytes=0 upcoming_bytes=1 freq=71997783 heater_bed: target=0 temp=21.5 pwm=0.000  sysload=0.69 cputime=1.550 memavail=4726960 print_time=143.599 buffer_time=0.000 print_stall=0 extruder: target=0 temp=22.7 pwm=0.000
Stats 161.6: gcodein=0  mcu: mcu_awake=0.001 mcu_task_avg=0.000008 mcu_task_stddev=0.000006 bytes_write=23265 bytes_read=33050 bytes_retransmit=9 bytes_invalid=0 send_seq=1609 receive_seq=1609 retransmit_seq=2 srtt=0.003 rttvar=0.000 rto=0.025 ready_bytes=0 upcoming_bytes=2 freq=71997783 heater_bed: target=0 temp=21.5 pwm=0.000  sysload=0.69 cputime=1.552 memavail=4726960 print_time=143.599 buffer_time=0.000 print_stall=0 extruder: target=0 temp=22.7 pwm=0.000
Stats 162.6: gcodein=0  mcu: mcu_awake=0.001 mcu_task_avg=0.000008 mcu_task_stddev=0.000006 bytes_write=23265 bytes_read=33050 bytes_retransmit=9 bytes_invalid=0 send_seq=1609 receive_seq=1609 retransmit_seq=2 srtt=0.003 rttvar=0.000 rto=0.025 ready_bytes=0 upcoming_bytes=3 freq=71997783 heater_bed: target=0 temp=21.5 pwm=0.000  sysload=0.69 cputime=1.554 memavail=4726708 print_time=143.599 buffer_time=0.000 print_stall=0 extruder: target=0 temp=22.7 pwm=0.000
Stats 163.6: gcodein=0  mcu: mcu_awake=0.001 mcu_task_avg=0.000008 mcu_task_stddev=0.000006 bytes_write=23265 bytes_read=33050 bytes_retransmit=9 bytes_invalid=0 send_seq=1609 receive_seq=1609 retransmit_seq=2 srtt=0.003 rttvar=0.000 rto=0.025 ready_bytes=0 upcoming_bytes=4 freq=71997783 heater_bed: target=0 temp=21.5 pwm=0.000  sysload=0.69 cputime=1.556 memavail=4726232 print_time=143.599 buffer_time=0.000 print_stall=0 extruder: target=0 temp=22.7 pwm=0.000
Timeout with MCU 'mcu' (eventtime=164.559577)
Transition to shutdown state: Lost communication with MCU 'mcu'
Dumping gcode input 0 blocks
Dumping 20 requests for client 137763292846816
Received 28.701922: b'{"id": 129814893689488, "method": "register_remote_method", "params": {"response_template": {"method": "start_job_queue"}, "remote_method": "start_job_queue"}}'
Received 28.702391: b'{"id": 129814893689488, "method": "register_remote_method", "params": {"response_template": {"method": "timelapse_newframe"}, "remote_method": "timelapse_newframe"}}'
Received 28.702820: b'{"id": 129814893689488, "method": "register_remote_method", "params": {"response_template": {"method": "timelapse_saveFrames"}, "remote_method": "timelapse_saveFrames"}}'
Received 28.703238: b'{"id": 129814893689488, "method": "register_remote_method", "params": {"response_template": {"method": "timelapse_render"}, "remote_method": "timelapse_render"}}'
Received 28.703984: b'{"id": 129814893676336, "method": "objects/query", "params": {"objects": {"heaters": null}}}'
Received 28.704065: b'{"id": 129814893675520, "method": "objects/query", "params": {"objects": {"heaters": null}}}'
Received 28.704662: b'{"id": 129814893602864, "method": "gcode/script", "params": {"script": "_SET_TIMELAPSE_SETUP  ENABLE=False VERBOSE=True PARK_ENABLE=True PARK_POS=custom CUSTOM_POS_X=16.0 CUSTOM_POS_Y=155.0 CUSTOM_POS_DZ=0.0 TRAVEL_SPEED=100 RETRACT_SPEED=60 EXTRUDE_SPEED=60 RETRACT_DISTANCE=5.0 EXTRUDE_DISTANCE=5.0 PARK_TIME=0.1 FW_RETRACT=False"}}'
Received 28.704662: b'{"id": 129814893598112, "method": "gcode/script", "params": {"script": "HYPERLAPSE ACTION=STOP"}}'
Received 28.847528: b'{"id": 129814893602288, "method": "objects/subscribe", "params": {"objects": {"print_stats": null, "webhooks": null, "virtual_sdcard": null, "history": null}, "response_template": {"method": "process_status_update"}}}'
Received 28.950291: b'{"id": 129814893598064, "method": "objects/subscribe", "params": {"objects": {"webhooks": null, "print_stats": null, "heater_bed": null, "extruder": null, "virtual_sdcard": null, "history": null}, "response_template": {"method": "process_status_update"}}}'
Received 28.950996: b'{"id": 129814893605168, "method": "objects/query", "params": {"objects": {"print_stats": null}}}'
Received 29.201456: b'{"id": 129814893608480, "method": "objects/subscribe", "params": {"objects": {"webhooks": null, "print_stats": null, "heater_bed": null, "extruder": null, "virtual_sdcard": null, "history": null}, "response_template": {"method": "process_status_update"}}}'
Received 29.647000: b'{"id": 129814893741344, "method": "objects/query", "params": {"objects": {"heaters": null}}}'
Received 29.704939: b'{"id": 129814893742400, "method": "objects/list", "params": {"objects": {}}}'
Received 29.741839: b'{"id": 129814893741632, "method": "objects/query", "params": {"objects": {"webhooks": null, "print_stats": null, "virtual_sdcard": null, "display_status": null, "heaters": null, "toolhead": null, "extruder": null, "gcode_move": null, "gcode_macro _OBICO_LAYER_CHANGE": null, "fan": null}}}'
Received 29.741839: b'{"id": 129814893742784, "method": "objects/subscribe", "params": {"objects": {"print_stats": null, "webhooks": null, "gcode_move": ["speed_factor", "extrude_factor"], "gcode_macro _OBICO_LAYER_CHANGE": null, "fan": "speed", "heater_bed": null, "extruder": null, "virtual_sdcard": null, "history": null}, "response_template": {"method": "process_status_update"}}}'
Received 52.652416: b'{"id": 129814893754160, "method": "objects/query", "params": {"objects": {"webhooks": null, "print_stats": null, "virtual_sdcard": null, "display_status": null, "heaters": null, "toolhead": null, "extruder": null, "gcode_move": null, "gcode_macro _OBICO_LAYER_CHANGE": null, "fan": null, "heater_bed": null}}}'
Received 82.664752: b'{"id": 129814894346000, "method": "objects/query", "params": {"objects": {"webhooks": null, "print_stats": null, "virtual_sdcard": null, "display_status": null, "heaters": null, "toolhead": null, "extruder": null, "gcode_move": null, "gcode_macro _OBICO_LAYER_CHANGE": null, "fan": null, "heater_bed": null}}}'
Received 112.691845: b'{"id": 129814894342496, "method": "objects/query", "params": {"objects": {"webhooks": null, "print_stats": null, "virtual_sdcard": null, "display_status": null, "heaters": null, "toolhead": null, "extruder": null, "gcode_move": null, "gcode_macro _OBICO_LAYER_CHANGE": null, "fan": null, "heater_bed": null}}}'
Received 142.721829: b'{"id": 129814893747584, "method": "objects/query", "params": {"objects": {"webhooks": null, "print_stats": null, "virtual_sdcard": null, "display_status": null, "heaters": null, "toolhead": null, "extruder": null, "gcode_move": null, "gcode_macro _OBICO_LAYER_CHANGE": null, "fan": null, "heater_bed": null}}}'
gcode state: absolute_coord=True absolute_extrude=True base_position=[0.0, 0.0, 0.0, 0.0] last_position=[125.0, 125.0, 10.0, 0.0] homing_position=[0.0, 0.0, 0.0, 0.0] speed_factor=0.016666666666666666 extrude_factor=1.0 speed=25.0
Reactor garbage collection: (80.038878495, 0.0, 0.0)
Stats 164.6: gcodein=0  mcu: mcu_awake=0.001 mcu_task_avg=0.000008 mcu_task_stddev=0.000006 bytes_write=23265 bytes_read=33050 bytes_retransmit=9 bytes_invalid=0 send_seq=1609 receive_seq=1609 retransmit_seq=2 srtt=0.003 rttvar=0.000 rto=0.025 ready_bytes=0 upcoming_bytes=5 freq=71997783 heater_bed: target=0 temp=21.5 pwm=0.000  sysload=0.69 cputime=1.558 memavail=4726232 print_time=143.599 buffer_time=0.000 print_stall=0 extruder: target=0 temp=22.7 pwm=0.000
Stats 165.6: gcodein=0  mcu: mcu_awake=0.001 mcu_task_avg=0.000008 mcu_task_stddev=0.000006 bytes_write=23265 bytes_read=33050 bytes_retransmit=9 bytes_invalid=0 send_seq=1609 receive_seq=1609 retransmit_seq=2 srtt=0.003 rttvar=0.000 rto=0.025 ready_bytes=0 upcoming_bytes=7 freq=71997783 heater_bed: target=0 temp=21.5 pwm=0.000  sysload=0.63 cputime=1.561 memavail=4726508 print_time=143.599 buffer_time=0.000 print_stall=0 extruder: target=0 temp=22.7 pwm=0.000
Stats 166.6: gcodein=0  mcu: mcu_awake=0.001 mcu_task_avg=0.000008 mcu_task_stddev=0.000006 bytes_write=23265 bytes_read=33050 bytes_retransmit=9 bytes_invalid=0 send_seq=1609 receive_seq=1609 retransmit_seq=2 srtt=0.003 rttvar=0.000 rto=0.025 ready_bytes=0 upcoming_bytes=8 freq=71997783 heater_bed: target=0 temp=21.5 pwm=0.000  sysload=0.63 cputime=1.563 memavail=4726508 print_time=143.599 buffer_time=0.000 print_stall=0 extruder: target=0 temp=22.7 pwm=0.000
Stats 167.6: gcodein=0  mcu: mcu_awake=0.001 mcu_task_avg=0.000008 mcu_task_stddev=0.000006 bytes_write=23265 bytes_read=33050 bytes_retransmit=9 bytes_invalid=0 send_seq=1609 receive_seq=1609 retransmit_seq=2 srtt=0.003 rttvar=0.000 rto=0.025 ready_bytes=0 upcoming_bytes=9 freq=71997783 heater_bed: target=0 temp=21.5 pwm=0.000  sysload=0.63 cputime=1.564 memavail=4726516 print_time=143.599 buffer_time=0.000 print_stall=0 extruder: target=0 temp=22.7 pwm=0.000
Stats 168.6: gcodein=0  mcu: mcu_awake=0.001 mcu_task_avg=0.000008 mcu_task_stddev=0.000006 bytes_write=23265 bytes_read=33050 bytes_retransmit=9 bytes_invalid=0 send_seq=1609 receive_seq=1609 retransmit_seq=2 srtt=0.003 rttvar=0.000 rto=0.025 ready_bytes=0 upcoming_bytes=10 freq=71997783 heater_bed: target=0 temp=21.5 pwm=0.000  sysload=0.63 cputime=1.566 memavail=4711652 print_time=143.599 buffer_time=0.000 print_stall=0 extruder: target=0 temp=22.7 pwm=0.000
Stats 169.6: gcodein=0  mcu: mcu_awake=0.001 mcu_task_avg=0.000008 mcu_task_stddev=0.000006 bytes_write=23265 bytes_read=33050 bytes_retransmit=9 bytes_invalid=0 send_seq=1609 receive_seq=1609 retransmit_seq=2 srtt=0.003 rttvar=0.000 rto=0.025 ready_bytes=0 upcoming_bytes=11 freq=71997783 heater_bed: target=0 temp=21.5 pwm=0.000  sysload=0.63 cputime=1.568 memavail=4668064 print_time=143.599 buffer_time=0.000 print_stall=0 extruder: target=0 temp=22.7 pwm=0.000
Stats 170.6: gcodein=0  mcu: mcu_awake=0.001 mcu_task_avg=0.000008 mcu_task_stddev=0.000006 bytes_write=23265 bytes_read=33050 bytes_retransmit=9 bytes_invalid=0 send_seq=1609 receive_seq=1609 retransmit_seq=2 srtt=0.003 rttvar=0.000 rto=0.025 ready_bytes=0 upcoming_bytes=12 freq=71997783 heater_bed: target=0 temp=21.5 pwm=0.000  sysload=0.58 cputime=1.570 memavail=4727048 print_time=143.599 buffer_time=0.000 print_stall=0 extruder: target=0 temp=22.7 pwm=0.000
Stats 171.6: gcodein=0  mcu: mcu_awake=0.001 mcu_task_avg=0.000008 mcu_task_stddev=0.000006 bytes_write=23265 bytes_read=33050 bytes_retransmit=9 bytes_invalid=0 send_seq=1609 receive_seq=1609 retransmit_seq=2 srtt=0.003 rttvar=0.000 rto=0.025 ready_bytes=0 upcoming_bytes=13 freq=71997783 heater_bed: target=0 temp=21.5 pwm=0.000  sysload=0.58 cputime=1.572 memavail=4727088 print_time=143.599 buffer_time=0.000 print_stall=0 extruder: target=0 temp=22.7 pwm=0.000
Stats 172.6: gcodein=0  mcu: mcu_awake=0.001 mcu_task_avg=0.000008 mcu_task_stddev=0.000006 bytes_write=23265 bytes_read=33050 bytes_retransmit=9 bytes_invalid=0 send_seq=1609 receive_seq=1609 retransmit_seq=2 srtt=0.003 rttvar=0.000 rto=0.025 ready_bytes=0 upcoming_bytes=14 freq=71997783 heater_bed: target=0 temp=21.5 pwm=0.000  sysload=0.58 cputime=1.574 memavail=4727088 print_time=143.599 buffer_time=0.000 print_stall=0 extruder: target=0 temp=22.7 pwm=0.000
Stats 173.6: gcodein=0  mcu: mcu_awake=0.001 mcu_task_avg=0.000008 mcu_task_stddev=0.000006 bytes_write=23265 bytes_read=33050 bytes_retransmit=9 bytes_invalid=0 send_seq=1609 receive_seq=1609 retransmit_seq=2 srtt=0.003 rttvar=0.000 rto=0.025 ready_bytes=0 upcoming_bytes=15 freq=71997783 heater_bed: target=0 temp=21.5 pwm=0.000  sysload=0.58 cputime=1.576 memavail=4727088 print_time=143.599 buffer_time=0.000 print_stall=0 extruder: target=0 temp=22.7 pwm=0.000
Stats 174.6: gcodein=0  mcu: mcu_awake=0.001 mcu_task_avg=0.000008 mcu_task_stddev=0.000006 bytes_write=23265 bytes_read=33050 bytes_retransmit=9 bytes_invalid=0 send_seq=1609 receive_seq=1609 retransmit_seq=2 srtt=0.003 rttvar=0.000 rto=0.025 ready_bytes=0 upcoming_bytes=16 freq=71997783 heater_bed: target=0 temp=21.5 pwm=0.000  sysload=0.58 cputime=1.577 memavail=4726844 print_time=143.599 buffer_time=0.000 print_stall=0 extruder: target=0 temp=22.7 pwm=0.000
Stats 175.6: gcodein=0  mcu: mcu_awake=0.001 mcu_task_avg=0.000008 mcu_task_stddev=0.000006 bytes_write=23265 bytes_read=33050 bytes_retransmit=9 bytes_invalid=0 send_seq=1609 receive_seq=1609 retransmit_seq=2 srtt=0.003 rttvar=0.000 rto=0.025 ready_bytes=0 upcoming_bytes=17 freq=71997783 heater_bed: target=0 temp=21.5 pwm=0.000  sysload=0.54 cputime=1.579 memavail=4726852 print_time=143.599 buffer_time=0.000 print_stall=0 extruder: target=0 temp=22.7 pwm=0.000
Stats 176.6: gcodein=0  mcu: mcu_awake=0.001 mcu_task_avg=0.000008 mcu_task_stddev=0.000006 bytes_write=23265 bytes_read=33050 bytes_retransmit=9 bytes_invalid=0 send_seq=1609 receive_seq=1609 retransmit_seq=2 srtt=0.003 rttvar=0.000 rto=0.025 ready_bytes=0 upcoming_bytes=18 freq=71997783 heater_bed: target=0 temp=21.5 pwm=0.000  sysload=0.54 cputime=1.581 memavail=4726852 print_time=143.599 buffer_time=0.000 print_stall=0 extruder: target=0 temp=22.7 pwm=0.000
Stats 177.6: gcodein=0  mcu: mcu_awake=0.001 mcu_task_avg=0.000008 mcu_task_stddev=0.000006 bytes_write=23265 bytes_read=33050 bytes_retransmit=9 bytes_invalid=0 send_seq=1609 receive_seq=1609 retransmit_seq=2 srtt=0.003 rttvar=0.000 rto=0.025 ready_bytes=0 upcoming_bytes=19 freq=71997783 heater_bed: target=0 temp=21.5 pwm=0.000  sysload=0.54 cputime=1.583 memavail=4726852 print_time=143.599 buffer_time=0.000 print_stall=0 extruder: target=0 temp=22.7 pwm=0.000
Stats 178.6: gcodein=0  mcu: mcu_awake=0.001 mcu_task_avg=0.000008 mcu_task_stddev=0.000006 bytes_write=23265 bytes_read=33050 bytes_retransmit=9 bytes_invalid=0 send_seq=1609 receive_seq=1609 retransmit_seq=2 srtt=0.003 rttvar=0.000 rto=0.025 ready_bytes=0 upcoming_bytes=20 freq=71997783 heater_bed: target=0 temp=21.5 pwm=0.000  sysload=0.54 cputime=1.584 memavail=4726852 print_time=143.599 buffer_time=0.000 print_stall=0 extruder: target=0 temp=22.7 pwm=0.000
Stats 179.6: gcodein=0  mcu: mcu_awake=0.001 mcu_task_avg=0.000008 mcu_task_stddev=0.000006 bytes_write=23265 bytes_read=33050 bytes_retransmit=9 bytes_invalid=0 send_seq=1609 receive_seq=1609 retransmit_seq=2 srtt=0.003 rttvar=0.000 rto=0.025 ready_bytes=0 upcoming_bytes=21 freq=71997783 heater_bed: target=0 temp=21.5 pwm=0.000  sysload=0.54 cputime=1.586 memavail=4726852 print_time=143.599 buffer_time=0.000 print_stall=0 extruder: target=0 temp=22.7 pwm=0.000
Stats 180.6: gcodein=0  mcu: mcu_awake=0.001 mcu_task_avg=0.000008 mcu_task_stddev=0.000006 bytes_write=23265 bytes_read=33050 bytes_retransmit=9 bytes_invalid=0 send_seq=1609 receive_seq=1609 retransmit_seq=2 srtt=0.003 rttvar=0.000 rto=0.025 ready_bytes=0 upcoming_bytes=22 freq=71997783 heater_bed: target=0 temp=21.5 pwm=0.000  sysload=0.57 cputime=1.588 memavail=4690572 print_time=143.599 buffer_time=0.000 print_stall=0 extruder: target=0 temp=22.7 pwm=0.000
Stats 181.6: gcodein=0  mcu: mcu_awake=0.001 mcu_task_avg=0.000008 mcu_task_stddev=0.000006 bytes_write=23265 bytes_read=33050 bytes_retransmit=9 bytes_invalid=0 send_seq=1609 receive_seq=1609 retransmit_seq=2 srtt=0.003 rttvar=0.000 rto=0.025 ready_bytes=0 upcoming_bytes=23 freq=71997783 heater_bed: target=0 temp=21.5 pwm=0.000  sysload=0.57 cputime=1.590 memavail=4733060 print_time=143.599 buffer_time=0.000 print_stall=0 extruder: target=0 temp=22.7 pwm=0.000
Stats 182.6: gcodein=0  mcu: mcu_awake=0.001 mcu_task_avg=0.000008 mcu_task_stddev=0.000006 bytes_write=23265 bytes_read=33050 bytes_retransmit=9 bytes_invalid=0 send_seq=1609 receive_seq=1609 retransmit_seq=2 srtt=0.003 rttvar=0.000 rto=0.025 ready_bytes=0 upcoming_bytes=24 freq=71997783 heater_bed: target=0 temp=21.5 pwm=0.000  sysload=0.57 cputime=1.592 memavail=4732812 print_time=143.599 buffer_time=0.000 print_stall=0 extruder: target=0 temp=22.7 pwm=0.000
Stats 183.6: gcodein=0  mcu: mcu_awake=0.001 mcu_task_avg=0.000008 mcu_task_stddev=0.000006 bytes_write=23265 bytes_read=33050 bytes_retransmit=9 bytes_invalid=0 send_seq=1609 receive_seq=1609 retransmit_seq=2 srtt=0.003 rttvar=0.000 rto=0.025 ready_bytes=0 upcoming_bytes=25 freq=71997783 heater_bed: target=0 temp=21.5 pwm=0.000  sysload=0.57 cputime=1.593 memavail=4732088 print_time=143.599 buffer_time=0.000 print_stall=0 extruder: target=0 temp=22.7 pwm=0.000
Stats 184.6: gcodein=0  mcu: mcu_awake=0.001 mcu_task_avg=0.000008 mcu_task_stddev=0.000006 bytes_write=23265 bytes_read=33050 bytes_retransmit=9 bytes_invalid=0 send_seq=1609 receive_seq=1609 retransmit_seq=2 srtt=0.003 rttvar=0.000 rto=0.025 ready_bytes=0 upcoming_bytes=26 freq=71997783 heater_bed: target=0 temp=21.5 pwm=0.000  sysload=0.57 cputime=1.595 memavail=4732088 print_time=143.599 buffer_time=0.000 print_stall=0 extruder: target=0 temp=22.7 pwm=0.000
Stats 185.6: gcodein=0  mcu: mcu_awake=0.001 mcu_task_avg=0.000008 mcu_task_stddev=0.000006 bytes_write=23265 bytes_read=33050 bytes_retransmit=9 bytes_invalid=0 send_seq=1609 receive_seq=1609 retransmit_seq=2 srtt=0.003 rttvar=0.000 rto=0.025 ready_bytes=0 upcoming_bytes=27 freq=71997783 heater_bed: target=0 temp=21.5 pwm=0.000  sysload=0.53 cputime=1.597 memavail=4731844 print_time=143.599 buffer_time=0.000 print_stall=0 extruder: target=0 temp=22.7 pwm=0.000
Stats 186.6: gcodein=0  mcu: mcu_awake=0.001 mcu_task_avg=0.000008 mcu_task_stddev=0.000006 bytes_write=23265 bytes_read=33050 bytes_retransmit=9 bytes_invalid=0 send_seq=1609 receive_seq=1609 retransmit_seq=2 srtt=0.003 rttvar=0.000 rto=0.025 ready_bytes=0 upcoming_bytes=28 freq=71997783 heater_bed: target=0 temp=21.5 pwm=0.000  sysload=0.53 cputime=1.598 memavail=4731844 print_time=143.599 buffer_time=0.000 print_stall=0 extruder: target=0 temp=22.7 pwm=0.000
Stats 187.6: gcodein=0  mcu: mcu_awake=0.001 mcu_task_avg=0.000008 mcu_task_stddev=0.000006 bytes_write=23265 bytes_read=33050 bytes_retransmit=9 bytes_invalid=0 send_seq=1609 receive_seq=1609 retransmit_seq=2 srtt=0.003 rttvar=0.000 rto=0.025 ready_bytes=0 upcoming_bytes=29 freq=71997783 heater_bed: target=0 temp=21.5 pwm=0.000  sysload=0.53 cputime=1.600 memavail=4731844 print_time=143.599 buffer_time=0.000 print_stall=0 extruder: target=0 temp=22.7 pwm=0.000
Stats 188.6: gcodein=0  mcu: mcu_awake=0.001 mcu_task_avg=0.000008 mcu_task_stddev=0.000006 bytes_write=23265 bytes_read=33050 bytes_retransmit=9 bytes_invalid=0 send_seq=1609 receive_seq=1609 retransmit_seq=2 srtt=0.003 rttvar=0.000 rto=0.025 ready_bytes=0 upcoming_bytes=30 freq=71997783 heater_bed: target=0 temp=21.5 pwm=0.000  sysload=0.53 cputime=1.602 memavail=4731844 print_time=143.599 buffer_time=0.000 print_stall=0 extruder: target=0 temp=22.7 pwm=0.000
Stats 189.6: gcodein=0  mcu: mcu_awake=0.001 mcu_task_avg=0.000008 mcu_task_stddev=0.000006 bytes_write=23265 bytes_read=33050 bytes_retransmit=9 bytes_invalid=0 send_seq=1609 receive_seq=1609 retransmit_seq=2 srtt=0.003 rttvar=0.000 rto=0.025 ready_bytes=0 upcoming_bytes=31 freq=71997783 heater_bed: target=0 temp=21.5 pwm=0.000  sysload=0.53 cputime=1.603 memavail=4731592 print_time=143.599 buffer_time=0.000 print_stall=0 extruder: target=0 temp=22.7 pwm=0.000
Stats 190.6: gcodein=0  mcu: mcu_awake=0.001 mcu_task_avg=0.000008 mcu_task_stddev=0.000006 bytes_write=23265 bytes_read=33050 bytes_retransmit=9 bytes_invalid=0 send_seq=1609 receive_seq=1609 retransmit_seq=2 srtt=0.003 rttvar=0.000 rto=0.025 ready_bytes=0 upcoming_bytes=32 freq=71997783 heater_bed: target=0 temp=21.5 pwm=0.000  sysload=0.48 cputime=1.605 memavail=4731596 print_time=143.599 buffer_time=0.000 print_stall=0 extruder: target=0 temp=22.7 pwm=0.000
Stats 191.6: gcodein=0  mcu: mcu_awake=0.001 mcu_task_avg=0.000008 mcu_task_stddev=0.000006 bytes_write=23265 bytes_read=33050 bytes_retransmit=9 bytes_invalid=0 send_seq=1609 receive_seq=1609 retransmit_seq=2 srtt=0.003 rttvar=0.000 rto=0.025 ready_bytes=0 upcoming_bytes=33 freq=71997783 heater_bed: target=0 temp=21.5 pwm=0.000  sysload=0.48 cputime=1.607 memavail=4715732 print_time=143.599 buffer_time=0.000 print_stall=0 extruder: target=0 temp=22.7 pwm=0.000
