2024-03-04 22:05:35,981   WARNING  obico.webcam_capture - Failed to capture jpeg - 502 Server Error: Bad Gateway for url: http://localhost/webcam/?action=snapshot
2024-03-04 22:07:34,998      INFO  backoff - Backing off capture_jpeg(...) for 0.0s (requests.exceptions.HTTPError: 502 Server Error: Bad Gateway for url: http://localhost/webcam/?action=snapshot)
2024-03-04 22:07:35,015      INFO  backoff - Backing off capture_jpeg(...) for 0.6s (requests.exceptions.HTTPError: 502 Server Error: Bad Gateway for url: http://localhost/webcam/?action=snapshot)
2024-03-04 22:07:35,645     ERROR  backoff - Giving up capture_jpeg(...) after 3 tries (requests.exceptions.HTTPError: 502 Server Error: Bad Gateway for url: http://localhost/webcam/?action=snapshot)
2024-03-04 22:07:35,645   WARNING  obico.webcam_capture - Failed to capture jpeg - 502 Server Error: Bad Gateway for url: http://localhost/webcam/?action=snapshot
2024-03-04 22:09:35,662      INFO  backoff - Backing off capture_jpeg(...) for 0.5s (requests.exceptions.HTTPError: 502 Server Error: Bad Gateway for url: http://localhost/webcam/?action=snapshot)
2024-03-04 22:09:36,161      INFO  backoff - Backing off capture_jpeg(...) for 1.0s (requests.exceptions.HTTPError: 502 Server Error: Bad Gateway for url: http://localhost/webcam/?action=snapshot)
2024-03-04 22:09:37,155     ERROR  backoff - Giving up capture_jpeg(...) after 3 tries (requests.exceptions.HTTPError: 502 Server Error: Bad Gateway for url: http://localhost/webcam/?action=snapshot)
2024-03-04 22:09:37,155   WARNING  obico.webcam_capture - Failed to capture jpeg - 502 Server Error: Bad Gateway for url: http://localhost/webcam/?action=snapshot
2024-03-04 22:11:36,172      INFO  backoff - Backing off capture_jpeg(...) for 1.0s (requests.exceptions.HTTPError: 502 Server Error: Bad Gateway for url: http://localhost/webcam/?action=snapshot)
2024-03-04 22:11:37,132      INFO  backoff - Backing off capture_jpeg(...) for 2.0s (requests.exceptions.HTTPError: 502 Server Error: Bad Gateway for url: http://localhost/webcam/?action=snapshot)
2024-03-04 22:11:39,124     ERROR  backoff - Giving up capture_jpeg(...) after 3 tries (requests.exceptions.HTTPError: 502 Server Error: Bad Gateway for url: http://localhost/webcam/?action=snapshot)
2024-03-04 22:11:39,124   WARNING  obico.webcam_capture - Failed to capture jpeg - 502 Server Error: Bad Gateway for url: http://localhost/webcam/?action=snapshot
2024-03-04 22:13:37,140      INFO  backoff - Backing off capture_jpeg(...) for 0.6s (requests.exceptions.HTTPError: 502 Server Error: Bad Gateway for url: http://localhost/webcam/?action=snapshot)
2024-03-04 22:13:37,697      INFO  backoff - Backing off capture_jpeg(...) for 0.7s (requests.exceptions.HTTPError: 502 Server Error: Bad Gateway for url: http://localhost/webcam/?action=snapshot)
2024-03-04 22:13:38,353     ERROR  backoff - Giving up capture_jpeg(...) after 3 tries (requests.exceptions.HTTPError: 502 Server Error: Bad Gateway for url: http://localhost/webcam/?action=snapshot)
2024-03-04 22:13:38,353   WARNING  obico.webcam_capture - Failed to capture jpeg - 502 Server Error: Bad Gateway for url: http://localhost/webcam/?action=snapshot
2024-03-04 22:15:37,369      INFO  backoff - Backing off capture_jpeg(...) for 0.8s (requests.exceptions.HTTPError: 502 Server Error: Bad Gateway for url: http://localhost/webcam/?action=snapshot)
2024-03-04 22:15:38,169      INFO  backoff - Backing off capture_jpeg(...) for 0.9s (requests.exceptions.HTTPError: 502 Server Error: Bad Gateway for url: http://localhost/webcam/?action=snapshot)
2024-03-04 22:15:39,112     ERROR  backoff - Giving up capture_jpeg(...) after 3 tries (requests.exceptions.HTTPError: 502 Server Error: Bad Gateway for url: http://localhost/webcam/?action=snapshot)
2024-03-04 22:15:39,112   WARNING  obico.webcam_capture - Failed to capture jpeg - 502 Server Error: Bad Gateway for url: http://localhost/webcam/?action=snapshot
2024-03-04 22:17:38,129      INFO  backoff - Backing off capture_jpeg(...) for 0.3s (requests.exceptions.HTTPError: 502 Server Error: Bad Gateway for url: http://localhost/webcam/?action=snapshot)
2024-03-04 22:17:38,471      INFO  backoff - Backing off capture_jpeg(...) for 0.4s (requests.exceptions.HTTPError: 502 Server Error: Bad Gateway for url: http://localhost/webcam/?action=snapshot)
2024-03-04 22:17:38,873     ERROR  backoff - Giving up capture_jpeg(...) after 3 tries (requests.exceptions.HTTPError: 502 Server Error: Bad Gateway for url: http://localhost/webcam/?action=snapshot)
2024-03-04 22:17:38,873   WARNING  obico.webcam_capture - Failed to capture jpeg - 502 Server Error: Bad Gateway for url: http://localhost/webcam/?action=snapshot
2024-03-04 22:19:38,890      INFO  backoff - Backing off capture_jpeg(...) for 0.6s (requests.exceptions.HTTPError: 502 Server Error: Bad Gateway for url: http://localhost/webcam/?action=snapshot)
2024-03-04 22:19:39,481      INFO  backoff - Backing off capture_jpeg(...) for 2.0s (requests.exceptions.HTTPError: 502 Server Error: Bad Gateway for url: http://localhost/webcam/?action=snapshot)
2024-03-04 22:19:41,479     ERROR  backoff - Giving up capture_jpeg(...) after 3 tries (requests.exceptions.HTTPError: 502 Server Error: Bad Gateway for url: http://localhost/webcam/?action=snapshot)
2024-03-04 22:19:41,480   WARNING  obico.webcam_capture - Failed to capture jpeg - 502 Server Error: Bad Gateway for url: http://localhost/webcam/?action=snapshot
2024-03-04 22:21:39,499      INFO  backoff - Backing off capture_jpeg(...) for 0.9s (requests.exceptions.HTTPError: 502 Server Error: Bad Gateway for url: http://localhost/webcam/?action=snapshot)
2024-03-04 22:21:40,384      INFO  backoff - Backing off capture_jpeg(...) for 1.3s (requests.exceptions.HTTPError: 502 Server Error: Bad Gateway for url: http://localhost/webcam/?action=snapshot)
2024-03-04 22:21:41,665     ERROR  backoff - Giving up capture_jpeg(...) after 3 tries (requests.exceptions.HTTPError: 502 Server Error: Bad Gateway for url: http://localhost/webcam/?action=snapshot)
2024-03-04 22:21:41,665   WARNING  obico.webcam_capture - Failed to capture jpeg - 502 Server Error: Bad Gateway for url: http://localhost/webcam/?action=snapshot
2024-03-04 22:23:39,680      INFO  backoff - Backing off capture_jpeg(...) for 0.8s (requests.exceptions.HTTPError: 502 Server Error: Bad Gateway for url: http://localhost/webcam/?action=snapshot)
2024-03-04 22:23:40,487      INFO  backoff - Backing off capture_jpeg(...) for 1.2s (requests.exceptions.HTTPError: 502 Server Error: Bad Gateway for url: http://localhost/webcam/?action=snapshot)
2024-03-04 22:23:41,726     ERROR  backoff - Giving up capture_jpeg(...) after 3 tries (requests.exceptions.HTTPError: 502 Server Error: Bad Gateway for url: http://localhost/webcam/?action=snapshot)
2024-03-04 22:23:41,727   WARNING  obico.webcam_capture - Failed to capture jpeg - 502 Server Error: Bad Gateway for url: http://localhost/webcam/?action=snapshot
2024-03-04 22:25:39,742      INFO  backoff - Backing off capture_jpeg(...) for 0.2s (requests.exceptions.HTTPError: 502 Server Error: Bad Gateway for url: http://localhost/webcam/?action=snapshot)
2024-03-04 22:25:39,992      INFO  backoff - Backing off capture_jpeg(...) for 1.8s (requests.exceptions.HTTPError: 502 Server Error: Bad Gateway for url: http://localhost/webcam/?action=snapshot)
2024-03-04 22:25:41,838     ERROR  backoff - Giving up capture_jpeg(...) after 3 tries (requests.exceptions.HTTPError: 502 Server Error: Bad Gateway for url: http://localhost/webcam/?action=snapshot)
2024-03-04 22:25:41,838   WARNING  obico.webcam_capture - Failed to capture jpeg - 502 Server Error: Bad Gateway for url: http://localhost/webcam/?action=snapshot
2024-03-04 22:27:39,853      INFO  backoff - Backing off capture_jpeg(...) for 0.3s (requests.exceptions.HTTPError: 502 Server Error: Bad Gateway for url: http://localhost/webcam/?action=snapshot)
2024-03-04 22:27:40,166      INFO  backoff - Backing off capture_jpeg(...) for 1.8s (requests.exceptions.HTTPError: 502 Server Error: Bad Gateway for url: http://localhost/webcam/?action=snapshot)
2024-03-04 22:27:41,937     ERROR  backoff - Giving up capture_jpeg(...) after 3 tries (requests.exceptions.HTTPError: 502 Server Error: Bad Gateway for url: http://localhost/webcam/?action=snapshot)
2024-03-04 22:27:41,937   WARNING  obico.webcam_capture - Failed to capture jpeg - 502 Server Error: Bad Gateway for url: http://localhost/webcam/?action=snapshot
2024-03-04 22:29:39,952      INFO  backoff - Backing off capture_jpeg(...) for 0.9s (requests.exceptions.HTTPError: 502 Server Error: Bad Gateway for url: http://localhost/webcam/?action=snapshot)
2024-03-04 22:29:40,904      INFO  backoff - Backing off capture_jpeg(...) for 0.8s (requests.exceptions.HTTPError: 502 Server Error: Bad Gateway for url: http://localhost/webcam/?action=snapshot)
2024-03-04 22:29:41,663     ERROR  backoff - Giving up capture_jpeg(...) after 3 tries (requests.exceptions.HTTPError: 502 Server Error: Bad Gateway for url: http://localhost/webcam/?action=snapshot)
2024-03-04 22:29:41,663   WARNING  obico.webcam_capture - Failed to capture jpeg - 502 Server Error: Bad Gateway for url: http://localhost/webcam/?action=snapshot
2024-03-04 22:31:40,682      INFO  backoff - Backing off capture_jpeg(...) for 0.3s (requests.exceptions.HTTPError: 502 Server Error: Bad Gateway for url: http://localhost/webcam/?action=snapshot)
2024-03-04 22:31:40,971      INFO  backoff - Backing off capture_jpeg(...) for 1.9s (requests.exceptions.HTTPError: 502 Server Error: Bad Gateway for url: http://localhost/webcam/?action=snapshot)
2024-03-04 22:31:42,921     ERROR  backoff - Giving up capture_jpeg(...) after 3 tries (requests.exceptions.HTTPError: 502 Server Error: Bad Gateway for url: http://localhost/webcam/?action=snapshot)
2024-03-04 22:31:42,921   WARNING  obico.webcam_capture - Failed to capture jpeg - 502 Server Error: Bad Gateway for url: http://localhost/webcam/?action=snapshot
2024-03-04 22:33:40,937      INFO  backoff - Backing off capture_jpeg(...) for 0.1s (requests.exceptions.HTTPError: 502 Server Error: Bad Gateway for url: http://localhost/webcam/?action=snapshot)
2024-03-04 22:33:41,037      INFO  backoff - Backing off capture_jpeg(...) for 1.0s (requests.exceptions.HTTPError: 502 Server Error: Bad Gateway for url: http://localhost/webcam/?action=snapshot)
2024-03-04 22:33:42,040     ERROR  backoff - Giving up capture_jpeg(...) after 3 tries (requests.exceptions.HTTPError: 502 Server Error: Bad Gateway for url: http://localhost/webcam/?action=snapshot)
2024-03-04 22:33:42,040   WARNING  obico.webcam_capture - Failed to capture jpeg - 502 Server Error: Bad Gateway for url: http://localhost/webcam/?action=snapshot
2024-03-04 22:35:41,057      INFO  backoff - Backing off capture_jpeg(...) for 0.7s (requests.exceptions.HTTPError: 502 Server Error: Bad Gateway for url: http://localhost/webcam/?action=snapshot)
2024-03-04 22:35:41,753      INFO  backoff - Backing off capture_jpeg(...) for 0.5s (requests.exceptions.HTTPError: 502 Server Error: Bad Gateway for url: http://localhost/webcam/?action=snapshot)
2024-03-04 22:35:42,273     ERROR  backoff - Giving up capture_jpeg(...) after 3 tries (requests.exceptions.HTTPError: 502 Server Error: Bad Gateway for url: http://localhost/webcam/?action=snapshot)
2024-03-04 22:35:42,273   WARNING  obico.webcam_capture - Failed to capture jpeg - 502 Server Error: Bad Gateway for url: http://localhost/webcam/?action=snapshot
2024-03-04 22:37:41,290      INFO  backoff - Backing off capture_jpeg(...) for 0.2s (requests.exceptions.HTTPError: 502 Server Error: Bad Gateway for url: http://localhost/webcam/?action=snapshot)
2024-03-04 22:37:41,509      INFO  backoff - Backing off capture_jpeg(...) for 1.9s (requests.exceptions.HTTPError: 502 Server Error: Bad Gateway for url: http://localhost/webcam/?action=snapshot)
2024-03-04 22:37:43,417     ERROR  backoff - Giving up capture_jpeg(...) after 3 tries (requests.exceptions.HTTPError: 502 Server Error: Bad Gateway for url: http://localhost/webcam/?action=snapshot)
2024-03-04 22:37:43,417   WARNING  obico.webcam_capture - Failed to capture jpeg - 502 Server Error: Bad Gateway for url: http://localhost/webcam/?action=snapshot
2024-03-04 22:38:16,490      INFO  obico.app - detected state change: Printing -> Operational
2024-03-04 22:38:16,490      INFO  obico.app - print event: PrintDone (1709585972)
2024-03-04 22:42:08,060      INFO  obico.app - detected state change: Operational -> Printing
2024-03-04 22:42:08,361      INFO  obico.app - print event: PrintStarted (1709588527)
2024-03-04 22:42:08,452      INFO  backoff - Backing off capture_jpeg(...) for 0.6s (requests.exceptions.HTTPError: 502 Server Error: Bad Gateway for url: http://localhost/webcam/?action=snapshot)
2024-03-04 22:42:09,065      INFO  backoff - Backing off capture_jpeg(...) for 0.2s (requests.exceptions.HTTPError: 502 Server Error: Bad Gateway for url: http://localhost/webcam/?action=snapshot)
2024-03-04 22:42:09,232     ERROR  backoff - Giving up capture_jpeg(...) after 3 tries (requests.exceptions.HTTPError: 502 Server Error: Bad Gateway for url: http://localhost/webcam/?action=snapshot)
2024-03-04 22:42:09,233   WARNING  obico.webcam_capture - Failed to capture jpeg - 502 Server Error: Bad Gateway for url: http://localhost/webcam/?action=snapshot
2024-03-04 22:43:06,216      INFO  obico.app - detected state change: Printing -> Operational
2024-03-04 22:43:06,217     ERROR  obico.app - unexpected state "standby", please report.
2024-03-04 22:43:11,231      INFO  obico.app - detected state change: Operational -> Printing
2024-03-04 22:43:11,523      INFO  obico.app - print event: PrintStarted (1709588590)
2024-03-04 22:44:09,250      INFO  backoff - Backing off capture_jpeg(...) for 0.5s (requests.exceptions.HTTPError: 502 Server Error: Bad Gateway for url: http://localhost/webcam/?action=snapshot)
2024-03-04 22:44:09,779      INFO  backoff - Backing off capture_jpeg(...) for 1.9s (requests.exceptions.HTTPError: 502 Server Error: Bad Gateway for url: http://localhost/webcam/?action=snapshot)
2024-03-04 22:44:11,657     ERROR  backoff - Giving up capture_jpeg(...) after 3 tries (requests.exceptions.HTTPError: 502 Server Error: Bad Gateway for url: http://localhost/webcam/?action=snapshot)
2024-03-04 22:44:11,657   WARNING  obico.webcam_capture - Failed to capture jpeg - 502 Server Error: Bad Gateway for url: http://localhost/webcam/?action=snapshot
2024-03-04 22:46:09,675      INFO  backoff - Backing off capture_jpeg(...) for 0.2s (requests.exceptions.HTTPError: 502 Server Error: Bad Gateway for url: http://localhost/webcam/?action=snapshot)
2024-03-04 22:46:09,831      INFO  backoff - Backing off capture_jpeg(...) for 1.3s (requests.exceptions.HTTPError: 502 Server Error: Bad Gateway for url: http://localhost/webcam/?action=snapshot)
2024-03-04 22:46:11,149     ERROR  backoff - Giving up capture_jpeg(...) after 3 tries (requests.exceptions.HTTPError: 502 Server Error: Bad Gateway for url: http://localhost/webcam/?action=snapshot)
2024-03-04 22:46:11,149   WARNING  obico.webcam_capture - Failed to capture jpeg - 502 Server Error: Bad Gateway for url: http://localhost/webcam/?action=snapshot
2024-03-04 22:48:10,165      INFO  backoff - Backing off capture_jpeg(...) for 0.5s (requests.exceptions.HTTPError: 502 Server Error: Bad Gateway for url: http://localhost/webcam/?action=snapshot)
2024-03-04 22:48:10,684      INFO  backoff - Backing off capture_jpeg(...) for 1.4s (requests.exceptions.HTTPError: 502 Server Error: Bad Gateway for url: http://localhost/webcam/?action=snapshot)
2024-03-04 22:48:12,049     ERROR  backoff - Giving up capture_jpeg(...) after 3 tries (requests.exceptions.HTTPError: 502 Server Error: Bad Gateway for url: http://localhost/webcam/?action=snapshot)
2024-03-04 22:48:12,049   WARNING  obico.webcam_capture - Failed to capture jpeg - 502 Server Error: Bad Gateway for url: http://localhost/webcam/?action=snapshot
2024-03-04 22:50:11,067      INFO  backoff - Backing off capture_jpeg(...) for 0.0s (requests.exceptions.HTTPError: 502 Server Error: Bad Gateway for url: http://localhost/webcam/?action=snapshot)
2024-03-04 22:50:11,109      INFO  backoff - Backing off capture_jpeg(...) for 0.9s (requests.exceptions.HTTPError: 502 Server Error: Bad Gateway for url: http://localhost/webcam/?action=snapshot)
2024-03-04 22:50:12,057     ERROR  backoff - Giving up capture_jpeg(...) after 3 tries (requests.exceptions.HTTPError: 502 Server Error: Bad Gateway for url: http://localhost/webcam/?action=snapshot)
2024-03-04 22:50:12,058   WARNING  obico.webcam_capture - Failed to capture jpeg - 502 Server Error: Bad Gateway for url: http://localhost/webcam/?action=snapshot
2024-03-04 22:52:11,075      INFO  backoff - Backing off capture_jpeg(...) for 0.9s (requests.exceptions.HTTPError: 502 Server Error: Bad Gateway for url: http://localhost/webcam/?action=snapshot)
2024-03-04 22:52:11,992      INFO  backoff - Backing off capture_jpeg(...) for 0.2s (requests.exceptions.HTTPError: 502 Server Error: Bad Gateway for url: http://localhost/webcam/?action=snapshot)
2024-03-04 22:52:12,148     ERROR  backoff - Giving up capture_jpeg(...) after 3 tries (requests.exceptions.HTTPError: 502 Server Error: Bad Gateway for url: http://localhost/webcam/?action=snapshot)
2024-03-04 22:52:12,149   WARNING  obico.webcam_capture - Failed to capture jpeg - 502 Server Error: Bad Gateway for url: http://localhost/webcam/?action=snapshot
2024-03-04 22:54:11,165      INFO  backoff - Backing off capture_jpeg(...) for 0.5s (requests.exceptions.HTTPError: 502 Server Error: Bad Gateway for url: http://localhost/webcam/?action=snapshot)
2024-03-04 22:54:11,691      INFO  backoff - Backing off capture_jpeg(...) for 1.6s (requests.exceptions.HTTPError: 502 Server Error: Bad Gateway for url: http://localhost/webcam/?action=snapshot)
2024-03-04 22:54:13,331     ERROR  backoff - Giving up capture_jpeg(...) after 3 tries (requests.exceptions.HTTPError: 502 Server Error: Bad Gateway for url: http://localhost/webcam/?action=snapshot)
2024-03-04 22:54:13,332   WARNING  obico.webcam_capture - Failed to capture jpeg - 502 Server Error: Bad Gateway for url: http://localhost/webcam/?action=snapshot
2024-03-04 22:56:11,348      INFO  backoff - Backing off capture_jpeg(...) for 1.0s (requests.exceptions.HTTPError: 502 Server Error: Bad Gateway for url: http://localhost/webcam/?action=snapshot)
2024-03-04 22:56:12,310      INFO  backoff - Backing off capture_jpeg(...) for 0.4s (requests.exceptions.HTTPError: 502 Server Error: Bad Gateway for url: http://localhost/webcam/?action=snapshot)
2024-03-04 22:56:12,675     ERROR  backoff - Giving up capture_jpeg(...) after 3 tries (requests.exceptions.HTTPError: 502 Server Error: Bad Gateway for url: http://localhost/webcam/?action=snapshot)
2024-03-04 22:56:12,675   WARNING  obico.webcam_capture - Failed to capture jpeg - 502 Server Error: Bad Gateway for url: http://localhost/webcam/?action=snapshot
2024-03-04 22:58:11,693      INFO  backoff - Backing off capture_jpeg(...) for 0.3s (requests.exceptions.HTTPError: 502 Server Error: Bad Gateway for url: http://localhost/webcam/?action=snapshot)
2024-03-04 22:58:11,999      INFO  backoff - Backing off capture_jpeg(...) for 0.9s (requests.exceptions.HTTPError: 502 Server Error: Bad Gateway for url: http://localhost/webcam/?action=snapshot)
2024-03-04 22:58:12,947     ERROR  backoff - Giving up capture_jpeg(...) after 3 tries (requests.exceptions.HTTPError: 502 Server Error: Bad Gateway for url: http://localhost/webcam/?action=snapshot)
2024-03-04 22:58:12,947   WARNING  obico.webcam_capture - Failed to capture jpeg - 502 Server Error: Bad Gateway for url: http://localhost/webcam/?action=snapshot
2024-03-04 23:00:11,963      INFO  backoff - Backing off capture_jpeg(...) for 0.2s (requests.exceptions.HTTPError: 502 Server Error: Bad Gateway for url: http://localhost/webcam/?action=snapshot)
2024-03-04 23:00:12,173      INFO  backoff - Backing off capture_jpeg(...) for 0.1s (requests.exceptions.HTTPError: 502 Server Error: Bad Gateway for url: http://localhost/webcam/?action=snapshot)
2024-03-04 23:00:12,246     ERROR  backoff - Giving up capture_jpeg(...) after 3 tries (requests.exceptions.HTTPError: 502 Server Error: Bad Gateway for url: http://localhost/webcam/?action=snapshot)
2024-03-04 23:00:12,246   WARNING  obico.webcam_capture - Failed to capture jpeg - 502 Server Error: Bad Gateway for url: http://localhost/webcam/?action=snapshot
2024-03-04 23:02:12,263      INFO  backoff - Backing off capture_jpeg(...) for 0.7s (requests.exceptions.HTTPError: 502 Server Error: Bad Gateway for url: http://localhost/webcam/?action=snapshot)
2024-03-04 23:02:13,013      INFO  backoff - Backing off capture_jpeg(...) for 0.6s (requests.exceptions.HTTPError: 502 Server Error: Bad Gateway for url: http://localhost/webcam/?action=snapshot)
2024-03-04 23:02:13,663     ERROR  backoff - Giving up capture_jpeg(...) after 3 tries (requests.exceptions.HTTPError: 502 Server Error: Bad Gateway for url: http://localhost/webcam/?action=snapshot)
2024-03-04 23:02:13,663   WARNING  obico.webcam_capture - Failed to capture jpeg - 502 Server Error: Bad Gateway for url: http://localhost/webcam/?action=snapshot
2024-03-04 23:04:12,682      INFO  backoff - Backing off capture_jpeg(...) for 0.8s (requests.exceptions.HTTPError: 502 Server Error: Bad Gateway for url: http://localhost/webcam/?action=snapshot)
2024-03-04 23:04:13,519      INFO  backoff - Backing off capture_jpeg(...) for 1.2s (requests.exceptions.HTTPError: 502 Server Error: Bad Gateway for url: http://localhost/webcam/?action=snapshot)
2024-03-04 23:04:14,687     ERROR  backoff - Giving up capture_jpeg(...) after 3 tries (requests.exceptions.HTTPError: 502 Server Error: Bad Gateway for url: http://localhost/webcam/?action=snapshot)
2024-03-04 23:04:14,687   WARNING  obico.webcam_capture - Failed to capture jpeg - 502 Server Error: Bad Gateway for url: http://localhost/webcam/?action=snapshot
2024-03-04 23:06:12,703      INFO  backoff - Backing off capture_jpeg(...) for 0.7s (requests.exceptions.HTTPError: 502 Server Error: Bad Gateway for url: http://localhost/webcam/?action=snapshot)
2024-03-04 23:06:13,408      INFO  backoff - Backing off capture_jpeg(...) for 2.0s (requests.exceptions.HTTPError: 502 Server Error: Bad Gateway for url: http://localhost/webcam/?action=snapshot)
2024-03-04 23:06:15,404     ERROR  backoff - Giving up capture_jpeg(...) after 3 tries (requests.exceptions.HTTPError: 502 Server Error: Bad Gateway for url: http://localhost/webcam/?action=snapshot)
2024-03-04 23:06:15,405   WARNING  obico.webcam_capture - Failed to capture jpeg - 502 Server Error: Bad Gateway for url: http://localhost/webcam/?action=snapshot
2024-03-04 23:08:13,423      INFO  backoff - Backing off capture_jpeg(...) for 0.4s (requests.exceptions.HTTPError: 502 Server Error: Bad Gateway for url: http://localhost/webcam/?action=snapshot)
2024-03-04 23:08:13,875      INFO  backoff - Backing off capture_jpeg(...) for 0.0s (requests.exceptions.HTTPError: 502 Server Error: Bad Gateway for url: http://localhost/webcam/?action=snapshot)
2024-03-04 23:08:13,901     ERROR  backoff - Giving up capture_jpeg(...) after 3 tries (requests.exceptions.HTTPError: 502 Server Error: Bad Gateway for url: http://localhost/webcam/?action=snapshot)
2024-03-04 23:08:13,901   WARNING  obico.webcam_capture - Failed to capture jpeg - 502 Server Error: Bad Gateway for url: http://localhost/webcam/?action=snapshot
2024-03-04 23:10:13,917      INFO  backoff - Backing off capture_jpeg(...) for 0.1s (requests.exceptions.HTTPError: 502 Server Error: Bad Gateway for url: http://localhost/webcam/?action=snapshot)
2024-03-04 23:10:14,007      INFO  backoff - Backing off capture_jpeg(...) for 0.4s (requests.exceptions.HTTPError: 502 Server Error: Bad Gateway for url: http://localhost/webcam/?action=snapshot)
2024-03-04 23:10:14,386     ERROR  backoff - Giving up capture_jpeg(...) after 3 tries (requests.exceptions.HTTPError: 502 Server Error: Bad Gateway for url: http://localhost/webcam/?action=snapshot)
2024-03-04 23:10:14,386   WARNING  obico.webcam_capture - Failed to capture jpeg - 502 Server Error: Bad Gateway for url: http://localhost/webcam/?action=snapshot
2024-03-04 23:12:14,403      INFO  backoff - Backing off capture_jpeg(...) for 0.0s (requests.exceptions.HTTPError: 502 Server Error: Bad Gateway for url: http://localhost/webcam/?action=snapshot)
2024-03-04 23:12:14,431      INFO  backoff - Backing off capture_jpeg(...) for 1.6s (requests.exceptions.HTTPError: 502 Server Error: Bad Gateway for url: http://localhost/webcam/?action=snapshot)
2024-03-04 23:12:15,996     ERROR  backoff - Giving up capture_jpeg(...) after 3 tries (requests.exceptions.HTTPError: 502 Server Error: Bad Gateway for url: http://localhost/webcam/?action=snapshot)
2024-03-04 23:12:15,996   WARNING  obico.webcam_capture - Failed to capture jpeg - 502 Server Error: Bad Gateway for url: http://localhost/webcam/?action=snapshot
2024-03-04 23:14:15,013      INFO  backoff - Backing off capture_jpeg(...) for 0.4s (requests.exceptions.HTTPError: 502 Server Error: Bad Gateway for url: http://localhost/webcam/?action=snapshot)
2024-03-04 23:14:15,465      INFO  backoff - Backing off capture_jpeg(...) for 1.2s (requests.exceptions.HTTPError: 502 Server Error: Bad Gateway for url: http://localhost/webcam/?action=snapshot)
2024-03-04 23:14:16,663     ERROR  backoff - Giving up capture_jpeg(...) after 3 tries (requests.exceptions.HTTPError: 502 Server Error: Bad Gateway for url: http://localhost/webcam/?action=snapshot)
2024-03-04 23:14:16,663   WARNING  obico.webcam_capture - Failed to capture jpeg - 502 Server Error: Bad Gateway for url: http://localhost/webcam/?action=snapshot
2024-03-04 23:16:15,680      INFO  backoff - Backing off capture_jpeg(...) for 0.9s (requests.exceptions.HTTPError: 502 Server Error: Bad Gateway for url: http://localhost/webcam/?action=snapshot)
2024-03-04 23:16:16,569      INFO  backoff - Backing off capture_jpeg(...) for 1.9s (requests.exceptions.HTTPError: 502 Server Error: Bad Gateway for url: http://localhost/webcam/?action=snapshot)
2024-03-04 23:16:18,433     ERROR  backoff - Giving up capture_jpeg(...) after 3 tries (requests.exceptions.HTTPError: 502 Server Error: Bad Gateway for url: http://localhost/webcam/?action=snapshot)
2024-03-04 23:16:18,433   WARNING  obico.webcam_capture - Failed to capture jpeg - 502 Server Error: Bad Gateway for url: http://localhost/webcam/?action=snapshot
2024-03-04 23:18:16,452      INFO  backoff - Backing off capture_jpeg(...) for 0.5s (requests.exceptions.HTTPError: 502 Server Error: Bad Gateway for url: http://localhost/webcam/?action=snapshot)
2024-03-04 23:18:16,945      INFO  backoff - Backing off capture_jpeg(...) for 1.3s (requests.exceptions.HTTPError: 502 Server Error: Bad Gateway for url: http://localhost/webcam/?action=snapshot)
2024-03-04 23:18:18,270     ERROR  backoff - Giving up capture_jpeg(...) after 3 tries (requests.exceptions.HTTPError: 502 Server Error: Bad Gateway for url: http://localhost/webcam/?action=snapshot)
2024-03-04 23:18:18,271   WARNING  obico.webcam_capture - Failed to capture jpeg - 502 Server Error: Bad Gateway for url: http://localhost/webcam/?action=snapshot
2024-03-04 23:20:17,287      INFO  backoff - Backing off capture_jpeg(...) for 0.4s (requests.exceptions.HTTPError: 502 Server Error: Bad Gateway for url: http://localhost/webcam/?action=snapshot)
2024-03-04 23:20:17,655      INFO  backoff - Backing off capture_jpeg(...) for 1.7s (requests.exceptions.HTTPError: 502 Server Error: Bad Gateway for url: http://localhost/webcam/?action=snapshot)
2024-03-04 23:20:19,395     ERROR  backoff - Giving up capture_jpeg(...) after 3 tries (requests.exceptions.HTTPError: 502 Server Error: Bad Gateway for url: http://localhost/webcam/?action=snapshot)
2024-03-04 23:20:19,396   WARNING  obico.webcam_capture - Failed to capture jpeg - 502 Server Error: Bad Gateway for url: http://localhost/webcam/?action=snapshot
2024-03-04 23:21:03,654      INFO  obico.app - detected state change: Printing -> Operational
2024-03-04 23:21:03,655      INFO  obico.app - print event: PrintDone (1709588590)
2024-03-04 23:37:46,699      INFO  obico.app - detected state change: Operational -> Printing
2024-03-04 23:37:47,023      INFO  obico.app - print event: PrintStarted (1709591866)
2024-03-04 23:37:47,541      INFO  backoff - Backing off capture_jpeg(...) for 0.0s (requests.exceptions.HTTPError: 502 Server Error: Bad Gateway for url: http://localhost/webcam/?action=snapshot)
2024-03-04 23:37:47,574      INFO  backoff - Backing off capture_jpeg(...) for 0.6s (requests.exceptions.HTTPError: 502 Server Error: Bad Gateway for url: http://localhost/webcam/?action=snapshot)
2024-03-04 23:37:48,220     ERROR  backoff - Giving up capture_jpeg(...) after 3 tries (requests.exceptions.HTTPError: 502 Server Error: Bad Gateway for url: http://localhost/webcam/?action=snapshot)
2024-03-04 23:37:48,220   WARNING  obico.webcam_capture - Failed to capture jpeg - 502 Server Error: Bad Gateway for url: http://localhost/webcam/?action=snapshot
2024-03-04 23:39:48,236      INFO  backoff - Backing off capture_jpeg(...) for 0.1s (requests.exceptions.HTTPError: 502 Server Error: Bad Gateway for url: http://localhost/webcam/?action=snapshot)
2024-03-04 23:39:48,313      INFO  backoff - Backing off capture_jpeg(...) for 1.4s (requests.exceptions.HTTPError: 502 Server Error: Bad Gateway for url: http://localhost/webcam/?action=snapshot)
2024-03-04 23:39:49,709     ERROR  backoff - Giving up capture_jpeg(...) after 3 tries (requests.exceptions.HTTPError: 502 Server Error: Bad Gateway for url: http://localhost/webcam/?action=snapshot)
2024-03-04 23:39:49,709   WARNING  obico.webcam_capture - Failed to capture jpeg - 502 Server Error: Bad Gateway for url: http://localhost/webcam/?action=snapshot
2024-03-04 23:41:48,725      INFO  backoff - Backing off capture_jpeg(...) for 1.0s (requests.exceptions.HTTPError: 502 Server Error: Bad Gateway for url: http://localhost/webcam/?action=snapshot)
2024-03-04 23:41:49,681      INFO  backoff - Backing off capture_jpeg(...) for 0.7s (requests.exceptions.HTTPError: 502 Server Error: Bad Gateway for url: http://localhost/webcam/?action=snapshot)
2024-03-04 23:41:50,395     ERROR  backoff - Giving up capture_jpeg(...) after 3 tries (requests.exceptions.HTTPError: 502 Server Error: Bad Gateway for url: http://localhost/webcam/?action=snapshot)
2024-03-04 23:41:50,396   WARNING  obico.webcam_capture - Failed to capture jpeg - 502 Server Error: Bad Gateway for url: http://localhost/webcam/?action=snapshot
2024-03-04 23:43:49,417      INFO  backoff - Backing off capture_jpeg(...) for 0.9s (requests.exceptions.HTTPError: 502 Server Error: Bad Gateway for url: http://localhost/webcam/?action=snapshot)
2024-03-04 23:43:50,367      INFO  backoff - Backing off capture_jpeg(...) for 0.4s (requests.exceptions.HTTPError: 502 Server Error: Bad Gateway for url: http://localhost/webcam/?action=snapshot)
2024-03-04 23:43:50,730     ERROR  backoff - Giving up capture_jpeg(...) after 3 tries (requests.exceptions.HTTPError: 502 Server Error: Bad Gateway for url: http://localhost/webcam/?action=snapshot)
2024-03-04 23:43:50,731   WARNING  obico.webcam_capture - Failed to capture jpeg - 502 Server Error: Bad Gateway for url: http://localhost/webcam/?action=snapshot
2024-03-04 23:45:49,747      INFO  backoff - Backing off capture_jpeg(...) for 0.3s (requests.exceptions.HTTPError: 502 Server Error: Bad Gateway for url: http://localhost/webcam/?action=snapshot)
2024-03-04 23:45:50,012      INFO  backoff - Backing off capture_jpeg(...) for 0.8s (requests.exceptions.HTTPError: 502 Server Error: Bad Gateway for url: http://localhost/webcam/?action=snapshot)
2024-03-04 23:45:50,821     ERROR  backoff - Giving up capture_jpeg(...) after 3 tries (requests.exceptions.HTTPError: 502 Server Error: Bad Gateway for url: http://localhost/webcam/?action=snapshot)
2024-03-04 23:45:50,822   WARNING  obico.webcam_capture - Failed to capture jpeg - 502 Server Error: Bad Gateway for url: http://localhost/webcam/?action=snapshot
2024-03-04 23:47:49,837      INFO  backoff - Backing off capture_jpeg(...) for 0.2s (requests.exceptions.HTTPError: 502 Server Error: Bad Gateway for url: http://localhost/webcam/?action=snapshot)
2024-03-04 23:47:49,990      INFO  backoff - Backing off capture_jpeg(...) for 0.7s (requests.exceptions.HTTPError: 502 Server Error: Bad Gateway for url: http://localhost/webcam/?action=snapshot)
2024-03-04 23:47:50,666     ERROR  backoff - Giving up capture_jpeg(...) after 3 tries (requests.exceptions.HTTPError: 502 Server Error: Bad Gateway for url: http://localhost/webcam/?action=snapshot)
2024-03-04 23:47:50,666   WARNING  obico.webcam_capture - Failed to capture jpeg - 502 Server Error: Bad Gateway for url: http://localhost/webcam/?action=snapshot
2024-03-04 23:49:50,683      INFO  backoff - Backing off capture_jpeg(...) for 0.2s (requests.exceptions.HTTPError: 502 Server Error: Bad Gateway for url: http://localhost/webcam/?action=snapshot)
2024-03-04 23:49:50,919      INFO  backoff - Backing off capture_jpeg(...) for 1.4s (requests.exceptions.HTTPError: 502 Server Error: Bad Gateway for url: http://localhost/webcam/?action=snapshot)
2024-03-04 23:49:52,337     ERROR  backoff - Giving up capture_jpeg(...) after 3 tries (requests.exceptions.HTTPError: 502 Server Error: Bad Gateway for url: http://localhost/webcam/?action=snapshot)
2024-03-04 23:49:52,337   WARNING  obico.webcam_capture - Failed to capture jpeg - 502 Server Error: Bad Gateway for url: http://localhost/webcam/?action=snapshot
2024-03-04 23:51:51,354      INFO  backoff - Backing off capture_jpeg(...) for 1.0s (requests.exceptions.HTTPError: 502 Server Error: Bad Gateway for url: http://localhost/webcam/?action=snapshot)
2024-03-04 23:51:52,308      INFO  backoff - Backing off capture_jpeg(...) for 1.6s (requests.exceptions.HTTPError: 502 Server Error: Bad Gateway for url: http://localhost/webcam/?action=snapshot)
2024-03-04 23:51:53,961     ERROR  backoff - Giving up capture_jpeg(...) after 3 tries (requests.exceptions.HTTPError: 502 Server Error: Bad Gateway for url: http://localhost/webcam/?action=snapshot)
2024-03-04 23:51:53,961   WARNING  obico.webcam_capture - Failed to capture jpeg - 502 Server Error: Bad Gateway for url: http://localhost/webcam/?action=snapshot
2024-03-04 23:53:51,977      INFO  backoff - Backing off capture_jpeg(...) for 0.8s (requests.exceptions.HTTPError: 502 Server Error: Bad Gateway for url: http://localhost/webcam/?action=snapshot)
2024-03-04 23:53:52,733      INFO  backoff - Backing off capture_jpeg(...) for 1.1s (requests.exceptions.HTTPError: 502 Server Error: Bad Gateway for url: http://localhost/webcam/?action=snapshot)
2024-03-04 23:53:53,834     ERROR  backoff - Giving up capture_jpeg(...) after 3 tries (requests.exceptions.HTTPError: 502 Server Error: Bad Gateway for url: http://localhost/webcam/?action=snapshot)
2024-03-04 23:53:53,835   WARNING  obico.webcam_capture - Failed to capture jpeg - 502 Server Error: Bad Gateway for url: http://localhost/webcam/?action=snapshot
2024-03-04 23:55:52,851      INFO  backoff - Backing off capture_jpeg(...) for 0.8s (requests.exceptions.HTTPError: 502 Server Error: Bad Gateway for url: http://localhost/webcam/?action=snapshot)
2024-03-04 23:55:53,608      INFO  backoff - Backing off capture_jpeg(...) for 1.4s (requests.exceptions.HTTPError: 502 Server Error: Bad Gateway for url: http://localhost/webcam/?action=snapshot)
2024-03-04 23:55:55,034     ERROR  backoff - Giving up capture_jpeg(...) after 3 tries (requests.exceptions.HTTPError: 502 Server Error: Bad Gateway for url: http://localhost/webcam/?action=snapshot)
2024-03-04 23:55:55,035   WARNING  obico.webcam_capture - Failed to capture jpeg - 502 Server Error: Bad Gateway for url: http://localhost/webcam/?action=snapshot
2024-03-04 23:57:53,051      INFO  backoff - Backing off capture_jpeg(...) for 0.1s (requests.exceptions.HTTPError: 502 Server Error: Bad Gateway for url: http://localhost/webcam/?action=snapshot)
2024-03-04 23:57:53,157      INFO  backoff - Backing off capture_jpeg(...) for 1.1s (requests.exceptions.HTTPError: 502 Server Error: Bad Gateway for url: http://localhost/webcam/?action=snapshot)
2024-03-04 23:57:54,261     ERROR  backoff - Giving up capture_jpeg(...) after 3 tries (requests.exceptions.HTTPError: 502 Server Error: Bad Gateway for url: http://localhost/webcam/?action=snapshot)
2024-03-04 23:57:54,261   WARNING  obico.webcam_capture - Failed to capture jpeg - 502 Server Error: Bad Gateway for url: http://localhost/webcam/?action=snapshot
2024-03-04 23:59:53,277      INFO  backoff - Backing off capture_jpeg(...) for 0.9s (requests.exceptions.HTTPError: 502 Server Error: Bad Gateway for url: http://localhost/webcam/?action=snapshot)
2024-03-04 23:59:54,205      INFO  backoff - Backing off capture_jpeg(...) for 1.4s (requests.exceptions.HTTPError: 502 Server Error: Bad Gateway for url: http://localhost/webcam/?action=snapshot)
2024-03-04 23:59:55,580     ERROR  backoff - Giving up capture_jpeg(...) after 3 tries (requests.exceptions.HTTPError: 502 Server Error: Bad Gateway for url: http://localhost/webcam/?action=snapshot)
2024-03-04 23:59:55,581   WARNING  obico.webcam_capture - Failed to capture jpeg - 502 Server Error: Bad Gateway for url: http://localhost/webcam/?action=snapshot
2024-03-05 00:01:53,597      INFO  backoff - Backing off capture_jpeg(...) for 0.1s (requests.exceptions.HTTPError: 502 Server Error: Bad Gateway for url: http://localhost/webcam/?action=snapshot)
2024-03-05 00:01:53,745      INFO  backoff - Backing off capture_jpeg(...) for 2.0s (requests.exceptions.HTTPError: 502 Server Error: Bad Gateway for url: http://localhost/webcam/?action=snapshot)
2024-03-05 00:01:55,700     ERROR  backoff - Giving up capture_jpeg(...) after 3 tries (requests.exceptions.HTTPError: 502 Server Error: Bad Gateway for url: http://localhost/webcam/?action=snapshot)
2024-03-05 00:01:55,700   WARNING  obico.webcam_capture - Failed to capture jpeg - 502 Server Error: Bad Gateway for url: http://localhost/webcam/?action=snapshot
2024-03-05 00:03:53,719      INFO  backoff - Backing off capture_jpeg(...) for 0.7s (requests.exceptions.HTTPError: 502 Server Error: Bad Gateway for url: http://localhost/webcam/?action=snapshot)
2024-03-05 00:03:54,433      INFO  backoff - Backing off capture_jpeg(...) for 1.0s (requests.exceptions.HTTPError: 502 Server Error: Bad Gateway for url: http://localhost/webcam/?action=snapshot)
2024-03-05 00:03:55,437     ERROR  backoff - Giving up capture_jpeg(...) after 3 tries (requests.exceptions.HTTPError: 502 Server Error: Bad Gateway for url: http://localhost/webcam/?action=snapshot)
2024-03-05 00:03:55,438   WARNING  obico.webcam_capture - Failed to capture jpeg - 502 Server Error: Bad Gateway for url: http://localhost/webcam/?action=snapshot
2024-03-05 00:05:54,455      INFO  backoff - Backing off capture_jpeg(...) for 1.0s (requests.exceptions.HTTPError: 502 Server Error: Bad Gateway for url: http://localhost/webcam/?action=snapshot)
2024-03-05 00:05:55,428      INFO  backoff - Backing off capture_jpeg(...) for 0.5s (requests.exceptions.HTTPError: 502 Server Error: Bad Gateway for url: http://localhost/webcam/?action=snapshot)
2024-03-05 00:05:55,882     ERROR  backoff - Giving up capture_jpeg(...) after 3 tries (requests.exceptions.HTTPError: 502 Server Error: Bad Gateway for url: http://localhost/webcam/?action=snapshot)
2024-03-05 00:05:55,883   WARNING  obico.webcam_capture - Failed to capture jpeg - 502 Server Error: Bad Gateway for url: http://localhost/webcam/?action=snapshot
2024-03-05 00:07:54,900      INFO  backoff - Backing off capture_jpeg(...) for 0.9s (requests.exceptions.HTTPError: 502 Server Error: Bad Gateway for url: http://localhost/webcam/?action=snapshot)
2024-03-05 00:07:55,852      INFO  backoff - Backing off capture_jpeg(...) for 0.1s (requests.exceptions.HTTPError: 502 Server Error: Bad Gateway for url: http://localhost/webcam/?action=snapshot)
2024-03-05 00:07:55,986     ERROR  backoff - Giving up capture_jpeg(...) after 3 tries (requests.exceptions.HTTPError: 502 Server Error: Bad Gateway for url: http://localhost/webcam/?action=snapshot)
2024-03-05 00:07:55,986   WARNING  obico.webcam_capture - Failed to capture jpeg - 502 Server Error: Bad Gateway for url: http://localhost/webcam/?action=snapshot
2024-03-05 00:09:55,002      INFO  backoff - Backing off capture_jpeg(...) for 0.3s (requests.exceptions.HTTPError: 502 Server Error: Bad Gateway for url: http://localhost/webcam/?action=snapshot)
2024-03-05 00:09:55,277      INFO  backoff - Backing off capture_jpeg(...) for 1.3s (requests.exceptions.HTTPError: 502 Server Error: Bad Gateway for url: http://localhost/webcam/?action=snapshot)
2024-03-05 00:09:56,577     ERROR  backoff - Giving up capture_jpeg(...) after 3 tries (requests.exceptions.HTTPError: 502 Server Error: Bad Gateway for url: http://localhost/webcam/?action=snapshot)
2024-03-05 00:09:56,578   WARNING  obico.webcam_capture - Failed to capture jpeg - 502 Server Error: Bad Gateway for url: http://localhost/webcam/?action=snapshot
2024-03-05 00:11:55,596      INFO  backoff - Backing off capture_jpeg(...) for 0.9s (requests.exceptions.HTTPError: 502 Server Error: Bad Gateway for url: http://localhost/webcam/?action=snapshot)
2024-03-05 00:11:56,541      INFO  backoff - Backing off capture_jpeg(...) for 0.6s (requests.exceptions.HTTPError: 502 Server Error: Bad Gateway for url: http://localhost/webcam/?action=snapshot)
2024-03-05 00:11:57,182     ERROR  backoff - Giving up capture_jpeg(...) after 3 tries (requests.exceptions.HTTPError: 502 Server Error: Bad Gateway for url: http://localhost/webcam/?action=snapshot)
2024-03-05 00:11:57,182   WARNING  obico.webcam_capture - Failed to capture jpeg - 502 Server Error: Bad Gateway for url: http://localhost/webcam/?action=snapshot
2024-03-05 00:13:56,202      INFO  backoff - Backing off capture_jpeg(...) for 0.2s (requests.exceptions.HTTPError: 502 Server Error: Bad Gateway for url: http://localhost/webcam/?action=snapshot)
2024-03-05 00:13:56,385      INFO  backoff - Backing off capture_jpeg(...) for 1.7s (requests.exceptions.HTTPError: 502 Server Error: Bad Gateway for url: http://localhost/webcam/?action=snapshot)
2024-03-05 00:13:58,110     ERROR  backoff - Giving up capture_jpeg(...) after 3 tries (requests.exceptions.HTTPError: 502 Server Error: Bad Gateway for url: http://localhost/webcam/?action=snapshot)
2024-03-05 00:13:58,111   WARNING  obico.webcam_capture - Failed to capture jpeg - 502 Server Error: Bad Gateway for url: http://localhost/webcam/?action=snapshot
2024-03-05 00:15:57,126      INFO  backoff - Backing off capture_jpeg(...) for 0.3s (requests.exceptions.HTTPError: 502 Server Error: Bad Gateway for url: http://localhost/webcam/?action=snapshot)
2024-03-05 00:15:57,400      INFO  backoff - Backing off capture_jpeg(...) for 1.0s (requests.exceptions.HTTPError: 502 Server Error: Bad Gateway for url: http://localhost/webcam/?action=snapshot)
2024-03-05 00:15:58,361     ERROR  backoff - Giving up capture_jpeg(...) after 3 tries (requests.exceptions.HTTPError: 502 Server Error: Bad Gateway for url: http://localhost/webcam/?action=snapshot)
2024-03-05 00:15:58,361   WARNING  obico.webcam_capture - Failed to capture jpeg - 502 Server Error: Bad Gateway for url: http://localhost/webcam/?action=snapshot
2024-03-05 00:16:12,054      INFO  obico.app - detected state change: Printing -> Operational
2024-03-05 00:16:12,054      INFO  obico.app - print event: PrintDone (1709591866)
2024-03-05 04:32:19,097   WARNING  obico.ws - WS Closed - None - None
2024-03-06 09:59:59,600      INFO  obico.app - Fetching linked printer...
2024-03-06 10:00:00,094      INFO  obico.app - Linked printer: {'is_pro': False, 'id': 142421, 'name': 'ENDER 3', 'retract_on_pause': 6.5}
2024-03-06 10:00:00,097   WARNING  obico.app - Connections not ready. Trying again in 1s...
2024-03-06 10:00:00,099   WARNING  obico.moonraker_conn - api key is unset, trying to fetch one
2024-03-06 10:00:00,144      INFO  backoff - Backing off ensure_api_key(...) for 0.2s (requests.exceptions.ConnectionError: HTTPConnectionPool(host='127.0.0.1', port=7125): Max retries exceeded with url: /access/api_key (Caused by NewConnectionError('<urllib3.connection.HTTPConnection object at 0x7fe81c325a80>: Failed to establish a new connection: [Errno 111] Connection refused')))
2024-03-06 10:00:00,346   WARNING  obico.moonraker_conn - api key is unset, trying to fetch one
2024-03-06 10:00:00,349      INFO  backoff - Backing off ensure_api_key(...) for 1.4s (requests.exceptions.ConnectionError: HTTPConnectionPool(host='127.0.0.1', port=7125): Max retries exceeded with url: /access/api_key (Caused by NewConnectionError('<urllib3.connection.HTTPConnection object at 0x7fe81c326410>: Failed to establish a new connection: [Errno 111] Connection refused')))
2024-03-06 10:00:01,099   WARNING  obico.app - Connections not ready. Trying again in 1s...
2024-03-06 10:00:01,797   WARNING  obico.moonraker_conn - api key is unset, trying to fetch one
2024-03-06 10:00:01,801      INFO  backoff - Backing off ensure_api_key(...) for 2.1s (requests.exceptions.ConnectionError: HTTPConnectionPool(host='127.0.0.1', port=7125): Max retries exceeded with url: /access/api_key (Caused by NewConnectionError('<urllib3.connection.HTTPConnection object at 0x7fe81c326650>: Failed to establish a new connection: [Errno 111] Connection refused')))
2024-03-06 10:00:02,100   WARNING  obico.app - Connections not ready. Trying again in 1s...
2024-03-06 10:00:03,102   WARNING  obico.app - Connections not ready. Trying again in 1s...
2024-03-06 10:00:03,894   WARNING  obico.moonraker_conn - api key is unset, trying to fetch one
2024-03-06 10:00:03,896      INFO  backoff - Backing off ensure_api_key(...) for 5.6s (requests.exceptions.ConnectionError: HTTPConnectionPool(host='127.0.0.1', port=7125): Max retries exceeded with url: /access/api_key (Caused by NewConnectionError('<urllib3.connection.HTTPConnection object at 0x7fe81c326e00>: Failed to establish a new connection: [Errno 111] Connection refused')))
2024-03-06 10:00:04,103   WARNING  obico.app - Connections not ready. Trying again in 1s...
2024-03-06 10:00:05,104   WARNING  obico.app - Connections not ready. Trying again in 1s...
2024-03-06 10:00:06,105   WARNING  obico.app - Connections not ready. Trying again in 1s...
2024-03-06 10:00:07,107   WARNING  obico.app - Connections not ready. Trying again in 1s...
2024-03-06 10:00:08,108   WARNING  obico.app - Connections not ready. Trying again in 1s...
2024-03-06 10:00:09,110   WARNING  obico.app - Connections not ready. Trying again in 1s...
2024-03-06 10:00:09,455   WARNING  obico.moonraker_conn - api key is unset, trying to fetch one
2024-03-06 10:00:09,462      INFO  obico.moonraker_conn - connection is open
2024-03-06 10:00:09,560      INFO  obico.moonraker_conn - Klippy ready
2024-03-06 10:00:10,136   WARNING  obico.app - error response from moonraker, Event(name='message', data={'jsonrpc': '2.0', 'error': {'code': 400, 'message': 'Invalid argument'}, 'id': 57194}, sender='moonrakerconn')
2024-03-06 10:00:10,136      INFO  obico.janus - Starting webcam streamer
2024-03-06 10:00:10,140      INFO  obico.app - detected state change: Offline -> Operational
2024-03-06 10:00:10,379   WARNING  obico.janus - Janus setup failed. Skipping Janus connection. Error: 
b"dpkg-query: package 'janus' is not installed\nUse dpkg --contents (= dpkg-deb --contents) to list archive files contents.\n"
2024-03-06 10:00:11,145      INFO  backoff - Backing off wait_for_janus(...) for 0.8s (ConnectionRefusedError: [Errno 111] Connection refused)
2024-03-06 10:00:12,970      INFO  backoff - Backing off wait_for_janus(...) for 0.2s (ConnectionRefusedError: [Errno 111] Connection refused)
2024-03-06 10:00:14,213      INFO  backoff - Backing off wait_for_janus(...) for 3.5s (ConnectionRefusedError: [Errno 111] Connection refused)
2024-03-06 10:00:19,491      INFO  backoff - Backing off wait_for_janus(...) for 7.6s (ConnectionRefusedError: [Errno 111] Connection refused)
2024-03-06 10:00:28,132      INFO  backoff - Backing off wait_for_janus(...) for 13.0s (ConnectionRefusedError: [Errno 111] Connection refused)
2024-03-06 10:00:42,105      INFO  backoff - Backing off wait_for_janus(...) for 21.3s (ConnectionRefusedError: [Errno 111] Connection refused)
2024-03-06 10:01:04,412      INFO  backoff - Backing off wait_for_janus(...) for 48.0s (ConnectionRefusedError: [Errno 111] Connection refused)
2024-03-06 10:01:53,509      INFO  backoff - Backing off wait_for_janus(...) for 95.7s (ConnectionRefusedError: [Errno 111] Connection refused)
2024-03-06 10:03:30,281      INFO  backoff - Backing off wait_for_janus(...) for 245.3s (ConnectionRefusedError: [Errno 111] Connection refused)
2024-03-06 10:07:36,596     ERROR  backoff - Giving up wait_for_janus(...) after 10 tries (ConnectionRefusedError: [Errno 111] Connection refused)
2024-03-06 18:05:27,403      INFO  backoff - Backing off capture_jpeg(...) for 0.2s (AttributeError: 'ServerConn' object has no attribute 'snapshot_url')
2024-03-06 18:05:27,633      INFO  backoff - Backing off capture_jpeg(...) for 0.6s (AttributeError: 'ServerConn' object has no attribute 'snapshot_url')
2024-03-06 18:05:28,214     ERROR  backoff - Giving up capture_jpeg(...) after 3 tries (AttributeError: 'ServerConn' object has no attribute 'snapshot_url')
2024-03-06 18:05:28,214   WARNING  obico.server_conn - Failed to capture jpeg - 'ServerConn' object has no attribute 'snapshot_url'
2024-03-06 18:10:51,466      INFO  obico.app - detected state change: Operational -> Printing
2024-03-06 18:10:51,847      INFO  obico.app - print event: PrintStarted (1709745051)
2024-03-06 18:10:52,222      INFO  backoff - Backing off capture_jpeg(...) for 0.8s (requests.exceptions.HTTPError: 502 Server Error: Bad Gateway for url: http://localhost/webcam/?action=snapshot)
2024-03-06 18:10:53,024      INFO  backoff - Backing off capture_jpeg(...) for 0.9s (requests.exceptions.HTTPError: 502 Server Error: Bad Gateway for url: http://localhost/webcam/?action=snapshot)
2024-03-06 18:10:53,887     ERROR  backoff - Giving up capture_jpeg(...) after 3 tries (requests.exceptions.HTTPError: 502 Server Error: Bad Gateway for url: http://localhost/webcam/?action=snapshot)
2024-03-06 18:10:53,888   WARNING  obico.webcam_capture - Failed to capture jpeg - 502 Server Error: Bad Gateway for url: http://localhost/webcam/?action=snapshot
2024-03-06 18:12:52,905      INFO  backoff - Backing off capture_jpeg(...) for 0.4s (requests.exceptions.HTTPError: 502 Server Error: Bad Gateway for url: http://localhost/webcam/?action=snapshot)
2024-03-06 18:12:53,346      INFO  backoff - Backing off capture_jpeg(...) for 1.9s (requests.exceptions.HTTPError: 502 Server Error: Bad Gateway for url: http://localhost/webcam/?action=snapshot)
2024-03-06 18:12:55,263     ERROR  backoff - Giving up capture_jpeg(...) after 3 tries (requests.exceptions.HTTPError: 502 Server Error: Bad Gateway for url: http://localhost/webcam/?action=snapshot)
2024-03-06 18:12:55,264   WARNING  obico.webcam_capture - Failed to capture jpeg - 502 Server Error: Bad Gateway for url: http://localhost/webcam/?action=snapshot
2024-03-06 18:14:53,279      INFO  backoff - Backing off capture_jpeg(...) for 0.8s (requests.exceptions.HTTPError: 502 Server Error: Bad Gateway for url: http://localhost/webcam/?action=snapshot)
2024-03-06 18:14:54,097      INFO  backoff - Backing off capture_jpeg(...) for 1.3s (requests.exceptions.HTTPError: 502 Server Error: Bad Gateway for url: http://localhost/webcam/?action=snapshot)
2024-03-06 18:14:55,401     ERROR  backoff - Giving up capture_jpeg(...) after 3 tries (requests.exceptions.HTTPError: 502 Server Error: Bad Gateway for url: http://localhost/webcam/?action=snapshot)
2024-03-06 18:14:55,401   WARNING  obico.webcam_capture - Failed to capture jpeg - 502 Server Error: Bad Gateway for url: http://localhost/webcam/?action=snapshot
2024-03-06 18:16:53,418      INFO  backoff - Backing off capture_jpeg(...) for 0.4s (requests.exceptions.HTTPError: 502 Server Error: Bad Gateway for url: http://localhost/webcam/?action=snapshot)
2024-03-06 18:16:53,784      INFO  backoff - Backing off capture_jpeg(...) for 0.4s (requests.exceptions.HTTPError: 502 Server Error: Bad Gateway for url: http://localhost/webcam/?action=snapshot)
2024-03-06 18:16:54,172     ERROR  backoff - Giving up capture_jpeg(...) after 3 tries (requests.exceptions.HTTPError: 502 Server Error: Bad Gateway for url: http://localhost/webcam/?action=snapshot)
2024-03-06 18:16:54,172   WARNING  obico.webcam_capture - Failed to capture jpeg - 502 Server Error: Bad Gateway for url: http://localhost/webcam/?action=snapshot
2024-03-06 18:18:54,189      INFO  backoff - Backing off capture_jpeg(...) for 1.0s (requests.exceptions.HTTPError: 502 Server Error: Bad Gateway for url: http://localhost/webcam/?action=snapshot)
2024-03-06 18:18:55,175      INFO  backoff - Backing off capture_jpeg(...) for 2.0s (requests.exceptions.HTTPError: 502 Server Error: Bad Gateway for url: http://localhost/webcam/?action=snapshot)
2024-03-06 18:18:57,171     ERROR  backoff - Giving up capture_jpeg(...) after 3 tries (requests.exceptions.HTTPError: 502 Server Error: Bad Gateway for url: http://localhost/webcam/?action=snapshot)
2024-03-06 18:18:57,172   WARNING  obico.webcam_capture - Failed to capture jpeg - 502 Server Error: Bad Gateway for url: http://localhost/webcam/?action=snapshot
2024-03-06 18:20:55,189      INFO  backoff - Backing off capture_jpeg(...) for 0.3s (requests.exceptions.HTTPError: 502 Server Error: Bad Gateway for url: http://localhost/webcam/?action=snapshot)
2024-03-06 18:20:55,530      INFO  backoff - Backing off capture_jpeg(...) for 0.7s (requests.exceptions.HTTPError: 502 Server Error: Bad Gateway for url: http://localhost/webcam/?action=snapshot)
2024-03-06 18:20:56,220     ERROR  backoff - Giving up capture_jpeg(...) after 3 tries (requests.exceptions.HTTPError: 502 Server Error: Bad Gateway for url: http://localhost/webcam/?action=snapshot)
2024-03-06 18:20:56,220   WARNING  obico.webcam_capture - Failed to capture jpeg - 502 Server Error: Bad Gateway for url: http://localhost/webcam/?action=snapshot
2024-03-06 18:22:55,236      INFO  backoff - Backing off capture_jpeg(...) for 0.1s (requests.exceptions.HTTPError: 502 Server Error: Bad Gateway for url: http://localhost/webcam/?action=snapshot)
2024-03-06 18:22:55,345      INFO  backoff - Backing off capture_jpeg(...) for 1.0s (requests.exceptions.HTTPError: 502 Server Error: Bad Gateway for url: http://localhost/webcam/?action=snapshot)
2024-03-06 18:22:56,306     ERROR  backoff - Giving up capture_jpeg(...) after 3 tries (requests.exceptions.HTTPError: 502 Server Error: Bad Gateway for url: http://localhost/webcam/?action=snapshot)
2024-03-06 18:22:56,307   WARNING  obico.webcam_capture - Failed to capture jpeg - 502 Server Error: Bad Gateway for url: http://localhost/webcam/?action=snapshot
2024-03-06 18:24:55,323      INFO  backoff - Backing off capture_jpeg(...) for 0.7s (requests.exceptions.HTTPError: 502 Server Error: Bad Gateway for url: http://localhost/webcam/?action=snapshot)
2024-03-06 18:24:56,049      INFO  backoff - Backing off capture_jpeg(...) for 1.5s (requests.exceptions.HTTPError: 502 Server Error: Bad Gateway for url: http://localhost/webcam/?action=snapshot)
2024-03-06 18:24:57,509     ERROR  backoff - Giving up capture_jpeg(...) after 3 tries (requests.exceptions.HTTPError: 502 Server Error: Bad Gateway for url: http://localhost/webcam/?action=snapshot)
2024-03-06 18:24:57,509   WARNING  obico.webcam_capture - Failed to capture jpeg - 502 Server Error: Bad Gateway for url: http://localhost/webcam/?action=snapshot
2024-03-06 18:26:55,526      INFO  backoff - Backing off capture_jpeg(...) for 0.3s (requests.exceptions.HTTPError: 502 Server Error: Bad Gateway for url: http://localhost/webcam/?action=snapshot)
2024-03-06 18:26:55,788      INFO  backoff - Backing off capture_jpeg(...) for 1.7s (requests.exceptions.HTTPError: 502 Server Error: Bad Gateway for url: http://localhost/webcam/?action=snapshot)
2024-03-06 18:26:57,535     ERROR  backoff - Giving up capture_jpeg(...) after 3 tries (requests.exceptions.HTTPError: 502 Server Error: Bad Gateway for url: http://localhost/webcam/?action=snapshot)
2024-03-06 18:26:57,536   WARNING  obico.webcam_capture - Failed to capture jpeg - 502 Server Error: Bad Gateway for url: http://localhost/webcam/?action=snapshot
2024-03-06 18:28:55,553      INFO  backoff - Backing off capture_jpeg(...) for 0.6s (requests.exceptions.HTTPError: 502 Server Error: Bad Gateway for url: http://localhost/webcam/?action=snapshot)
2024-03-06 18:28:56,125      INFO  backoff - Backing off capture_jpeg(...) for 1.9s (requests.exceptions.HTTPError: 502 Server Error: Bad Gateway for url: http://localhost/webcam/?action=snapshot)
2024-03-06 18:28:58,060     ERROR  backoff - Giving up capture_jpeg(...) after 3 tries (requests.exceptions.HTTPError: 502 Server Error: Bad Gateway for url: http://localhost/webcam/?action=snapshot)
2024-03-06 18:28:58,060   WARNING  obico.webcam_capture - Failed to capture jpeg - 502 Server Error: Bad Gateway for url: http://localhost/webcam/?action=snapshot
