2024-04-23 10:09:47,894 - INFO - Waiting to predict with Gadget because the printer is warming up.
2024-04-23 10:10:18,225 - INFO - Waiting to predict with Gadget because the printer is warming up.
2024-04-23 10:10:32,267 - INFO - NotificationsHandler successfully sent 'firstlayerdone'
2024-04-23 10:10:49,778 - INFO - Gadget HostLock set to: gadget-ams.octoeverywhere.com
2024-04-23 10:15:24,506 - INFO - NotificationsHandler successfully sent 'progress'
2024-04-23 10:19:45,410 - INFO - NotificationsHandler successfully sent 'progress'
2024-04-23 10:19:51,636 - INFO - First layer timer is done. Stopping.
2024-04-23 10:19:51,637 - INFO - RepeatTimer thread exit
2024-04-23 10:19:52,349 - INFO - NotificationsHandler successfully sent 'thirdlayerdone'
2024-04-23 10:22:56,855 - INFO - NotificationsHandler successfully sent 'progress'
2024-04-23 10:25:37,761 - INFO - NotificationsHandler successfully sent 'progress'
2024-04-23 10:29:30,612 - INFO - NotificationsHandler successfully sent 'progress'
2024-04-23 10:32:27,898 - INFO - NotificationsHandler successfully sent 'progress'
2024-04-23 10:36:40,992 - INFO - NotificationsHandler successfully sent 'progress'
2024-04-23 10:41:12,329 - INFO - NotificationsHandler successfully sent 'progress'
2024-04-23 10:45:48,531 - INFO - NotificationsHandler successfully sent 'progress'
2024-04-23 10:49:30,812 - INFO - Starting FinalSnap
2024-04-23 10:51:04,070 - INFO - Gadget has stopped watching!
2024-04-23 10:51:04,071 - INFO - RepeatTimer thread exit
2024-04-23 10:51:04,071 - INFO - RepeatTimer thread exit
2024-04-23 10:51:04,571 - INFO - Stopping final snap and using snapshot from ~9.0 sec ago, index slot 9 / 40
2024-04-23 10:51:04,571 - INFO - RepeatTimer thread exit
2024-04-23 10:51:05,280 - INFO - NotificationsHandler successfully sent 'done'
2024-04-23 11:03:59,504 - INFO - FileMetadataCache updated for file [frajda3_36m_0.20mm_205C_PLA_ENDER3.gcode]; est time: 2152.0, size: 1177, filament usage: 1627
2024-04-23 11:03:59,504 - INFO - Print Manager recovered a print info from disk matching cookie: frajda3_36m_0.20mm_205C_PLA_ENDER3.gcode
2024-04-23 11:03:59,505 - INFO - Gadget HostLock cleared
2024-04-23 11:03:59,505 - INFO - Gadget is now watching!
2024-04-23 11:03:59,505 - INFO - New print started; PrintId: KnR683ZYZdya6GQXs7uvytgWZgF7xtXASVKLkR4EohHQgUZGsU1spRSLjawf file:frajda3_36m_0.20mm_205C_PLA_ENDER3.gcode size:1177 filament:1627
2024-04-23 11:04:00,736 - INFO - NotificationsHandler successfully sent 'started'
2024-04-23 11:04:29,825 - INFO - Waiting to predict with Gadget because the printer is warming up.
2024-04-23 11:05:00,147 - INFO - Waiting to predict with Gadget because the printer is warming up.
2024-04-23 11:05:30,477 - INFO - Waiting to predict with Gadget because the printer is warming up.
2024-04-23 11:06:00,801 - INFO - Waiting to predict with Gadget because the printer is warming up.
2024-04-23 11:06:31,126 - INFO - Waiting to predict with Gadget because the printer is warming up.
2024-04-23 11:06:50,904 - INFO - NotificationsHandler successfully sent 'firstlayerdone'
2024-04-23 11:07:03,238 - INFO - Gadget HostLock set to: gadget-fra.octoeverywhere.com
2024-04-23 11:11:41,423 - INFO - NotificationsHandler successfully sent 'progress'
2024-04-23 11:15:58,795 - INFO - NotificationsHandler successfully sent 'progress'
2024-04-23 11:16:08,074 - INFO - First layer timer is done. Stopping.
2024-04-23 11:16:08,075 - INFO - RepeatTimer thread exit
2024-04-23 11:16:08,809 - INFO - NotificationsHandler successfully sent 'thirdlayerdone'
2024-04-23 11:19:13,833 - INFO - NotificationsHandler successfully sent 'progress'
2024-04-23 11:21:55,251 - INFO - NotificationsHandler successfully sent 'progress'
2024-04-23 11:25:50,554 - INFO - NotificationsHandler successfully sent 'progress'
2024-04-23 11:28:44,009 - INFO - NotificationsHandler successfully sent 'progress'
2024-04-23 11:32:56,457 - INFO - NotificationsHandler successfully sent 'progress'
2024-04-23 11:37:26,712 - INFO - NotificationsHandler successfully sent 'progress'
2024-04-23 11:42:02,654 - INFO - NotificationsHandler successfully sent 'progress'
2024-04-23 11:47:20,963 - INFO - Gadget has stopped watching!
2024-04-23 11:47:20,964 - INFO - RepeatTimer thread exit
2024-04-23 11:47:20,965 - INFO - RepeatTimer thread exit
2024-04-23 11:47:21,885 - INFO - NotificationsHandler successfully sent 'done'
